credweb.exe: 000031BC: 20:10:56 [TUniServerModule]:Shutting Down Server.
credweb.exe: 000031BC: 20:10:56 [TUniServerModule]:Stopping HTTP Server.
credweb.exe: 000031BC: 20:10:57 [TUniServerModule]:HTTP Server Stopped.
credweb.exe: 000031BC: 20:10:57 [TUniGUISessionManager]:Terminating Session manager.
credweb.exe: 000031BC: 20:10:57 [TUniGUISessionManager]:Stopping Cache Eraser...
credweb.exe: 000031BC: 20:10:57 [TUniGUISessionManager]:Cache Eraser Stopped.
credweb.exe: 000031BC: 20:10:57 [TUniGUISessionManager]:Destroying Worker Threads.
credweb.exe: 000031BC: 20:10:57 [TUniGUISessionManager]:Session manager terminated.
credweb.exe: 000031BC: 20:10:57 [TUniServerModule]:Server Shutdown Completed.
credweb.exe: 000031BC: 20:10:57 []:<-------------------------------------------------------------->
credweb.exe: 000031BC: 20:10:57 [Terminated]:Exit Code: 0
credweb.exe: 00003078: 20:26:07 []:>--------------------------------------------------------------<
credweb.exe: 00003078: 20:26:07 [TUniServerModule]:Server First Init.
credweb.exe: 00003078: 20:26:07 [TUniServerModule]:Starting HTTP Server on Port: 8077...
credweb.exe: 00003078: 20:26:07 [TUniServerModule]:HTTP Server Started on Port: 8077
credweb.exe: 00003BC4: 20:26:08 [127.0.0.1]:EUniSessionException : Sua sessão expirou. Por favor, recarregue a página. : Addr: $007CC92F
credweb.exe: 00003078: 20:29:04 [TUniServerModule]:Shutting Down Server.
credweb.exe: 00003078: 20:29:04 [TUniServerModule]:Stopping HTTP Server.
credweb.exe: 00003078: 20:29:05 [TUniServerModule]:HTTP Server Stopped.
credweb.exe: 00003078: 20:29:05 [TUniGUISessionManager]:Terminating Session manager.
credweb.exe: 00003078: 20:29:05 [TUniGUISessionManager]:Stopping Cache Eraser...
credweb.exe: 00003078: 20:29:05 [TUniGUISessionManager]:Cache Eraser Stopped.
credweb.exe: 00003078: 20:29:05 [TUniGUISessionManager]:Destroying Worker Threads.
credweb.exe: 00003078: 20:29:05 [TUniGUISessionManager]:Session manager terminated.
credweb.exe: 00003078: 20:29:05 [TUniServerModule]:Server Shutdown Completed.
credweb.exe: 00003078: 20:29:05 []:<-------------------------------------------------------------->
credweb.exe: 00003078: 20:29:05 [Terminated]:Exit Code: 0
credweb.exe: 000037A4: 20:29:13 []:>--------------------------------------------------------------<
credweb.exe: 000037A4: 20:29:13 [TUniServerModule]:Server First Init.
credweb.exe: 000037A4: 20:29:13 [TUniServerModule]:Starting HTTP Server on Port: 8077...
credweb.exe: 000037A4: 20:29:13 [TUniServerModule]:HTTP Server Started on Port: 8077
credweb.exe: 0000256C: 20:29:18 [127.0.0.1]:EUniSessionException : Sua sessão expirou. Por favor, recarregue a página. : Addr: $007CCBDB
credweb.exe: 00004198: 20:29:39 [127.0.0.1]:EFOpenError : Cannot open file "C:\Projetos\Projeto Cred Jovem\Sistema\Win32\Debug\arquivos\CONTRA CHEQUES.pdf". O sistema não pode encontrar o caminho especificado : Addr: $00477C6B
credweb.exe: 000037A4: 20:39:23 [TUniServerModule]:Shutting Down Server.
credweb.exe: 000037A4: 20:39:23 [TUniServerModule]:Stopping HTTP Server.
credweb.exe: 000037A4: 20:39:23 [TUniServerModule]:HTTP Server Stopped.
credweb.exe: 000037A4: 20:39:23 [TUniGUISessionManager]:Terminating Session manager.
credweb.exe: 000037A4: 20:39:23 [TUniGUISessionManager]:Stopping Cache Eraser...
credweb.exe: 000037A4: 20:39:23 [TUniGUISessionManager]:Cache Eraser Stopped.
credweb.exe: 000037A4: 20:39:23 [TUniGUISessionManager]:Destroying Worker Threads.
credweb.exe: 000037A4: 20:39:23 [TUniGUISessionManager]:Session manager terminated.
credweb.exe: 000037A4: 20:39:24 [TUniServerModule]:Server Shutdown Completed.
credweb.exe: 000037A4: 20:39:24 []:<-------------------------------------------------------------->
credweb.exe: 000037A4: 20:39:24 [Terminated]:Exit Code: 0
credweb.exe: 00003C50: 20:55:27 []:>--------------------------------------------------------------<
credweb.exe: 00003C50: 20:55:27 [TUniServerModule]:Server First Init.
credweb.exe: 00003C50: 20:55:27 [TUniServerModule]:Starting HTTP Server on Port: 8077...
credweb.exe: 00003C50: 20:55:27 [TUniServerModule]:HTTP Server Started on Port: 8077
credweb.exe: 00000B24: 20:55:30 [127.0.0.1]:EUniSessionException : Sua sessão expirou. Por favor, recarregue a página. : Addr: $007CCBDB
credweb.exe: 00001C60: 20:56:09 [127.0.0.1]:EIBNativeException : [FireDAC][Phys][FB]Dynamic SQL Error
SQL error code = -104
Token unknown - line 2, column 18
: : Addr: $0088B497
credweb.exe: 00003C50: 20:56:59 [TUniServerModule]:Shutting Down Server.
credweb.exe: 00003C50: 20:56:59 [TUniServerModule]:Stopping HTTP Server.
credweb.exe: 00003C50: 20:57:00 [TUniServerModule]:HTTP Server Stopped.
credweb.exe: 00003C50: 20:57:00 [TUniGUISessionManager]:Terminating Session manager.
credweb.exe: 00003C50: 20:57:00 [TUniGUISessionManager]:Stopping Cache Eraser...
credweb.exe: 00003C50: 20:57:00 [TUniGUISessionManager]:Cache Eraser Stopped.
credweb.exe: 00003C50: 20:57:00 [TUniGUISessionManager]:Destroying Worker Threads.
credweb.exe: 00003C50: 20:57:00 [TUniGUISessionManager]:Session manager terminated.
credweb.exe: 00003C50: 20:57:00 [TUniServerModule]:Server Shutdown Completed.
credweb.exe: 00003C50: 20:57:00 []:<-------------------------------------------------------------->
credweb.exe: 00003C50: 20:57:00 [Terminated]:Exit Code: 0
credweb.exe: 000009A0: 20:57:06 []:>--------------------------------------------------------------<
credweb.exe: 000009A0: 20:57:06 [TUniServerModule]:Server First Init.
credweb.exe: 000009A0: 20:57:06 [TUniServerModule]:Starting HTTP Server on Port: 8077...
credweb.exe: 000009A0: 20:57:06 [TUniServerModule]:HTTP Server Started on Port: 8077
credweb.exe: 00000950: 20:57:08 [127.0.0.1]:EUniSessionException : Sua sessão expirou. Por favor, recarregue a página. : Addr: $007CCBDB
credweb.exe: 00000568: 20:57:37 [127.0.0.1]:EIBNativeException : [FireDAC][Phys][FB]conversion error from string "0" : Addr: $0088B497
credweb.exe: 000009A0: 20:58:03 [TUniServerModule]:Shutting Down Server.
credweb.exe: 000009A0: 20:58:03 [TUniServerModule]:Stopping HTTP Server.
credweb.exe: 000009A0: 20:58:04 [TUniServerModule]:HTTP Server Stopped.
credweb.exe: 000009A0: 20:58:04 [TUniGUISessionManager]:Terminating Session manager.
credweb.exe: 000009A0: 20:58:04 [TUniGUISessionManager]:Stopping Cache Eraser...
credweb.exe: 000009A0: 20:58:05 [TUniGUISessionManager]:Cache Eraser Stopped.
credweb.exe: 000009A0: 20:58:05 [TUniGUISessionManager]:Destroying Worker Threads.
credweb.exe: 000009A0: 20:58:05 [TUniGUISessionManager]:Session manager terminated.
credweb.exe: 000009A0: 20:58:05 [TUniServerModule]:Server Shutdown Completed.
credweb.exe: 000009A0: 20:58:05 []:<-------------------------------------------------------------->
credweb.exe: 000009A0: 20:58:05 [Terminated]:Exit Code: 0
credweb.exe: 00002FBC: 20:58:10 []:>--------------------------------------------------------------<
credweb.exe: 00002FBC: 20:58:10 [TUniServerModule]:Server First Init.
credweb.exe: 00002FBC: 20:58:10 [TUniServerModule]:Starting HTTP Server on Port: 8077...
credweb.exe: 00002FBC: 20:58:10 [TUniServerModule]:HTTP Server Started on Port: 8077
credweb.exe: 000031D4: 20:58:12 [127.0.0.1]:EUniSessionException : Sua sessão expirou. Por favor, recarregue a página. : Addr: $007CCBDB
credweb.exe: 00002FBC: 20:59:26 [TUniServerModule]:Shutting Down Server.
credweb.exe: 00002FBC: 20:59:26 [TUniServerModule]:Stopping HTTP Server.
credweb.exe: 00002FBC: 20:59:27 [TUniServerModule]:HTTP Server Stopped.
credweb.exe: 00002FBC: 20:59:27 [TUniGUISessionManager]:Terminating Session manager.
credweb.exe: 00002FBC: 20:59:27 [TUniGUISessionManager]:Stopping Cache Eraser...
credweb.exe: 00002FBC: 20:59:27 [TUniGUISessionManager]:Cache Eraser Stopped.
credweb.exe: 00002FBC: 20:59:27 [TUniGUISessionManager]:Destroying Worker Threads.
credweb.exe: 00002FBC: 20:59:27 [TUniGUISessionManager]:Session manager terminated.
credweb.exe: 00002FBC: 20:59:27 [TUniServerModule]:Server Shutdown Completed.
credweb.exe: 00002FBC: 20:59:27 []:<-------------------------------------------------------------->
credweb.exe: 00002FBC: 20:59:27 [Terminated]:Exit Code: 0
credweb.exe: 00001DAC: 20:59:32 []:>--------------------------------------------------------------<
credweb.exe: 00001DAC: 20:59:32 [TUniServerModule]:Server First Init.
credweb.exe: 00001DAC: 20:59:32 [TUniServerModule]:Starting HTTP Server on Port: 8077...
credweb.exe: 00001DAC: 20:59:32 [TUniServerModule]:HTTP Server Started on Port: 8077
credweb.exe: 000035A0: 20:59:37 [127.0.0.1]:EUniSessionException : Sua sessão expirou. Por favor, recarregue a página. : Addr: $007CCBDB
credweb.exe: 00000EB0: 21:06:03 [127.0.0.1]:EUniSessionException : Sua sessão expirou. Por favor, recarregue a página. : Addr: $007CCBDB
credweb.exe: 00001DAC: 21:11:16 [TUniServerModule]:Shutting Down Server.
credweb.exe: 00001DAC: 21:11:16 [TUniServerModule]:Stopping HTTP Server.
credweb.exe: 00001DAC: 21:11:16 [TUniServerModule]:HTTP Server Stopped.
credweb.exe: 00001DAC: 21:11:16 [TUniGUISessionManager]:Terminating Session manager.
credweb.exe: 00001DAC: 21:11:16 [TUniGUISessionManager]:Stopping Cache Eraser...
credweb.exe: 00001DAC: 21:11:17 [TUniGUISessionManager]:Cache Eraser Stopped.
credweb.exe: 00001DAC: 21:11:17 [TUniGUISessionManager]:Destroying Worker Threads.
credweb.exe: 00001DAC: 21:11:17 [TUniGUISessionManager]:Session manager terminated.
credweb.exe: 00001DAC: 21:11:17 [TUniServerModule]:Server Shutdown Completed.
credweb.exe: 00001DAC: 21:11:17 []:<-------------------------------------------------------------->
credweb.exe: 00001DAC: 21:11:17 [Terminated]:Exit Code: 0
credweb.exe: 000034C0: 21:11:32 []:>--------------------------------------------------------------<
credweb.exe: 000034C0: 21:11:32 [TUniServerModule]:Server First Init.
credweb.exe: 000034C0: 21:11:32 [TUniServerModule]:Starting HTTP Server on Port: 8077...
credweb.exe: 000034C0: 21:11:32 [TUniServerModule]:HTTP Server Started on Port: 8077
credweb.exe: 00003180: 21:11:37 [127.0.0.1]:EUniSessionException : Sua sessão expirou. Por favor, recarregue a página. : Addr: $007CCBDB
credweb.exe: 00003428: 21:11:54 [127.0.0.1]:EUniSessionException : Sua sessão expirou. Por favor, recarregue a página. : Addr: $007CCBDB
credweb.exe: 000034C0: 21:13:54 [TUniServerModule]:Shutting Down Server.
credweb.exe: 000034C0: 21:13:54 [TUniServerModule]:Stopping HTTP Server.
credweb.exe: 000034C0: 21:13:55 [TUniServerModule]:HTTP Server Stopped.
credweb.exe: 000034C0: 21:13:55 [TUniGUISessionManager]:Terminating Session manager.
credweb.exe: 000034C0: 21:13:55 [TUniGUISessionManager]:Stopping Cache Eraser...
credweb.exe: 000034C0: 21:13:55 [TUniGUISessionManager]:Cache Eraser Stopped.
credweb.exe: 000034C0: 21:13:55 [TUniGUISessionManager]:Destroying Worker Threads.
credweb.exe: 000034C0: 21:13:55 [TUniGUISessionManager]:Session manager terminated.
credweb.exe: 000034C0: 21:13:55 [TUniServerModule]:Server Shutdown Completed.
credweb.exe: 000034C0: 21:13:55 []:<-------------------------------------------------------------->
credweb.exe: 000034C0: 21:13:55 [Terminated]:Exit Code: 0
credweb.exe: 00002440: 21:14:00 []:>--------------------------------------------------------------<
credweb.exe: 00002440: 21:14:00 [TUniServerModule]:Server First Init.
credweb.exe: 00002440: 21:14:00 [TUniServerModule]:Starting HTTP Server on Port: 8077...
credweb.exe: 00002440: 21:14:00 [TUniServerModule]:HTTP Server Started on Port: 8077
credweb.exe: 00003F24: 21:14:18 [127.0.0.1]:EUniSessionException : Sua sessão expirou. Por favor, recarregue a página. : Addr: $007CCBDB
credweb.exe: 00002440: 21:14:24 [TUniServerModule]:Shutting Down Server.
credweb.exe: 00002440: 21:14:24 [TUniServerModule]:Stopping HTTP Server.
credweb.exe: 00002440: 21:14:25 [TUniServerModule]:HTTP Server Stopped.
credweb.exe: 00002440: 21:14:25 [TUniGUISessionManager]:Terminating Session manager.
credweb.exe: 00002440: 21:14:25 [TUniGUISessionManager]:Stopping Cache Eraser...
credweb.exe: 00002440: 21:14:25 [TUniGUISessionManager]:Cache Eraser Stopped.
credweb.exe: 00002440: 21:14:25 [TUniGUISessionManager]:Destroying Worker Threads.
credweb.exe: 00002440: 21:14:25 [TUniGUISessionManager]:Session manager terminated.
credweb.exe: 00002440: 21:14:25 [TUniServerModule]:Server Shutdown Completed.
credweb.exe: 00002440: 21:14:25 []:<-------------------------------------------------------------->
credweb.exe: 00002440: 21:14:25 [Terminated]:Exit Code: 0
credweb.exe: 000041C4: 21:14:31 []:>--------------------------------------------------------------<
credweb.exe: 000041C4: 21:14:31 [TUniServerModule]:Server First Init.
credweb.exe: 000041C4: 21:14:31 [TUniServerModule]:Starting HTTP Server on Port: 8077...
credweb.exe: 000041C4: 21:14:31 [TUniServerModule]:HTTP Server Started on Port: 8077
credweb.exe: 00003470: 21:14:39 [127.0.0.1]:EUniSessionException : Sua sessão expirou. Por favor, recarregue a página. : Addr: $007CCBDB
credweb.exe: 000041C4: 21:15:41 [TUniServerModule]:Shutting Down Server.
credweb.exe: 000041C4: 21:15:41 [TUniServerModule]:Stopping HTTP Server.
credweb.exe: 000041C4: 21:15:42 [TUniServerModule]:HTTP Server Stopped.
credweb.exe: 000041C4: 21:15:42 [TUniGUISessionManager]:Terminating Session manager.
credweb.exe: 000041C4: 21:15:42 [TUniGUISessionManager]:Stopping Cache Eraser...
credweb.exe: 000041C4: 21:15:42 [TUniGUISessionManager]:Cache Eraser Stopped.
credweb.exe: 000041C4: 21:15:42 [TUniGUISessionManager]:Destroying Worker Threads.
credweb.exe: 000041C4: 21:15:42 [TUniGUISessionManager]:Session manager terminated.
credweb.exe: 000041C4: 21:15:42 [TUniServerModule]:Server Shutdown Completed.
credweb.exe: 000041C4: 21:15:42 []:<-------------------------------------------------------------->
credweb.exe: 000041C4: 21:15:42 [Terminated]:Exit Code: 0
credweb.exe: 00003888: 21:17:38 []:>--------------------------------------------------------------<
credweb.exe: 00003888: 21:17:38 [TUniServerModule]:Server First Init.
credweb.exe: 00003888: 21:17:38 [TUniServerModule]:Starting HTTP Server on Port: 8077...
credweb.exe: 00003888: 21:17:38 [TUniServerModule]:HTTP Server Started on Port: 8077
credweb.exe: 000015D4: 21:17:41 [127.0.0.1]:EUniSessionException : Sua sessão expirou. Por favor, recarregue a página. : Addr: $007CCBDB
credweb.exe: 000003DC: 21:18:01 [127.0.0.1]:EUniSessionException : Sua sessão expirou. Por favor, recarregue a página. : Addr: $007CCBDB
credweb.exe: 000033A0: 21:18:39 [127.0.0.1]:EVariantTypeCastError : Could not convert variant of type (Null) into type (OleStr) : Addr: $0043A584
credweb.exe: 00003888: 21:20:58 [TUniServerModule]:Shutting Down Server.
credweb.exe: 00003888: 21:20:58 [TUniServerModule]:Stopping HTTP Server.
credweb.exe: 00003888: 21:20:59 [TUniServerModule]:HTTP Server Stopped.
credweb.exe: 00003888: 21:20:59 [TUniGUISessionManager]:Terminating Session manager.
credweb.exe: 00003888: 21:20:59 [TUniGUISessionManager]:Stopping Cache Eraser...
credweb.exe: 00003888: 21:20:59 [TUniGUISessionManager]:Cache Eraser Stopped.
credweb.exe: 00003888: 21:20:59 [TUniGUISessionManager]:Destroying Worker Threads.
credweb.exe: 00003888: 21:20:59 [TUniGUISessionManager]:Session manager terminated.
credweb.exe: 00003888: 21:20:59 [TUniServerModule]:Server Shutdown Completed.
credweb.exe: 00003888: 21:20:59 []:<-------------------------------------------------------------->
credweb.exe: 00003888: 21:20:59 [Terminated]:Exit Code: 0
credweb.exe: 00003A74: 21:21:15 []:>--------------------------------------------------------------<
credweb.exe: 00003A74: 21:21:15 [TUniServerModule]:Server First Init.
credweb.exe: 00003A74: 21:21:15 [TUniServerModule]:Starting HTTP Server on Port: 8077...
credweb.exe: 00003A74: 21:21:15 [TUniServerModule]:HTTP Server Started on Port: 8077
credweb.exe: 000035D4: 21:21:18 [127.0.0.1]:EUniSessionException : Sua sessão expirou. Por favor, recarregue a página. : Addr: $007CCBDB
credweb.exe: 000032A0: 21:21:59 [127.0.0.1]:EVariantTypeCastError : Could not convert variant of type (Null) into type (OleStr) : Addr: $0043A584
credweb.exe: 00003A74: 21:22:28 [TUniServerModule]:Shutting Down Server.
credweb.exe: 00003A74: 21:22:28 [TUniServerModule]:Stopping HTTP Server.
credweb.exe: 00003A74: 21:22:29 [TUniServerModule]:HTTP Server Stopped.
credweb.exe: 00003A74: 21:22:29 [TUniGUISessionManager]:Terminating Session manager.
credweb.exe: 00003A74: 21:22:29 [TUniGUISessionManager]:Stopping Cache Eraser...
credweb.exe: 00003A74: 21:22:29 [TUniGUISessionManager]:Cache Eraser Stopped.
credweb.exe: 00003A74: 21:22:29 [TUniGUISessionManager]:Destroying Worker Threads.
credweb.exe: 00003A74: 21:22:29 [TUniGUISessionManager]:Session manager terminated.
credweb.exe: 00003A74: 21:22:29 [TUniServerModule]:Server Shutdown Completed.
credweb.exe: 00003A74: 21:22:29 []:<-------------------------------------------------------------->
credweb.exe: 00003A74: 21:22:29 [Terminated]:Exit Code: 0
credweb.exe: 0000325C: 21:22:35 []:>--------------------------------------------------------------<
credweb.exe: 0000325C: 21:22:35 [TUniServerModule]:Server First Init.
credweb.exe: 0000325C: 21:22:35 [TUniServerModule]:Starting HTTP Server on Port: 8077...
credweb.exe: 0000325C: 21:22:35 [TUniServerModule]:HTTP Server Started on Port: 8077
credweb.exe: 00003DDC: 21:23:19 [127.0.0.1]:EUniSessionException : Sua sessão expirou. Por favor, recarregue a página. : Addr: $007CCBDB
credweb.exe: 00001AF0: 21:23:34 [127.0.0.1]:EVariantTypeCastError : Could not convert variant of type (Null) into type (OleStr) : Addr: $0043A584
credweb.exe: 0000325C: 21:24:13 [TUniServerModule]:Shutting Down Server.
credweb.exe: 0000325C: 21:24:13 [TUniServerModule]:Stopping HTTP Server.
credweb.exe: 0000325C: 21:24:14 [TUniServerModule]:HTTP Server Stopped.
credweb.exe: 0000325C: 21:24:14 [TUniGUISessionManager]:Terminating Session manager.
credweb.exe: 0000325C: 21:24:14 [TUniGUISessionManager]:Stopping Cache Eraser...
credweb.exe: 0000325C: 21:24:14 [TUniGUISessionManager]:Cache Eraser Stopped.
credweb.exe: 0000325C: 21:24:14 [TUniGUISessionManager]:Destroying Worker Threads.
credweb.exe: 0000325C: 21:24:14 [TUniGUISessionManager]:Session manager terminated.
credweb.exe: 0000325C: 21:24:14 [TUniServerModule]:Server Shutdown Completed.
credweb.exe: 0000325C: 21:24:14 []:<-------------------------------------------------------------->
credweb.exe: 0000325C: 21:24:14 [Terminated]:Exit Code: 0
credweb.exe: 000032B8: 21:24:56 []:>--------------------------------------------------------------<
credweb.exe: 000032B8: 21:24:56 [TUniServerModule]:Server First Init.
credweb.exe: 000032B8: 21:24:56 [TUniServerModule]:Starting HTTP Server on Port: 8077...
credweb.exe: 000032B8: 21:24:56 [TUniServerModule]:HTTP Server Started on Port: 8077
credweb.exe: 00000370: 21:25:00 [127.0.0.1]:EUniSessionException : Sua sessão expirou. Por favor, recarregue a página. : Addr: $007CCBDB
