credweb.exe: 00000428: 12:10:02 [TUniServerModule]:Shutting Down Server.
credweb.exe: 00000428: 12:10:02 [TUniServerModule]:Stopping HTTP Server.
credweb.exe: 00000428: 12:10:03 [TUniServerModule]:HTTP Server Stopped.
credweb.exe: 00000428: 12:10:03 [TUniGUISessionManager]:Terminating Session manager.
credweb.exe: 00000428: 12:10:03 [TUniGUISessionManager]:Stopping Cache Eraser...
credweb.exe: 00000428: 12:10:03 [TUniGUISessionManager]:Cache Eraser Stopped.
credweb.exe: 00000428: 12:10:03 [TUniGUISessionManager]:Destroying Worker Threads.
credweb.exe: 00000428: 12:10:03 [TUniGUISessionManager]:Session manager terminated.
credweb.exe: 00000428: 12:10:03 [TUniServerModule]:Server Shutdown Completed.
credweb.exe: 00000428: 12:10:03 []:<-------------------------------------------------------------->
credweb.exe: 00000428: 12:10:03 [Terminated]:Exit Code: 0
credweb.exe: 00001890: 14:03:37 []:>--------------------------------------------------------------<
credweb.exe: 00001890: 14:03:37 [TUniServerModule]:Server First Init.
credweb.exe: 00001890: 14:03:37 [TUniServerModule]:Starting HTTP Server on Port: 8077...
credweb.exe: 00001890: 14:03:37 [TUniServerModule]:HTTP Server Started on Port: 8077
credweb.exe: 00003390: 14:03:59 [127.0.0.1]:EUniSessionException : Sua sessão expirou. Por favor, recarregue a página. : Addr: $007CFE9F
credweb.exe: 00001890: 14:07:49 [TUniServerModule]:Shutting Down Server.
credweb.exe: 00001890: 14:07:49 [TUniServerModule]:Stopping HTTP Server.
credweb.exe: 00001890: 14:07:50 [TUniServerModule]:HTTP Server Stopped.
credweb.exe: 00001890: 14:07:50 [TUniGUISessionManager]:Terminating Session manager.
credweb.exe: 00001890: 14:07:50 [TUniGUISessionManager]:Stopping Cache Eraser...
credweb.exe: 00001890: 14:07:50 [TUniGUISessionManager]:Cache Eraser Stopped.
credweb.exe: 00001890: 14:07:50 [TUniGUISessionManager]:Destroying Worker Threads.
credweb.exe: 00001890: 14:07:50 [TUniGUISessionManager]:Session manager terminated.
credweb.exe: 00001890: 14:07:50 [TUniServerModule]:Server Shutdown Completed.
credweb.exe: 00001890: 14:07:50 []:<-------------------------------------------------------------->
credweb.exe: 00001890: 14:07:50 [Terminated]:Exit Code: 0
