credweb.exe: 0000187C: 16:20:35 [TUniServerModule]:Shutting Down Server.
credweb.exe: 0000187C: 16:20:35 [TUniServerModule]:Stopping HTTP Server.
credweb.exe: 0000187C: 16:20:36 [TUniServerModule]:HTTP Server Stopped.
credweb.exe: 0000187C: 16:20:36 [TUniGUISessionManager]:Terminating Session manager.
credweb.exe: 0000187C: 16:20:36 [TUniGUISessionManager]:Stopping Cache Eraser...
credweb.exe: 0000187C: 16:20:36 [TUniGUISessionManager]:Cache Eraser Stopped.
credweb.exe: 0000187C: 16:20:36 [TUniGUISessionManager]:Destroying Worker Threads.
credweb.exe: 0000187C: 16:20:36 [TUniGUISessionManager]:Session manager terminated.
credweb.exe: 0000187C: 16:20:36 [TUniServerModule]:Server Shutdown Completed.
credweb.exe: 0000187C: 16:20:36 []:<-------------------------------------------------------------->
credweb.exe: 0000187C: 16:20:36 [Terminated]:Exit Code: 0
credweb.exe: 00001A8C: 16:33:16 []:>--------------------------------------------------------------<
credweb.exe: 00001A8C: 16:33:16 [TUniServerModule]:Server First Init.
credweb.exe: 00001A8C: 16:33:16 [TUniServerModule]:Starting HTTP Server on Port: 8077...
credweb.exe: 00001A8C: 16:33:16 [TUniServerModule]:HTTP Server Started on Port: 8077
credweb.exe: 00002618: 16:33:22 [127.0.0.1]:EUniSessionException : Sua sessão expirou. Por favor, recarregue a página. : Addr: $007CFB8B
credweb.exe: 00001A8C: 16:43:20 [TUniServerModule]:Shutting Down Server.
credweb.exe: 00001A8C: 16:43:20 [TUniServerModule]:Stopping HTTP Server.
credweb.exe: 00001A8C: 16:43:21 [TUniServerModule]:HTTP Server Stopped.
credweb.exe: 00001A8C: 16:43:21 [TUniGUISessionManager]:Terminating Session manager.
credweb.exe: 00001A8C: 16:43:21 [TUniGUISessionManager]:Stopping Cache Eraser...
credweb.exe: 00001A8C: 16:43:21 [TUniGUISessionManager]:Cache Eraser Stopped.
credweb.exe: 00001A8C: 16:43:21 [TUniGUISessionManager]:Destroying Worker Threads.
credweb.exe: 00001A8C: 16:43:21 [TUniGUISessionManager]:Session manager terminated.
credweb.exe: 00001A8C: 16:43:21 [TUniServerModule]:Server Shutdown Completed.
credweb.exe: 00001A8C: 16:43:21 []:<-------------------------------------------------------------->
credweb.exe: 00001A8C: 16:43:21 [Terminated]:Exit Code: 0
credweb.exe: 0000371C: 16:45:43 []:>--------------------------------------------------------------<
credweb.exe: 0000371C: 16:45:43 [TUniServerModule]:Server First Init.
credweb.exe: 0000371C: 16:45:43 [TUniServerModule]:Starting HTTP Server on Port: 8077...
credweb.exe: 0000371C: 16:45:43 [TUniServerModule]:HTTP Server Started on Port: 8077
credweb.exe: 000039B0: 16:45:49 [127.0.0.1]:EUniSessionException : Sua sessão expirou. Por favor, recarregue a página. : Addr: $007CFB8B
credweb.exe: 0000371C: 16:49:59 [TUniServerModule]:Shutting Down Server.
credweb.exe: 0000371C: 16:49:59 [TUniServerModule]:Stopping HTTP Server.
credweb.exe: 0000371C: 16:50:01 [TUniServerModule]:HTTP Server Stopped.
credweb.exe: 0000371C: 16:50:01 [TUniGUISessionManager]:Terminating Session manager.
credweb.exe: 0000371C: 16:50:01 [TUniGUISessionManager]:Stopping Cache Eraser...
credweb.exe: 0000371C: 16:50:01 [TUniGUISessionManager]:Cache Eraser Stopped.
credweb.exe: 0000371C: 16:50:01 [TUniGUISessionManager]:Destroying Worker Threads.
credweb.exe: 0000371C: 16:50:01 [TUniGUISessionManager]:Session manager terminated.
credweb.exe: 0000371C: 16:50:01 [TUniServerModule]:Server Shutdown Completed.
credweb.exe: 0000371C: 16:50:01 []:<-------------------------------------------------------------->
credweb.exe: 0000371C: 16:50:01 [Terminated]:Exit Code: 0
credweb.exe: 00002130: 16:50:09 []:>--------------------------------------------------------------<
credweb.exe: 00002130: 16:50:09 [TUniServerModule]:Server First Init.
credweb.exe: 00002130: 16:50:09 [TUniServerModule]:Starting HTTP Server on Port: 8077...
credweb.exe: 00002130: 16:50:09 [TUniServerModule]:HTTP Server Started on Port: 8077
credweb.exe: 000010E0: 16:50:16 [127.0.0.1]:EUniSessionException : Sua sessão expirou. Por favor, recarregue a página. : Addr: $007CFB8B
credweb.exe: 00002130: 16:56:25 [TUniServerModule]:Shutting Down Server.
credweb.exe: 00002130: 16:56:25 [TUniServerModule]:Stopping HTTP Server.
credweb.exe: 00002130: 16:56:25 [TUniServerModule]:HTTP Server Stopped.
credweb.exe: 00002130: 16:56:25 [TUniGUISessionManager]:Terminating Session manager.
credweb.exe: 00002130: 16:56:25 [TUniGUISessionManager]:Stopping Cache Eraser...
credweb.exe: 00002130: 16:56:26 [TUniGUISessionManager]:Cache Eraser Stopped.
credweb.exe: 00002130: 16:56:26 [TUniGUISessionManager]:Destroying Worker Threads.
credweb.exe: 00002130: 16:56:26 [TUniGUISessionManager]:Session manager terminated.
credweb.exe: 00002130: 16:56:26 [TUniServerModule]:Server Shutdown Completed.
credweb.exe: 00002130: 16:56:26 []:<-------------------------------------------------------------->
credweb.exe: 00002130: 16:56:26 [Terminated]:Exit Code: 0
credweb.exe: 00001708: 16:56:31 []:>--------------------------------------------------------------<
credweb.exe: 00001708: 16:56:31 [TUniServerModule]:Server First Init.
credweb.exe: 00001708: 16:56:31 [TUniServerModule]:Starting HTTP Server on Port: 8077...
credweb.exe: 00001708: 16:56:31 [TUniServerModule]:HTTP Server Started on Port: 8077
credweb.exe: 0000314C: 16:56:38 [127.0.0.1]:EUniSessionException : Sua sessão expirou. Por favor, recarregue a página. : Addr: $007CFB8B
credweb.exe: 00001708: 17:01:04 [TUniServerModule]:Shutting Down Server.
credweb.exe: 00001708: 17:01:04 [TUniServerModule]:Stopping HTTP Server.
credweb.exe: 00001708: 17:01:05 [TUniServerModule]:HTTP Server Stopped.
credweb.exe: 00001708: 17:01:05 [TUniGUISessionManager]:Terminating Session manager.
credweb.exe: 00001708: 17:01:05 [TUniGUISessionManager]:Stopping Cache Eraser...
credweb.exe: 00001708: 17:01:05 [TUniGUISessionManager]:Cache Eraser Stopped.
credweb.exe: 00001708: 17:01:05 [TUniGUISessionManager]:Destroying Worker Threads.
credweb.exe: 00001708: 17:01:05 [TUniGUISessionManager]:Session manager terminated.
credweb.exe: 00001708: 17:01:05 [TUniServerModule]:Server Shutdown Completed.
credweb.exe: 00001708: 17:01:05 []:<-------------------------------------------------------------->
credweb.exe: 00001708: 17:01:05 [Terminated]:Exit Code: 0
credweb.exe: 00001E18: 17:02:06 []:>--------------------------------------------------------------<
credweb.exe: 00001E18: 17:02:06 [TUniServerModule]:Server First Init.
credweb.exe: 00001E18: 17:02:06 [TUniServerModule]:Starting HTTP Server on Port: 8077...
credweb.exe: 00001E18: 17:02:06 [TUniServerModule]:HTTP Server Started on Port: 8077
credweb.exe: 000031FC: 17:02:20 [127.0.0.1]:EUniSessionException : Sua sessão expirou. Por favor, recarregue a página. : Addr: $007CFB8B
credweb.exe: 00001E18: 17:17:15 [TUniServerModule]:Shutting Down Server.
credweb.exe: 00001E18: 17:17:15 [TUniServerModule]:Stopping HTTP Server.
credweb.exe: 00001E18: 17:17:16 [TUniServerModule]:HTTP Server Stopped.
credweb.exe: 00001E18: 17:17:16 [TUniGUISessionManager]:Terminating Session manager.
credweb.exe: 00001E18: 17:17:16 [TUniGUISessionManager]:Stopping Cache Eraser...
credweb.exe: 00001E18: 17:17:16 [TUniGUISessionManager]:Cache Eraser Stopped.
credweb.exe: 00001E18: 17:17:16 [TUniGUISessionManager]:Destroying Worker Threads.
credweb.exe: 00001E18: 17:17:16 [TUniGUISessionManager]:Session manager terminated.
credweb.exe: 00001E18: 17:17:16 [TUniServerModule]:Server Shutdown Completed.
credweb.exe: 00001E18: 17:17:16 []:<-------------------------------------------------------------->
credweb.exe: 00001E18: 17:17:16 [Terminated]:Exit Code: 0
credweb.exe: 00003004: 17:17:28 []:>--------------------------------------------------------------<
credweb.exe: 00003004: 17:17:28 [TUniServerModule]:Server First Init.
credweb.exe: 00003004: 17:17:28 [TUniServerModule]:Starting HTTP Server on Port: 8077...
credweb.exe: 00003004: 17:17:28 [TUniServerModule]:HTTP Server Started on Port: 8077
credweb.exe: 00001DD0: 17:17:35 [127.0.0.1]:EUniSessionException : Sua sessão expirou. Por favor, recarregue a página. : Addr: $007CFE77
credweb.exe: 00003004: 17:19:49 [TUniServerModule]:Shutting Down Server.
credweb.exe: 00003004: 17:19:49 [TUniServerModule]:Stopping HTTP Server.
credweb.exe: 00003004: 17:19:50 [TUniServerModule]:HTTP Server Stopped.
credweb.exe: 00003004: 17:19:50 [TUniGUISessionManager]:Terminating Session manager.
credweb.exe: 00003004: 17:19:50 [TUniGUISessionManager]:Stopping Cache Eraser...
credweb.exe: 00003004: 17:19:50 [TUniGUISessionManager]:Cache Eraser Stopped.
credweb.exe: 00003004: 17:19:50 [TUniGUISessionManager]:Destroying Worker Threads.
credweb.exe: 00003004: 17:19:50 [TUniGUISessionManager]:Session manager terminated.
credweb.exe: 00003004: 17:19:50 [TUniServerModule]:Server Shutdown Completed.
credweb.exe: 00003004: 17:19:50 []:<-------------------------------------------------------------->
credweb.exe: 00003004: 17:19:50 [Terminated]:Exit Code: 0
credweb.exe: 00002C14: 17:20:19 []:>--------------------------------------------------------------<
credweb.exe: 00002C14: 17:20:19 [TUniServerModule]:Server First Init.
credweb.exe: 00002C14: 17:20:19 [TUniServerModule]:Starting HTTP Server on Port: 8077...
credweb.exe: 00002C14: 17:20:19 [TUniServerModule]:HTTP Server Started on Port: 8077
credweb.exe: 000028C4: 17:20:23 [127.0.0.1]:EUniSessionException : Sua sessão expirou. Por favor, recarregue a página. : Addr: $007CFE77
credweb.exe: 00002C14: 17:29:55 [TUniServerModule]:Shutting Down Server.
credweb.exe: 00002C14: 17:29:55 [TUniServerModule]:Stopping HTTP Server.
credweb.exe: 00002C14: 17:29:56 [TUniServerModule]:HTTP Server Stopped.
credweb.exe: 00002C14: 17:29:56 [TUniGUISessionManager]:Terminating Session manager.
credweb.exe: 00002C14: 17:29:56 [TUniGUISessionManager]:Stopping Cache Eraser...
credweb.exe: 00002C14: 17:29:56 [TUniGUISessionManager]:Cache Eraser Stopped.
credweb.exe: 00002C14: 17:29:56 [TUniGUISessionManager]:Destroying Worker Threads.
credweb.exe: 00002C14: 17:29:56 [TUniGUISessionManager]:Session manager terminated.
credweb.exe: 00002C14: 17:29:56 [TUniServerModule]:Server Shutdown Completed.
credweb.exe: 00002C14: 17:29:56 []:<-------------------------------------------------------------->
credweb.exe: 00002C14: 17:29:56 [Terminated]:Exit Code: 0
credweb.exe: 00000A74: 17:40:41 []:>--------------------------------------------------------------<
credweb.exe: 00000A74: 17:40:41 [TUniServerModule]:Server First Init.
credweb.exe: 00000A74: 17:40:41 [TUniServerModule]:Starting HTTP Server on Port: 8077...
credweb.exe: 00000A74: 17:40:41 [TUniServerModule]:HTTP Server Started on Port: 8077
credweb.exe: 00000A74: 17:40:43 [TUniServerModule]:Shutting Down Server.
credweb.exe: 00000A74: 17:40:43 [TUniServerModule]:Stopping HTTP Server.
credweb.exe: 00000A74: 17:40:44 [TUniServerModule]:HTTP Server Stopped.
credweb.exe: 00000A74: 17:40:44 [TUniGUISessionManager]:Terminating Session manager.
credweb.exe: 00000A74: 17:40:44 [TUniGUISessionManager]:Stopping Cache Eraser...
credweb.exe: 00000A74: 17:40:44 [TUniGUISessionManager]:Cache Eraser Stopped.
credweb.exe: 00000A74: 17:40:44 [TUniGUISessionManager]:Destroying Worker Threads.
credweb.exe: 00000A74: 17:40:44 [TUniGUISessionManager]:Session manager terminated.
credweb.exe: 00000A74: 17:40:44 [TUniServerModule]:Server Shutdown Completed.
credweb.exe: 00000A74: 17:40:44 []:<-------------------------------------------------------------->
credweb.exe: 00000A74: 17:40:44 [Terminated]:Exit Code: 0
credweb.exe: 00000CB8: 17:55:02 []:>--------------------------------------------------------------<
credweb.exe: 00000CB8: 17:55:02 [TUniServerModule]:Server First Init.
credweb.exe: 00000CB8: 17:55:02 [TUniServerModule]:Starting HTTP Server on Port: 8077...
credweb.exe: 00000CB8: 17:55:02 [TUniServerModule]:HTTP Server Started on Port: 8077
credweb.exe: 000013AC: 17:55:06 [127.0.0.1]:EUniSessionException : Sua sessão expirou. Por favor, recarregue a página. : Addr: $007CFE77
credweb.exe: 00000CB8: 17:59:18 [TUniServerModule]:Shutting Down Server.
credweb.exe: 00000CB8: 17:59:18 [TUniServerModule]:Stopping HTTP Server.
credweb.exe: 00000CB8: 17:59:18 [TUniServerModule]:HTTP Server Stopped.
credweb.exe: 00000CB8: 17:59:18 [TUniGUISessionManager]:Terminating Session manager.
credweb.exe: 00000CB8: 17:59:18 [TUniGUISessionManager]:Stopping Cache Eraser...
credweb.exe: 00000CB8: 17:59:18 [TUniGUISessionManager]:Cache Eraser Stopped.
credweb.exe: 00000CB8: 17:59:18 [TUniGUISessionManager]:Destroying Worker Threads.
credweb.exe: 00000CB8: 17:59:18 [TUniGUISessionManager]:Session manager terminated.
credweb.exe: 00000CB8: 17:59:18 [TUniServerModule]:Server Shutdown Completed.
credweb.exe: 00000CB8: 17:59:18 []:<-------------------------------------------------------------->
credweb.exe: 00000CB8: 17:59:18 [Terminated]:Exit Code: 0
credweb.exe: 000006D8: 17:59:25 []:>--------------------------------------------------------------<
credweb.exe: 000006D8: 17:59:25 [TUniServerModule]:Server First Init.
credweb.exe: 000006D8: 17:59:25 [TUniServerModule]:Starting HTTP Server on Port: 8077...
credweb.exe: 000006D8: 17:59:25 [TUniServerModule]:HTTP Server Started on Port: 8077
credweb.exe: 00003770: 18:01:05 [127.0.0.1]:EUniSessionException : Sua sessão expirou. Por favor, recarregue a página. : Addr: $007CFE77
credweb.exe: 000006D8: 18:01:24 [TUniServerModule]:Shutting Down Server.
credweb.exe: 000006D8: 18:01:24 [TUniServerModule]:Stopping HTTP Server.
credweb.exe: 000006D8: 18:01:25 [TUniServerModule]:HTTP Server Stopped.
credweb.exe: 000006D8: 18:01:25 [TUniGUISessionManager]:Terminating Session manager.
credweb.exe: 000006D8: 18:01:25 [TUniGUISessionManager]:Stopping Cache Eraser...
credweb.exe: 000006D8: 18:01:25 [TUniGUISessionManager]:Cache Eraser Stopped.
credweb.exe: 000006D8: 18:01:25 [TUniGUISessionManager]:Destroying Worker Threads.
credweb.exe: 000006D8: 18:01:25 [TUniGUISessionManager]:Session manager terminated.
credweb.exe: 000006D8: 18:01:25 [TUniServerModule]:Server Shutdown Completed.
credweb.exe: 000006D8: 18:01:25 []:<-------------------------------------------------------------->
credweb.exe: 000006D8: 18:01:25 [Terminated]:Exit Code: 0
credweb.exe: 00002A8C: 18:01:31 []:>--------------------------------------------------------------<
credweb.exe: 00002A8C: 18:01:31 [TUniServerModule]:Server First Init.
credweb.exe: 00002A8C: 18:01:31 [TUniServerModule]:Starting HTTP Server on Port: 8077...
credweb.exe: 00002A8C: 18:01:31 [TUniServerModule]:HTTP Server Started on Port: 8077
credweb.exe: 000025C4: 18:01:37 [127.0.0.1]:EUniSessionException : Sua sessão expirou. Por favor, recarregue a página. : Addr: $007CFE77
credweb.exe: 00000980: 18:01:50 [127.0.0.1]:EDatabaseError : tb_capacitacao: Cannot perform this operation on a closed dataset : Addr: $0065E64A
credweb.exe: 00002A8C: 18:03:57 [TUniServerModule]:Shutting Down Server.
credweb.exe: 00002A8C: 18:03:57 [TUniServerModule]:Stopping HTTP Server.
credweb.exe: 00002A8C: 18:03:57 [TUniServerModule]:HTTP Server Stopped.
credweb.exe: 00002A8C: 18:03:57 [TUniGUISessionManager]:Terminating Session manager.
credweb.exe: 00002A8C: 18:03:57 [TUniGUISessionManager]:Stopping Cache Eraser...
credweb.exe: 00002A8C: 18:03:57 [TUniGUISessionManager]:Cache Eraser Stopped.
credweb.exe: 00002A8C: 18:03:57 [TUniGUISessionManager]:Destroying Worker Threads.
credweb.exe: 00002A8C: 18:03:57 [TUniGUISessionManager]:Session manager terminated.
credweb.exe: 00002A8C: 18:03:57 [TUniServerModule]:Server Shutdown Completed.
credweb.exe: 00002A8C: 18:03:57 []:<-------------------------------------------------------------->
credweb.exe: 00002A8C: 18:03:57 [Terminated]:Exit Code: 0
credweb.exe: 0000338C: 18:04:48 []:>--------------------------------------------------------------<
credweb.exe: 0000338C: 18:04:48 [TUniServerModule]:Server First Init.
credweb.exe: 0000338C: 18:04:48 [TUniServerModule]:Starting HTTP Server on Port: 8077...
credweb.exe: 0000338C: 18:04:48 [TUniServerModule]:HTTP Server Started on Port: 8077
credweb.exe: 00000B5C: 18:04:54 [127.0.0.1]:EUniSessionException : Sua sessão expirou. Por favor, recarregue a página. : Addr: $007CFE77
credweb.exe: 00003380: 18:05:26 [127.0.0.1]:EVariantTypeCastError : Could not convert variant of type (UnicodeString) into type (Double) : Addr: $0043A584
credweb.exe: 0000338C: 18:07:05 [TUniServerModule]:Shutting Down Server.
credweb.exe: 0000338C: 18:07:05 [TUniServerModule]:Stopping HTTP Server.
credweb.exe: 0000338C: 18:07:05 [TUniServerModule]:HTTP Server Stopped.
credweb.exe: 0000338C: 18:07:05 [TUniGUISessionManager]:Terminating Session manager.
credweb.exe: 0000338C: 18:07:05 [TUniGUISessionManager]:Stopping Cache Eraser...
credweb.exe: 0000338C: 18:07:05 [TUniGUISessionManager]:Cache Eraser Stopped.
credweb.exe: 0000338C: 18:07:05 [TUniGUISessionManager]:Destroying Worker Threads.
credweb.exe: 0000338C: 18:07:05 [TUniGUISessionManager]:Session manager terminated.
credweb.exe: 0000338C: 18:07:05 [TUniServerModule]:Server Shutdown Completed.
credweb.exe: 0000338C: 18:07:05 []:<-------------------------------------------------------------->
credweb.exe: 0000338C: 18:07:05 [Terminated]:Exit Code: 0
credweb.exe: 00000CF8: 18:07:18 []:>--------------------------------------------------------------<
credweb.exe: 00000CF8: 18:07:18 [TUniServerModule]:Server First Init.
credweb.exe: 00000CF8: 18:07:18 [TUniServerModule]:Starting HTTP Server on Port: 8077...
credweb.exe: 00000CF8: 18:07:18 [TUniServerModule]:HTTP Server Started on Port: 8077
credweb.exe: 000024E4: 18:07:23 [127.0.0.1]:EUniSessionException : Sua sessão expirou. Por favor, recarregue a página. : Addr: $007CFE77
credweb.exe: 00000CF8: 18:10:33 [TUniServerModule]:Shutting Down Server.
credweb.exe: 00000CF8: 18:10:33 [TUniServerModule]:Stopping HTTP Server.
credweb.exe: 00000CF8: 18:10:34 [TUniServerModule]:HTTP Server Stopped.
credweb.exe: 00000CF8: 18:10:34 [TUniGUISessionManager]:Terminating Session manager.
credweb.exe: 00000CF8: 18:10:34 [TUniGUISessionManager]:Stopping Cache Eraser...
credweb.exe: 00000CF8: 18:10:34 [TUniGUISessionManager]:Cache Eraser Stopped.
credweb.exe: 00000CF8: 18:10:34 [TUniGUISessionManager]:Destroying Worker Threads.
credweb.exe: 00000CF8: 18:10:34 [TUniGUISessionManager]:Session manager terminated.
credweb.exe: 00000CF8: 18:10:35 [TUniServerModule]:Server Shutdown Completed.
credweb.exe: 00000CF8: 18:10:35 []:<-------------------------------------------------------------->
credweb.exe: 00000CF8: 18:10:35 [Terminated]:Exit Code: 0
credweb.exe: 00002D68: 18:10:40 []:>--------------------------------------------------------------<
credweb.exe: 00002D68: 18:10:40 [TUniServerModule]:Server First Init.
credweb.exe: 00002D68: 18:10:40 [TUniServerModule]:Starting HTTP Server on Port: 8077...
credweb.exe: 00002D68: 18:10:40 [TUniServerModule]:HTTP Server Started on Port: 8077
credweb.exe: 0000134C: 18:10:43 [127.0.0.1]:EUniSessionException : Sua sessão expirou. Por favor, recarregue a página. : Addr: $007CFE77
credweb.exe: 00002D68: 18:14:13 [TUniServerModule]:Shutting Down Server.
credweb.exe: 00002D68: 18:14:13 [TUniServerModule]:Stopping HTTP Server.
credweb.exe: 00002D68: 18:14:14 [TUniServerModule]:HTTP Server Stopped.
credweb.exe: 00002D68: 18:14:14 [TUniGUISessionManager]:Terminating Session manager.
credweb.exe: 00002D68: 18:14:14 [TUniGUISessionManager]:Stopping Cache Eraser...
credweb.exe: 00002D68: 18:14:14 [TUniGUISessionManager]:Cache Eraser Stopped.
credweb.exe: 00002D68: 18:14:14 [TUniGUISessionManager]:Destroying Worker Threads.
credweb.exe: 00002D68: 18:14:14 [TUniGUISessionManager]:Session manager terminated.
credweb.exe: 00002D68: 18:14:14 [TUniServerModule]:Server Shutdown Completed.
credweb.exe: 00002D68: 18:14:14 []:<-------------------------------------------------------------->
credweb.exe: 00002D68: 18:14:14 [Terminated]:Exit Code: 0
credweb.exe: 00003420: 18:27:40 []:>--------------------------------------------------------------<
credweb.exe: 00003420: 18:27:40 [TUniServerModule]:Server First Init.
credweb.exe: 00003420: 18:27:40 [TUniServerModule]:Starting HTTP Server on Port: 8077...
credweb.exe: 00003420: 18:27:40 [TUniServerModule]:HTTP Server Started on Port: 8077
credweb.exe: 00000D24: 18:27:50 [127.0.0.1]:EUniSessionException : Sua sessão expirou. Por favor, recarregue a página. : Addr: $007CFE77
credweb.exe: 0000360C: 18:27:50 [127.0.0.1]:EUniSessionException : Sua sessão expirou. Por favor, recarregue a página. : Addr: $007CFE77
credweb.exe: 00003420: 18:29:42 [TUniServerModule]:Shutting Down Server.
credweb.exe: 00003420: 18:29:42 [TUniServerModule]:Stopping HTTP Server.
credweb.exe: 00003420: 18:29:43 [TUniServerModule]:HTTP Server Stopped.
credweb.exe: 00003420: 18:29:43 [TUniGUISessionManager]:Terminating Session manager.
credweb.exe: 00003420: 18:29:43 [TUniGUISessionManager]:Stopping Cache Eraser...
credweb.exe: 00003420: 18:29:43 [TUniGUISessionManager]:Cache Eraser Stopped.
credweb.exe: 00003420: 18:29:43 [TUniGUISessionManager]:Destroying Worker Threads.
credweb.exe: 00003420: 18:29:43 [TUniGUISessionManager]:Session manager terminated.
credweb.exe: 00003420: 18:29:43 [TUniServerModule]:Server Shutdown Completed.
credweb.exe: 00003420: 18:29:43 []:<-------------------------------------------------------------->
credweb.exe: 00003420: 18:29:43 [Terminated]:Exit Code: 0
credweb.exe: 000022F8: 18:29:48 []:>--------------------------------------------------------------<
credweb.exe: 000022F8: 18:29:48 [TUniServerModule]:Server First Init.
credweb.exe: 000022F8: 18:29:48 [TUniServerModule]:Starting HTTP Server on Port: 8077...
credweb.exe: 000022F8: 18:29:48 [TUniServerModule]:HTTP Server Started on Port: 8077
credweb.exe: 00001018: 18:29:52 [127.0.0.1]:EUniSessionException : Sua sessão expirou. Por favor, recarregue a página. : Addr: $007CFE77
credweb.exe: 000022F8: 18:32:35 [TUniServerModule]:Shutting Down Server.
credweb.exe: 000022F8: 18:32:35 [TUniServerModule]:Stopping HTTP Server.
credweb.exe: 000022F8: 18:32:37 [TUniServerModule]:HTTP Server Stopped.
credweb.exe: 000022F8: 18:32:37 [TUniGUISessionManager]:Terminating Session manager.
credweb.exe: 000022F8: 18:32:37 [TUniGUISessionManager]:Stopping Cache Eraser...
credweb.exe: 000022F8: 18:32:37 [TUniGUISessionManager]:Cache Eraser Stopped.
credweb.exe: 000022F8: 18:32:37 [TUniGUISessionManager]:Destroying Worker Threads.
credweb.exe: 000022F8: 18:32:37 [TUniGUISessionManager]:Session manager terminated.
credweb.exe: 000022F8: 18:32:37 [TUniServerModule]:Server Shutdown Completed.
credweb.exe: 000022F8: 18:32:37 []:<-------------------------------------------------------------->
credweb.exe: 000022F8: 18:32:37 [Terminated]:Exit Code: 0
credweb.exe: 000026CC: 18:32:47 []:>--------------------------------------------------------------<
credweb.exe: 000026CC: 18:32:47 [TUniServerModule]:Server First Init.
credweb.exe: 000026CC: 18:32:47 [TUniServerModule]:Starting HTTP Server on Port: 8077...
credweb.exe: 000026CC: 18:32:47 [TUniServerModule]:HTTP Server Started on Port: 8077
credweb.exe: 00001550: 18:32:59 [127.0.0.1]:EUniSessionException : Sua sessão expirou. Por favor, recarregue a página. : Addr: $007CFE77
