credweb.exe: 00001200: 11:41:38 [127.0.0.1]:EUniSessionException : Sua sessão expirou. Por favor, recarregue a página. : Addr: $007CFE77
credweb.exe: 000026CC: 11:45:36 [TUniServerModule]:Shutting Down Server.
credweb.exe: 000026CC: 11:45:36 [TUniServerModule]:Stopping HTTP Server.
credweb.exe: 000026CC: 11:45:36 [TUniServerModule]:HTTP Server Stopped.
credweb.exe: 000026CC: 11:45:36 [TUniGUISessionManager]:Terminating Session manager.
credweb.exe: 000026CC: 11:45:36 [TUniGUISessionManager]:Stopping Cache Eraser...
credweb.exe: 000026CC: 11:45:36 [TUniGUISessionManager]:Cache Eraser Stopped.
credweb.exe: 000026CC: 11:45:36 [TUniGUISessionManager]:Destroying Worker Threads.
credweb.exe: 000026CC: 11:45:36 [TUniGUISessionManager]:Session manager terminated.
credweb.exe: 000026CC: 11:45:37 [TUniServerModule]:Server Shutdown Completed.
credweb.exe: 000026CC: 11:45:37 []:<-------------------------------------------------------------->
credweb.exe: 000026CC: 11:45:37 [Terminated]:Exit Code: 0
credweb.exe: 00002230: 12:39:58 []:>--------------------------------------------------------------<
credweb.exe: 00002230: 12:39:58 [TUniServerModule]:Server First Init.
credweb.exe: 00002230: 12:39:58 [TUniServerModule]:Starting HTTP Server on Port: 8077...
credweb.exe: 00002230: 12:39:58 [TUniServerModule]:HTTP Server Started on Port: 8077
credweb.exe: 00002230: 14:35:55 [TUniServerModule]:Shutting Down Server.
credweb.exe: 00002230: 14:35:55 [TUniServerModule]:Stopping HTTP Server.
credweb.exe: 00002230: 14:35:55 [TUniServerModule]:HTTP Server Stopped.
credweb.exe: 00002230: 14:35:55 [TUniGUISessionManager]:Terminating Session manager.
credweb.exe: 00002230: 14:35:55 [TUniGUISessionManager]:Stopping Cache Eraser...
credweb.exe: 00002230: 14:35:55 [TUniGUISessionManager]:Cache Eraser Stopped.
credweb.exe: 00002230: 14:35:55 [TUniGUISessionManager]:Destroying Worker Threads.
credweb.exe: 00002230: 14:35:55 [TUniGUISessionManager]:Session manager terminated.
credweb.exe: 00002230: 14:35:56 [TUniServerModule]:Server Shutdown Completed.
credweb.exe: 00002230: 14:35:56 []:<-------------------------------------------------------------->
credweb.exe: 00002230: 14:35:56 [Terminated]:Exit Code: 0
credweb.exe: 00003B3C: 14:36:03 []:>--------------------------------------------------------------<
credweb.exe: 00003B3C: 14:36:03 [TUniServerModule]:Server First Init.
credweb.exe: 00003B3C: 14:36:03 [TUniServerModule]:Starting HTTP Server on Port: 8077...
credweb.exe: 00003B3C: 14:36:03 [TUniServerModule]:HTTP Server Started on Port: 8077
credweb.exe: 00003B3C: 14:37:13 [TUniServerModule]:Shutting Down Server.
credweb.exe: 00003B3C: 14:37:13 [TUniServerModule]:Stopping HTTP Server.
credweb.exe: 00003B3C: 14:37:14 [TUniServerModule]:HTTP Server Stopped.
credweb.exe: 00003B3C: 14:37:14 [TUniGUISessionManager]:Terminating Session manager.
credweb.exe: 00003B3C: 14:37:14 [TUniGUISessionManager]:Stopping Cache Eraser...
credweb.exe: 00003B3C: 14:37:14 [TUniGUISessionManager]:Cache Eraser Stopped.
credweb.exe: 00003B3C: 14:37:14 [TUniGUISessionManager]:Destroying Worker Threads.
credweb.exe: 00003B3C: 14:37:14 [TUniGUISessionManager]:Session manager terminated.
credweb.exe: 00003B3C: 14:37:14 [TUniServerModule]:Server Shutdown Completed.
credweb.exe: 00003B3C: 14:37:14 []:<-------------------------------------------------------------->
credweb.exe: 00003B3C: 14:37:14 [Terminated]:Exit Code: 0
credweb.exe: 00003918: 14:37:20 []:>--------------------------------------------------------------<
credweb.exe: 00003918: 14:37:20 [TUniServerModule]:Server First Init.
credweb.exe: 00003918: 14:37:20 [TUniServerModule]:Starting HTTP Server on Port: 8077...
credweb.exe: 00003918: 14:37:20 [TUniServerModule]:HTTP Server Started on Port: 8077
credweb.exe: 00003918: 14:44:50 [TUniServerModule]:Shutting Down Server.
credweb.exe: 00003918: 14:44:50 [TUniServerModule]:Stopping HTTP Server.
credweb.exe: 00003918: 14:44:51 [TUniServerModule]:HTTP Server Stopped.
credweb.exe: 00003918: 14:44:51 [TUniGUISessionManager]:Terminating Session manager.
credweb.exe: 00003918: 14:44:51 [TUniGUISessionManager]:Stopping Cache Eraser...
credweb.exe: 00003918: 14:44:51 [TUniGUISessionManager]:Cache Eraser Stopped.
credweb.exe: 00003918: 14:44:51 [TUniGUISessionManager]:Destroying Worker Threads.
credweb.exe: 00003918: 14:44:51 [TUniGUISessionManager]:Session manager terminated.
credweb.exe: 00003918: 14:44:51 [TUniServerModule]:Server Shutdown Completed.
credweb.exe: 00003918: 14:44:51 []:<-------------------------------------------------------------->
credweb.exe: 00003918: 14:44:51 [Terminated]:Exit Code: 0
credweb.exe: 000015B4: 14:44:57 []:>--------------------------------------------------------------<
credweb.exe: 000015B4: 14:44:57 [TUniServerModule]:Server First Init.
credweb.exe: 000015B4: 14:44:57 [TUniServerModule]:Starting HTTP Server on Port: 8077...
credweb.exe: 000015B4: 14:44:57 [TUniServerModule]:HTTP Server Started on Port: 8077
credweb.exe: 00002C38: 16:23:50 [127.0.0.1]:EUniSessionException : Sua sessão expirou. Por favor, recarregue a página. : Addr: $007CFE77
credweb.exe: 000035D0: 16:23:50 [127.0.0.1]:EUniSessionException : Sua sessão expirou. Por favor, recarregue a página. : Addr: $007CFE77
credweb.exe: 00003230: 16:26:58 [127.0.0.1]:EUniSessionException : Sua sessão expirou. Por favor, recarregue a página. : Addr: $007CFE77
credweb.exe: 000015B4: 16:34:14 [TUniServerModule]:Shutting Down Server.
credweb.exe: 000015B4: 16:34:14 [TUniServerModule]:Stopping HTTP Server.
credweb.exe: 000015B4: 16:34:14 [TUniServerModule]:HTTP Server Stopped.
credweb.exe: 000015B4: 16:34:14 [TUniGUISessionManager]:Terminating Session manager.
credweb.exe: 000015B4: 16:34:14 [TUniGUISessionManager]:Stopping Cache Eraser...
credweb.exe: 000015B4: 16:34:14 [TUniGUISessionManager]:Cache Eraser Stopped.
credweb.exe: 000015B4: 16:34:14 [TUniGUISessionManager]:Destroying Worker Threads.
credweb.exe: 000015B4: 16:34:14 [TUniGUISessionManager]:Session manager terminated.
credweb.exe: 000015B4: 16:34:14 [TUniServerModule]:Server Shutdown Completed.
credweb.exe: 000015B4: 16:34:14 []:<-------------------------------------------------------------->
credweb.exe: 000015B4: 16:34:14 [Terminated]:Exit Code: 0
credweb.exe: 00003B18: 16:37:52 []:>--------------------------------------------------------------<
credweb.exe: 00003B18: 16:37:52 [TUniServerModule]:Server First Init.
credweb.exe: 00003B18: 16:37:52 [TUniServerModule]:Starting HTTP Server on Port: 8077...
credweb.exe: 00003B18: 16:37:52 [TUniServerModule]:HTTP Server Started on Port: 8077
credweb.exe: 00003A44: 16:38:22 [127.0.0.1]:EUniSessionException : Sua sessão expirou. Por favor, recarregue a página. : Addr: $007CFE77
credweb.exe: 00003B18: 16:41:49 [TUniServerModule]:Shutting Down Server.
credweb.exe: 00003B18: 16:41:49 [TUniServerModule]:Stopping HTTP Server.
credweb.exe: 00003B18: 16:41:49 [TUniServerModule]:HTTP Server Stopped.
credweb.exe: 00003B18: 16:41:49 [TUniGUISessionManager]:Terminating Session manager.
credweb.exe: 00003B18: 16:41:49 [TUniGUISessionManager]:Stopping Cache Eraser...
credweb.exe: 00003B18: 16:41:49 [TUniGUISessionManager]:Cache Eraser Stopped.
credweb.exe: 00003B18: 16:41:49 [TUniGUISessionManager]:Destroying Worker Threads.
credweb.exe: 00003B18: 16:41:49 [TUniGUISessionManager]:Session manager terminated.
credweb.exe: 00003B18: 16:41:49 [TUniServerModule]:Server Shutdown Completed.
credweb.exe: 00003B18: 16:41:49 []:<-------------------------------------------------------------->
credweb.exe: 00003B18: 16:41:49 [Terminated]:Exit Code: 0
credweb.exe: 000031D8: 16:41:56 []:>--------------------------------------------------------------<
credweb.exe: 000031D8: 16:41:56 [TUniServerModule]:Server First Init.
credweb.exe: 000031D8: 16:41:56 [TUniServerModule]:Starting HTTP Server on Port: 8077...
credweb.exe: 000031D8: 16:41:56 [TUniServerModule]:HTTP Server Started on Port: 8077
credweb.exe: 000031D8: 16:45:04 [TUniServerModule]:Shutting Down Server.
credweb.exe: 000031D8: 16:45:04 [TUniServerModule]:Stopping HTTP Server.
credweb.exe: 000031D8: 16:45:04 [TUniServerModule]:HTTP Server Stopped.
credweb.exe: 000031D8: 16:45:04 [TUniGUISessionManager]:Terminating Session manager.
credweb.exe: 000031D8: 16:45:04 [TUniGUISessionManager]:Stopping Cache Eraser...
credweb.exe: 000031D8: 16:45:04 [TUniGUISessionManager]:Cache Eraser Stopped.
credweb.exe: 000031D8: 16:45:04 [TUniGUISessionManager]:Destroying Worker Threads.
credweb.exe: 000031D8: 16:45:04 [TUniGUISessionManager]:Session manager terminated.
credweb.exe: 000031D8: 16:45:05 [TUniServerModule]:Server Shutdown Completed.
credweb.exe: 000031D8: 16:45:05 []:<-------------------------------------------------------------->
credweb.exe: 000031D8: 16:45:05 [Terminated]:Exit Code: 0
credweb.exe: 00001E50: 16:45:12 []:>--------------------------------------------------------------<
credweb.exe: 00001E50: 16:45:12 [TUniServerModule]:Server First Init.
credweb.exe: 00001E50: 16:45:12 [TUniServerModule]:Starting HTTP Server on Port: 8077...
credweb.exe: 00001E50: 16:45:12 [TUniServerModule]:HTTP Server Started on Port: 8077
credweb.exe: 0000361C: 16:45:16 [127.0.0.1]:EUniSessionException : Sua sessão expirou. Por favor, recarregue a página. : Addr: $007CFE77
credweb.exe: 00001E50: 16:54:53 [TUniServerModule]:Shutting Down Server.
credweb.exe: 00001E50: 16:54:53 [TUniServerModule]:Stopping HTTP Server.
credweb.exe: 00001E50: 16:54:53 [TUniServerModule]:HTTP Server Stopped.
credweb.exe: 00001E50: 16:54:53 [TUniGUISessionManager]:Terminating Session manager.
credweb.exe: 00001E50: 16:54:53 [TUniGUISessionManager]:Stopping Cache Eraser...
credweb.exe: 00001E50: 16:54:54 [TUniGUISessionManager]:Cache Eraser Stopped.
credweb.exe: 00001E50: 16:54:54 [TUniGUISessionManager]:Destroying Worker Threads.
credweb.exe: 00001E50: 16:54:54 [TUniGUISessionManager]:Session manager terminated.
credweb.exe: 00001E50: 16:54:54 [TUniServerModule]:Server Shutdown Completed.
credweb.exe: 00001E50: 16:54:54 []:<-------------------------------------------------------------->
credweb.exe: 00001E50: 16:54:54 [Terminated]:Exit Code: 0
credweb.exe: 00001F8C: 16:55:00 []:>--------------------------------------------------------------<
credweb.exe: 00001F8C: 16:55:00 [TUniServerModule]:Server First Init.
credweb.exe: 00001F8C: 16:55:00 [TUniServerModule]:Starting HTTP Server on Port: 8077...
credweb.exe: 00001F8C: 16:55:00 [TUniServerModule]:HTTP Server Started on Port: 8077
credweb.exe: 00002428: 16:55:08 [127.0.0.1]:EUniSessionException : Sua sessão expirou. Por favor, recarregue a página. : Addr: $007CFE77
credweb.exe: 00001F8C: 16:59:32 [TUniServerModule]:Shutting Down Server.
credweb.exe: 00001F8C: 16:59:32 [TUniServerModule]:Stopping HTTP Server.
credweb.exe: 00001F8C: 16:59:33 [TUniServerModule]:HTTP Server Stopped.
credweb.exe: 00001F8C: 16:59:33 [TUniGUISessionManager]:Terminating Session manager.
credweb.exe: 00001F8C: 16:59:33 [TUniGUISessionManager]:Stopping Cache Eraser...
credweb.exe: 00001F8C: 16:59:33 [TUniGUISessionManager]:Cache Eraser Stopped.
credweb.exe: 00001F8C: 16:59:33 [TUniGUISessionManager]:Destroying Worker Threads.
credweb.exe: 00001F8C: 16:59:33 [TUniGUISessionManager]:Session manager terminated.
credweb.exe: 00001F8C: 16:59:33 [TUniServerModule]:Server Shutdown Completed.
credweb.exe: 00001F8C: 16:59:33 []:<-------------------------------------------------------------->
credweb.exe: 00001F8C: 16:59:33 [Terminated]:Exit Code: 0
credweb.exe: 00002A74: 16:59:44 []:>--------------------------------------------------------------<
credweb.exe: 00002A74: 16:59:44 [TUniServerModule]:Server First Init.
credweb.exe: 00002A74: 16:59:44 [TUniServerModule]:Starting HTTP Server on Port: 8077...
credweb.exe: 00002A74: 16:59:44 [TUniServerModule]:HTTP Server Started on Port: 8077
credweb.exe: 00003B5C: 16:59:50 [127.0.0.1]:EUniSessionException : Sua sessão expirou. Por favor, recarregue a página. : Addr: $007CFE77
credweb.exe: 00002A74: 17:34:32 [TUniServerModule]:Shutting Down Server.
credweb.exe: 00002A74: 17:34:32 [TUniServerModule]:Stopping HTTP Server.
credweb.exe: 00002A74: 17:34:33 [TUniServerModule]:HTTP Server Stopped.
credweb.exe: 00002A74: 17:34:33 [TUniGUISessionManager]:Terminating Session manager.
credweb.exe: 00002A74: 17:34:33 [TUniGUISessionManager]:Stopping Cache Eraser...
credweb.exe: 00002A74: 17:34:33 [TUniGUISessionManager]:Cache Eraser Stopped.
credweb.exe: 00002A74: 17:34:33 [TUniGUISessionManager]:Destroying Worker Threads.
credweb.exe: 00002A74: 17:34:33 [TUniGUISessionManager]:Session manager terminated.
credweb.exe: 00002A74: 17:34:33 [TUniServerModule]:Server Shutdown Completed.
credweb.exe: 00002A74: 17:34:33 []:<-------------------------------------------------------------->
credweb.exe: 00002A74: 17:34:33 [Terminated]:Exit Code: 0
credweb.exe: 00002384: 17:34:40 []:>--------------------------------------------------------------<
credweb.exe: 00002384: 17:34:40 [TUniServerModule]:Server First Init.
credweb.exe: 00002384: 17:34:40 [TUniServerModule]:Starting HTTP Server on Port: 8077...
credweb.exe: 00002384: 17:34:40 [TUniServerModule]:HTTP Server Started on Port: 8077
credweb.exe: 000019B0: 17:34:45 [127.0.0.1]:EUniSessionException : Sua sessão expirou. Por favor, recarregue a página. : Addr: $007CFE77
credweb.exe: 00002384: 17:38:03 [TUniServerModule]:Shutting Down Server.
credweb.exe: 00002384: 17:38:03 [TUniServerModule]:Stopping HTTP Server.
credweb.exe: 00002384: 17:38:03 [TUniServerModule]:HTTP Server Stopped.
credweb.exe: 00002384: 17:38:03 [TUniGUISessionManager]:Terminating Session manager.
credweb.exe: 00002384: 17:38:03 [TUniGUISessionManager]:Stopping Cache Eraser...
credweb.exe: 00002384: 17:38:03 [TUniGUISessionManager]:Cache Eraser Stopped.
credweb.exe: 00002384: 17:38:03 [TUniGUISessionManager]:Destroying Worker Threads.
credweb.exe: 00002384: 17:38:03 [TUniGUISessionManager]:Session manager terminated.
credweb.exe: 00002384: 17:38:03 [TUniServerModule]:Server Shutdown Completed.
credweb.exe: 00002384: 17:38:03 []:<-------------------------------------------------------------->
credweb.exe: 00002384: 17:38:03 [Terminated]:Exit Code: 0
credweb.exe: 000029C4: 17:38:11 []:>--------------------------------------------------------------<
credweb.exe: 000029C4: 17:38:11 [TUniServerModule]:Server First Init.
credweb.exe: 000029C4: 17:38:11 [TUniServerModule]:Starting HTTP Server on Port: 8077...
credweb.exe: 000029C4: 17:38:11 [TUniServerModule]:HTTP Server Started on Port: 8077
credweb.exe: 0000011C: 17:38:36 [127.0.0.1]:EUniSessionException : Sua sessão expirou. Por favor, recarregue a página. : Addr: $007CFE77
credweb.exe: 000029C4: 17:39:15 [TUniServerModule]:Shutting Down Server.
credweb.exe: 000029C4: 17:39:15 [TUniServerModule]:Stopping HTTP Server.
credweb.exe: 000029C4: 17:39:16 [TUniServerModule]:HTTP Server Stopped.
credweb.exe: 000029C4: 17:39:16 [TUniGUISessionManager]:Terminating Session manager.
credweb.exe: 000029C4: 17:39:16 [TUniGUISessionManager]:Stopping Cache Eraser...
credweb.exe: 000029C4: 17:39:16 [TUniGUISessionManager]:Cache Eraser Stopped.
credweb.exe: 000029C4: 17:39:16 [TUniGUISessionManager]:Destroying Worker Threads.
credweb.exe: 000029C4: 17:39:16 [TUniGUISessionManager]:Session manager terminated.
credweb.exe: 000029C4: 17:39:16 [TUniServerModule]:Server Shutdown Completed.
credweb.exe: 000029C4: 17:39:16 []:<-------------------------------------------------------------->
credweb.exe: 000029C4: 17:39:16 [Terminated]:Exit Code: 0
credweb.exe: 00000FA4: 17:39:49 []:>--------------------------------------------------------------<
credweb.exe: 00000FA4: 17:39:49 [TUniServerModule]:Server First Init.
credweb.exe: 00000FA4: 17:39:49 [TUniServerModule]:Starting HTTP Server on Port: 8077...
credweb.exe: 00000FA4: 17:39:49 [TUniServerModule]:HTTP Server Started on Port: 8077
credweb.exe: 00002670: 17:39:54 [127.0.0.1]:EUniSessionException : Sua sessão expirou. Por favor, recarregue a página. : Addr: $007CFE77
credweb.exe: 00000FA4: 17:41:33 [TUniServerModule]:Shutting Down Server.
credweb.exe: 00000FA4: 17:41:33 [TUniServerModule]:Stopping HTTP Server.
credweb.exe: 00000FA4: 17:41:34 [TUniServerModule]:HTTP Server Stopped.
credweb.exe: 00000FA4: 17:41:34 [TUniGUISessionManager]:Terminating Session manager.
credweb.exe: 00000FA4: 17:41:34 [TUniGUISessionManager]:Stopping Cache Eraser...
credweb.exe: 00000FA4: 17:41:34 [TUniGUISessionManager]:Cache Eraser Stopped.
credweb.exe: 00000FA4: 17:41:34 [TUniGUISessionManager]:Destroying Worker Threads.
credweb.exe: 00000FA4: 17:41:34 [TUniGUISessionManager]:Session manager terminated.
credweb.exe: 00000FA4: 17:41:34 [TUniServerModule]:Server Shutdown Completed.
credweb.exe: 00000FA4: 17:41:34 []:<-------------------------------------------------------------->
credweb.exe: 00000FA4: 17:41:34 [Terminated]:Exit Code: 0
credweb.exe: 00003364: 17:41:59 []:>--------------------------------------------------------------<
credweb.exe: 00003364: 17:41:59 [TUniServerModule]:Server First Init.
credweb.exe: 00003364: 17:41:59 [TUniServerModule]:Starting HTTP Server on Port: 8077...
credweb.exe: 00003364: 17:41:59 [TUniServerModule]:HTTP Server Started on Port: 8077
credweb.exe: 0000336C: 17:42:03 [127.0.0.1]:EUniSessionException : Sua sessão expirou. Por favor, recarregue a página. : Addr: $007CFE77
credweb.exe: 00003364: 17:52:18 [TUniServerModule]:Shutting Down Server.
credweb.exe: 00003364: 17:52:18 [TUniServerModule]:Stopping HTTP Server.
credweb.exe: 00003364: 17:52:18 [TUniServerModule]:HTTP Server Stopped.
credweb.exe: 00003364: 17:52:18 [TUniGUISessionManager]:Terminating Session manager.
credweb.exe: 00003364: 17:52:18 [TUniGUISessionManager]:Stopping Cache Eraser...
credweb.exe: 00003364: 17:52:18 [TUniGUISessionManager]:Cache Eraser Stopped.
credweb.exe: 00003364: 17:52:18 [TUniGUISessionManager]:Destroying Worker Threads.
credweb.exe: 00003364: 17:52:18 [TUniGUISessionManager]:Session manager terminated.
credweb.exe: 00003364: 17:52:18 [TUniServerModule]:Server Shutdown Completed.
credweb.exe: 00003364: 17:52:18 []:<-------------------------------------------------------------->
credweb.exe: 00003364: 17:52:18 [Terminated]:Exit Code: 0
credweb.exe: 0000347C: 17:52:25 []:>--------------------------------------------------------------<
credweb.exe: 0000347C: 17:52:25 [TUniServerModule]:Server First Init.
credweb.exe: 0000347C: 17:52:25 [TUniServerModule]:Starting HTTP Server on Port: 8077...
credweb.exe: 0000347C: 17:52:25 [TUniServerModule]:HTTP Server Started on Port: 8077
credweb.exe: 00000788: 17:52:38 [127.0.0.1]:EUniSessionException : Sua sessão expirou. Por favor, recarregue a página. : Addr: $007CFE77
credweb.exe: 00001F9C: 17:54:03 [127.0.0.1]:EIBNativeException : [FireDAC][Phys][FB]violation of FOREIGN KEY constraint "FK_TB_ETAPA" on table "TB_SOLICITACAO"
Foreign key reference target does not exist
Problematic key value is ("SITUACAO" = 1) : Addr: $0088E733
credweb.exe: 00001F9C: 18:03:42 [127.0.0.1]:EIBNativeException : [FireDAC][Phys][FB]violation of FOREIGN KEY constraint "FK_TB_ETAPA" on table "TB_SOLICITACAO"
Foreign key reference target does not exist
Problematic key value is ("SITUACAO" = 1) : Addr: $0088E733
credweb.exe: 0000347C: 18:11:47 [TUniServerModule]:Shutting Down Server.
credweb.exe: 0000347C: 18:11:47 [TUniServerModule]:Stopping HTTP Server.
credweb.exe: 0000347C: 18:11:47 [TUniServerModule]:HTTP Server Stopped.
credweb.exe: 0000347C: 18:11:47 [TUniGUISessionManager]:Terminating Session manager.
credweb.exe: 0000347C: 18:11:47 [TUniGUISessionManager]:Stopping Cache Eraser...
credweb.exe: 0000347C: 18:11:47 [TUniGUISessionManager]:Cache Eraser Stopped.
credweb.exe: 00001F9C: 18:11:47 [127.0.0.1]:EIBNativeException : [FireDAC][Phys][FB]violation of FOREIGN KEY constraint "FK_TB_ETAPA" on table "TB_SOLICITACAO"
Foreign key reference target does not exist
Problematic key value is ("SITUACAO" = 1) : Addr: $0088E733
credweb.exe: 0000347C: 18:11:47 [TUniGUISessionManager]:Destroying Worker Threads.
credweb.exe: 0000347C: 18:11:47 [TUniGUISessionManager]:Session manager terminated.
credweb.exe: 0000347C: 18:11:47 [TUniServerModule]:Server Shutdown Completed.
credweb.exe: 0000347C: 18:11:47 []:<-------------------------------------------------------------->
credweb.exe: 0000347C: 18:11:47 [Terminated]:Exit Code: 0
credweb.exe: 00001460: 18:14:03 []:>--------------------------------------------------------------<
credweb.exe: 00001460: 18:14:03 [TUniServerModule]:Server First Init.
credweb.exe: 00001460: 18:14:03 [TUniServerModule]:Starting HTTP Server on Port: 8077...
credweb.exe: 00001460: 18:14:03 [TUniServerModule]:HTTP Server Started on Port: 8077
credweb.exe: 000019E4: 18:14:45 [127.0.0.1]:EUniSessionException : Sua sessão expirou. Por favor, recarregue a página. : Addr: $007CFE77
credweb.exe: 00003BA0: 18:17:25 [127.0.0.1]:EIBNativeException : [FireDAC][Phys][FB]violation of FOREIGN KEY constraint "FK_TB_ETAPA" on table "TB_SOLICITACAO"
Foreign key reference target does not exist
Problematic key value is ("SITUACAO" = 1) : Addr: $0088E733
credweb.exe: 00001460: 18:33:43 [TUniServerModule]:Shutting Down Server.
credweb.exe: 00001460: 18:33:43 [TUniServerModule]:Stopping HTTP Server.
credweb.exe: 00001460: 18:33:44 [TUniServerModule]:HTTP Server Stopped.
credweb.exe: 00001460: 18:33:44 [TUniGUISessionManager]:Terminating Session manager.
credweb.exe: 00001460: 18:33:44 [TUniGUISessionManager]:Stopping Cache Eraser...
credweb.exe: 00001460: 18:33:44 [TUniGUISessionManager]:Cache Eraser Stopped.
credweb.exe: 00001460: 18:33:44 [TUniGUISessionManager]:Destroying Worker Threads.
credweb.exe: 00001460: 18:33:44 [TUniGUISessionManager]:Session manager terminated.
credweb.exe: 00001460: 18:33:44 [TUniServerModule]:Server Shutdown Completed.
credweb.exe: 00001460: 18:33:44 []:<-------------------------------------------------------------->
credweb.exe: 00001460: 18:33:44 [Terminated]:Exit Code: 0
credweb.exe: 00000788: 18:34:09 []:>--------------------------------------------------------------<
credweb.exe: 00000788: 18:34:09 [TUniServerModule]:Server First Init.
credweb.exe: 00000788: 18:34:09 [TUniServerModule]:Starting HTTP Server on Port: 8077...
credweb.exe: 00000788: 18:34:09 [TUniServerModule]:HTTP Server Started on Port: 8077
credweb.exe: 0000347C: 18:34:14 [127.0.0.1]:EUniSessionException : Sua sessão expirou. Por favor, recarregue a página. : Addr: $007CFE77
credweb.exe: 000021AC: 18:38:12 [127.0.0.1]:EDatabaseError : tb_solicitacao: Dataset not in edit or insert mode : Addr: $0065E64A
credweb.exe: 000021AC: 18:40:30 [127.0.0.1]:EDatabaseError : tb_solicitacao: Dataset not in edit or insert mode : Addr: $0065E64A
credweb.exe: 00000788: 18:41:44 [TUniServerModule]:Shutting Down Server.
credweb.exe: 00000788: 18:41:44 [TUniServerModule]:Stopping HTTP Server.
credweb.exe: 00000788: 18:41:45 [TUniServerModule]:HTTP Server Stopped.
credweb.exe: 00000788: 18:41:45 [TUniGUISessionManager]:Terminating Session manager.
credweb.exe: 00000788: 18:41:45 [TUniGUISessionManager]:Stopping Cache Eraser...
credweb.exe: 00000788: 18:41:45 [TUniGUISessionManager]:Cache Eraser Stopped.
credweb.exe: 00000788: 18:41:45 [TUniGUISessionManager]:Destroying Worker Threads.
credweb.exe: 00000788: 18:41:45 [TUniGUISessionManager]:Session manager terminated.
credweb.exe: 00000788: 18:41:45 [TUniServerModule]:Server Shutdown Completed.
credweb.exe: 00000788: 18:41:45 []:<-------------------------------------------------------------->
credweb.exe: 00000788: 18:41:45 [Terminated]:Exit Code: 0
credweb.exe: 000003A0: 18:41:54 []:>--------------------------------------------------------------<
credweb.exe: 000003A0: 18:41:54 [TUniServerModule]:Server First Init.
credweb.exe: 000003A0: 18:41:54 [TUniServerModule]:Starting HTTP Server on Port: 8077...
credweb.exe: 000003A0: 18:41:54 [TUniServerModule]:HTTP Server Started on Port: 8077
credweb.exe: 000006D0: 18:42:07 [127.0.0.1]:EUniSessionException : Sua sessão expirou. Por favor, recarregue a página. : Addr: $007CFE77
credweb.exe: 000003A0: 18:56:03 [TUniServerModule]:Shutting Down Server.
credweb.exe: 000003A0: 18:56:03 [TUniServerModule]:Stopping HTTP Server.
credweb.exe: 000003A0: 18:56:03 [TUniServerModule]:HTTP Server Stopped.
credweb.exe: 000003A0: 18:56:03 [TUniGUISessionManager]:Terminating Session manager.
credweb.exe: 000003A0: 18:56:03 [TUniGUISessionManager]:Stopping Cache Eraser...
credweb.exe: 000003A0: 18:56:03 [TUniGUISessionManager]:Cache Eraser Stopped.
credweb.exe: 00002988: 18:56:03 [127.0.0.1]:EDatabaseError : tb_solicitacao: Dataset not in edit or insert mode : Addr: $0065E64A
credweb.exe: 000003A0: 18:56:03 [TUniGUISessionManager]:Destroying Worker Threads.
credweb.exe: 000003A0: 18:56:03 [TUniGUISessionManager]:Session manager terminated.
credweb.exe: 000003A0: 18:56:03 [TUniServerModule]:Server Shutdown Completed.
credweb.exe: 000003A0: 18:56:03 []:<-------------------------------------------------------------->
credweb.exe: 000003A0: 18:56:03 [Terminated]:Exit Code: 0
credweb.exe: 00002260: 18:56:22 []:>--------------------------------------------------------------<
credweb.exe: 00002260: 18:56:22 [TUniServerModule]:Server First Init.
credweb.exe: 00002260: 18:56:22 [TUniServerModule]:Starting HTTP Server on Port: 8077...
credweb.exe: 00002260: 18:56:22 [TUniServerModule]:HTTP Server Started on Port: 8077
credweb.exe: 00002FF4: 18:56:31 [127.0.0.1]:EUniSessionException : Sua sessão expirou. Por favor, recarregue a página. : Addr: $007CFE77
credweb.exe: 00002260: 19:09:39 [TUniServerModule]:Shutting Down Server.
credweb.exe: 00002260: 19:09:39 [TUniServerModule]:Stopping HTTP Server.
credweb.exe: 00002260: 19:09:39 [TUniServerModule]:HTTP Server Stopped.
credweb.exe: 00002260: 19:09:39 [TUniGUISessionManager]:Terminating Session manager.
credweb.exe: 00002260: 19:09:39 [TUniGUISessionManager]:Stopping Cache Eraser...
credweb.exe: 00002260: 19:09:39 [TUniGUISessionManager]:Cache Eraser Stopped.
credweb.exe: 00000244: 19:09:39 [127.0.0.1]:EDatabaseError : tb_solicitacao: Dataset not in edit or insert mode : Addr: $0065E64A
credweb.exe: 00002260: 19:09:39 [TUniGUISessionManager]:Destroying Worker Threads.
credweb.exe: 00002260: 19:09:39 [TUniGUISessionManager]:Session manager terminated.
credweb.exe: 00002260: 19:09:39 [TUniServerModule]:Server Shutdown Completed.
credweb.exe: 00002260: 19:09:39 []:<-------------------------------------------------------------->
credweb.exe: 00002260: 19:09:39 [Terminated]:Exit Code: 0
credweb.exe: 00002220: 19:10:00 []:>--------------------------------------------------------------<
credweb.exe: 00002220: 19:10:00 [TUniServerModule]:Server First Init.
credweb.exe: 00002220: 19:10:00 [TUniServerModule]:Starting HTTP Server on Port: 8077...
credweb.exe: 00002220: 19:10:00 [TUniServerModule]:HTTP Server Started on Port: 8077
credweb.exe: 00002220: 19:10:53 [TUniServerModule]:Shutting Down Server.
credweb.exe: 00002220: 19:10:53 [TUniServerModule]:Stopping HTTP Server.
credweb.exe: 00002220: 19:10:54 [TUniServerModule]:HTTP Server Stopped.
credweb.exe: 00002220: 19:10:54 [TUniGUISessionManager]:Terminating Session manager.
credweb.exe: 00002220: 19:10:54 [TUniGUISessionManager]:Stopping Cache Eraser...
credweb.exe: 00002220: 19:10:54 [TUniGUISessionManager]:Cache Eraser Stopped.
credweb.exe: 00002220: 19:10:54 [TUniGUISessionManager]:Destroying Worker Threads.
credweb.exe: 00002220: 19:10:54 [TUniGUISessionManager]:Session manager terminated.
credweb.exe: 00002220: 19:10:54 [TUniServerModule]:Server Shutdown Completed.
credweb.exe: 00002220: 19:10:54 []:<-------------------------------------------------------------->
credweb.exe: 00002220: 19:10:54 [Terminated]:Exit Code: 0
credweb.exe: 00002690: 19:10:59 []:>--------------------------------------------------------------<
credweb.exe: 00002690: 19:10:59 [TUniServerModule]:Server First Init.
credweb.exe: 00002690: 19:10:59 [TUniServerModule]:Starting HTTP Server on Port: 8077...
credweb.exe: 00002690: 19:10:59 [TUniServerModule]:HTTP Server Started on Port: 8077
credweb.exe: 000009E8: 19:11:09 [127.0.0.1]:EUniSessionException : Sua sessão expirou. Por favor, recarregue a página. : Addr: $007CFE77
credweb.exe: 00002690: 19:25:56 [TUniServerModule]:Shutting Down Server.
credweb.exe: 00002690: 19:25:56 [TUniServerModule]:Stopping HTTP Server.
credweb.exe: 00002690: 19:25:57 [TUniServerModule]:HTTP Server Stopped.
credweb.exe: 00002690: 19:25:57 [TUniGUISessionManager]:Terminating Session manager.
credweb.exe: 00002690: 19:25:57 [TUniGUISessionManager]:Stopping Cache Eraser...
credweb.exe: 00002690: 19:25:57 [TUniGUISessionManager]:Cache Eraser Stopped.
credweb.exe: 00002690: 19:25:57 [TUniGUISessionManager]:Destroying Worker Threads.
credweb.exe: 00002690: 19:25:57 [TUniGUISessionManager]:Session manager terminated.
credweb.exe: 00002690: 19:25:57 [TUniServerModule]:Server Shutdown Completed.
credweb.exe: 00002690: 19:25:57 []:<-------------------------------------------------------------->
credweb.exe: 00002690: 19:25:57 [Terminated]:Exit Code: 0
credweb.exe: 000015E4: 19:26:19 []:>--------------------------------------------------------------<
credweb.exe: 000015E4: 19:26:19 [TUniServerModule]:Server First Init.
credweb.exe: 000015E4: 19:26:19 [TUniServerModule]:Starting HTTP Server on Port: 8077...
credweb.exe: 000015E4: 19:26:19 [TUniServerModule]:HTTP Server Started on Port: 8077
credweb.exe: 000030A8: 19:26:24 [127.0.0.1]:EUniSessionException : Sua sessão expirou. Por favor, recarregue a página. : Addr: $007CFE77
credweb.exe: 000015E4: 19:52:19 [TUniServerModule]:Shutting Down Server.
credweb.exe: 000015E4: 19:52:19 [TUniServerModule]:Stopping HTTP Server.
credweb.exe: 000015E4: 19:52:20 [TUniServerModule]:HTTP Server Stopped.
credweb.exe: 000015E4: 19:52:20 [TUniGUISessionManager]:Terminating Session manager.
credweb.exe: 000015E4: 19:52:20 [TUniGUISessionManager]:Stopping Cache Eraser...
credweb.exe: 000015E4: 19:52:20 [TUniGUISessionManager]:Cache Eraser Stopped.
credweb.exe: 000015E4: 19:52:20 [TUniGUISessionManager]:Destroying Worker Threads.
credweb.exe: 000015E4: 19:52:20 [TUniGUISessionManager]:Session manager terminated.
credweb.exe: 000015E4: 19:52:20 [TUniServerModule]:Server Shutdown Completed.
credweb.exe: 000015E4: 19:52:20 []:<-------------------------------------------------------------->
credweb.exe: 000015E4: 19:52:20 [Terminated]:Exit Code: 0
credweb.exe: 00001E6C: 19:52:33 []:>--------------------------------------------------------------<
credweb.exe: 00001E6C: 19:52:33 [TUniServerModule]:Server First Init.
credweb.exe: 00001E6C: 19:52:33 [TUniServerModule]:Starting HTTP Server on Port: 8077...
credweb.exe: 00001E6C: 19:52:33 [TUniServerModule]:HTTP Server Started on Port: 8077
credweb.exe: 00001D40: 19:52:37 [127.0.0.1]:EUniSessionException : Sua sessão expirou. Por favor, recarregue a página. : Addr: $007CFE77
credweb.exe: 00001E6C: 19:59:44 [TUniServerModule]:Shutting Down Server.
credweb.exe: 00001E6C: 19:59:44 [TUniServerModule]:Stopping HTTP Server.
credweb.exe: 00001E6C: 19:59:45 [TUniServerModule]:HTTP Server Stopped.
credweb.exe: 00001E6C: 19:59:45 [TUniGUISessionManager]:Terminating Session manager.
credweb.exe: 00001E6C: 19:59:45 [TUniGUISessionManager]:Stopping Cache Eraser...
credweb.exe: 00001E6C: 19:59:45 [TUniGUISessionManager]:Cache Eraser Stopped.
credweb.exe: 00001E6C: 19:59:45 [TUniGUISessionManager]:Destroying Worker Threads.
credweb.exe: 00001E6C: 19:59:45 [TUniGUISessionManager]:Session manager terminated.
credweb.exe: 00001E6C: 19:59:45 [TUniServerModule]:Server Shutdown Completed.
credweb.exe: 00001E6C: 19:59:45 []:<-------------------------------------------------------------->
credweb.exe: 00001E6C: 19:59:45 [Terminated]:Exit Code: 0
credweb.exe: 00000240: 19:59:52 []:>--------------------------------------------------------------<
credweb.exe: 00000240: 19:59:52 [TUniServerModule]:Server First Init.
credweb.exe: 00000240: 19:59:52 [TUniServerModule]:Starting HTTP Server on Port: 8077...
credweb.exe: 00000240: 19:59:52 [TUniServerModule]:HTTP Server Started on Port: 8077
credweb.exe: 00001DDC: 19:59:58 [127.0.0.1]:EUniSessionException : Sua sessão expirou. Por favor, recarregue a página. : Addr: $007CFE77
credweb.exe: 00000240: 20:03:38 [TUniServerModule]:Shutting Down Server.
credweb.exe: 00000240: 20:03:38 [TUniServerModule]:Stopping HTTP Server.
credweb.exe: 00000240: 20:03:39 [TUniServerModule]:HTTP Server Stopped.
credweb.exe: 00000240: 20:03:39 [TUniGUISessionManager]:Terminating Session manager.
credweb.exe: 00000240: 20:03:39 [TUniGUISessionManager]:Stopping Cache Eraser...
credweb.exe: 00000240: 20:03:39 [TUniGUISessionManager]:Cache Eraser Stopped.
credweb.exe: 00003438: 20:03:39 [127.0.0.1]:EDatabaseError : tb_solicitacao: Dataset not in edit or insert mode : Addr: $0065E64A
credweb.exe: 00000240: 20:03:39 [TUniGUISessionManager]:Destroying Worker Threads.
credweb.exe: 00000240: 20:03:39 [TUniGUISessionManager]:Session manager terminated.
credweb.exe: 00000240: 20:03:39 [TUniServerModule]:Server Shutdown Completed.
credweb.exe: 00000240: 20:03:39 []:<-------------------------------------------------------------->
credweb.exe: 00000240: 20:03:39 [Terminated]:Exit Code: 0
credweb.exe: 00003530: 20:04:09 []:>--------------------------------------------------------------<
credweb.exe: 00003530: 20:04:09 [TUniServerModule]:Server First Init.
credweb.exe: 00003530: 20:04:09 [TUniServerModule]:Starting HTTP Server on Port: 8077...
credweb.exe: 00003530: 20:04:09 [TUniServerModule]:HTTP Server Started on Port: 8077
credweb.exe: 000004C8: 20:04:09 []:>--------------------------------------------------------------<
credweb.exe: 000004C8: 20:04:09 [TUniServerModule]:Server First Init.
credweb.exe: 000004C8: 20:04:09 [TUniServerModule]:Global Cache Folder Erased. <1> Files deleted.
credweb.exe: 000004C8: 20:04:09 [TUniServerModule]:Starting HTTP Server on Port: 8077...
credweb.exe: 000004C8: 20:04:09 [InitWebServer]:EIdCouldNotBindSocket : Could not bind socket. Address and port are already in use. : Addr: $006DCFE5
credweb.exe: 00003530: 20:04:18 [TUniServerModule]:Shutting Down Server.
credweb.exe: 00003530: 20:04:18 [TUniServerModule]:Stopping HTTP Server.
credweb.exe: 00003530: 20:04:19 [TUniServerModule]:HTTP Server Stopped.
credweb.exe: 00003530: 20:04:19 [TUniGUISessionManager]:Terminating Session manager.
credweb.exe: 00003530: 20:04:19 [TUniGUISessionManager]:Stopping Cache Eraser...
credweb.exe: 00003530: 20:04:19 [TUniGUISessionManager]:Cache Eraser Stopped.
credweb.exe: 00003530: 20:04:19 [TUniGUISessionManager]:Destroying Worker Threads.
credweb.exe: 00003530: 20:04:19 [TUniGUISessionManager]:Session manager terminated.
credweb.exe: 00003530: 20:04:19 [TUniServerModule]:Server Shutdown Completed.
credweb.exe: 00003530: 20:04:19 []:<-------------------------------------------------------------->
credweb.exe: 00003530: 20:04:19 [Terminated]:Exit Code: 0
credweb.exe: 000004C8: 20:04:21 [TUniServerModule]:Shutting Down Server.
credweb.exe: 000004C8: 20:04:21 [TUniServerModule]:Stopping HTTP Server.
credweb.exe: 000004C8: 20:04:21 [TUniServerModule]:HTTP Server Stopped.
credweb.exe: 000004C8: 20:04:21 [TUniGUISessionManager]:Terminating Session manager.
credweb.exe: 000004C8: 20:04:21 [TUniGUISessionManager]:Stopping Cache Eraser...
credweb.exe: 000004C8: 20:04:21 [TUniGUISessionManager]:Cache Eraser Stopped.
credweb.exe: 000004C8: 20:04:21 [TUniGUISessionManager]:Destroying Worker Threads.
credweb.exe: 000004C8: 20:04:21 [TUniGUISessionManager]:Session manager terminated.
credweb.exe: 000004C8: 20:04:21 [TUniServerModule]:Server Shutdown Completed.
credweb.exe: 000004C8: 20:04:21 []:<-------------------------------------------------------------->
credweb.exe: 000004C8: 20:04:21 [Terminated]:Exit Code: 0
credweb.exe: 00000AFC: 20:04:29 []:>--------------------------------------------------------------<
credweb.exe: 00000AFC: 20:04:29 [TUniServerModule]:Server First Init.
credweb.exe: 00000AFC: 20:04:30 [TUniServerModule]:Starting HTTP Server on Port: 8077...
credweb.exe: 00000AFC: 20:04:30 [TUniServerModule]:HTTP Server Started on Port: 8077
credweb.exe: 00001918: 20:04:36 [127.0.0.1]:EUniSessionException : Sua sessão expirou. Por favor, recarregue a página. : Addr: $007CFE77
credweb.exe: 00003AC0: 20:04:44 [127.0.0.1]:EIBNativeException : [FireDAC][Phys][FB]multiple rows in singleton select : Addr: $0088E733
credweb.exe: 00003AC0: 20:05:05 [127.0.0.1]:EIBNativeException : [FireDAC][Phys][FB]multiple rows in singleton select : Addr: $0088E733
credweb.exe: 00000AFC: 20:05:13 [TUniServerModule]:Shutting Down Server.
credweb.exe: 00000AFC: 20:05:13 [TUniServerModule]:Stopping HTTP Server.
credweb.exe: 00000AFC: 20:05:15 [TUniServerModule]:HTTP Server Stopped.
credweb.exe: 00000AFC: 20:05:15 [TUniGUISessionManager]:Terminating Session manager.
credweb.exe: 00000AFC: 20:05:15 [TUniGUISessionManager]:Stopping Cache Eraser...
credweb.exe: 00000AFC: 20:05:15 [TUniGUISessionManager]:Cache Eraser Stopped.
credweb.exe: 00000AFC: 20:05:15 [TUniGUISessionManager]:Destroying Worker Threads.
credweb.exe: 00000AFC: 20:05:15 [TUniGUISessionManager]:Session manager terminated.
credweb.exe: 00000AFC: 20:05:15 [TUniServerModule]:Server Shutdown Completed.
credweb.exe: 00000AFC: 20:05:15 []:<-------------------------------------------------------------->
credweb.exe: 00000AFC: 20:05:15 [Terminated]:Exit Code: 0
credweb.exe: 000034E0: 20:05:23 []:>--------------------------------------------------------------<
credweb.exe: 000034E0: 20:05:23 [TUniServerModule]:Server First Init.
credweb.exe: 000034E0: 20:05:23 [TUniServerModule]:Starting HTTP Server on Port: 8077...
credweb.exe: 000034E0: 20:05:23 [TUniServerModule]:HTTP Server Started on Port: 8077
credweb.exe: 000024F8: 20:05:34 [127.0.0.1]:EUniSessionException : Sua sessão expirou. Por favor, recarregue a página. : Addr: $007CFE77
credweb.exe: 00000EB4: 20:05:34 [127.0.0.1]:EUniSessionException : Sua sessão expirou. Por favor, recarregue a página. : Addr: $007CFE77
credweb.exe: 000024F8: 20:06:44 [[FireDAC][Phys][FB]violation of FOREIGN KEY constraint "FK_TB_CLIENTE_1" on table "TB_CLIENTE"
Foreign key reference target does not exist
Problematic key value is ("USUARIO" = 9)-127.0.0.1]:EIBNativeException : [FireDAC][Phys][FB]violation of FOREIGN KEY constraint "FK_TB_CLIENTE_1" on table "TB_CLIENTE"
Foreign key reference target does not exist
Problematic key value is ("USUARIO" = 9) : Addr: $0088E733
credweb.exe: 000034E0: 20:11:12 [TUniServerModule]:Shutting Down Server.
credweb.exe: 000034E0: 20:11:12 [TUniServerModule]:Stopping HTTP Server.
credweb.exe: 000034E0: 20:11:12 [TUniServerModule]:HTTP Server Stopped.
credweb.exe: 000034E0: 20:11:12 [TUniGUISessionManager]:Terminating Session manager.
credweb.exe: 000034E0: 20:11:12 [TUniGUISessionManager]:Stopping Cache Eraser...
credweb.exe: 000034E0: 20:11:12 [TUniGUISessionManager]:Cache Eraser Stopped.
credweb.exe: 00002868: 20:11:12 [127.0.0.1]:EDatabaseError : tb_solicitacao: Dataset not in edit or insert mode : Addr: $0065E64A
credweb.exe: 000034E0: 20:11:12 [TUniGUISessionManager]:Destroying Worker Threads.
credweb.exe: 000034E0: 20:11:12 [TUniGUISessionManager]:Session manager terminated.
credweb.exe: 000034E0: 20:11:12 [TUniServerModule]:Server Shutdown Completed.
credweb.exe: 000034E0: 20:11:12 []:<-------------------------------------------------------------->
credweb.exe: 000034E0: 20:11:12 [Terminated]:Exit Code: 0
credweb.exe: 0000257C: 20:11:28 []:>--------------------------------------------------------------<
credweb.exe: 0000257C: 20:11:28 [TUniServerModule]:Server First Init.
credweb.exe: 0000257C: 20:11:28 [TUniServerModule]:Starting HTTP Server on Port: 8077...
credweb.exe: 0000257C: 20:11:28 [TUniServerModule]:HTTP Server Started on Port: 8077
credweb.exe: 00000CEC: 20:11:33 [127.0.0.1]:EUniSessionException : Sua sessão expirou. Por favor, recarregue a página. : Addr: $007CFE77
credweb.exe: 0000257C: 20:15:13 [TUniServerModule]:Shutting Down Server.
credweb.exe: 0000257C: 20:15:13 [TUniServerModule]:Stopping HTTP Server.
credweb.exe: 0000257C: 20:15:14 [TUniServerModule]:HTTP Server Stopped.
credweb.exe: 0000257C: 20:15:14 [TUniGUISessionManager]:Terminating Session manager.
credweb.exe: 0000257C: 20:15:14 [TUniGUISessionManager]:Stopping Cache Eraser...
credweb.exe: 0000257C: 20:15:14 [TUniGUISessionManager]:Cache Eraser Stopped.
credweb.exe: 0000257C: 20:15:14 [TUniGUISessionManager]:Destroying Worker Threads.
credweb.exe: 0000257C: 20:15:14 [TUniGUISessionManager]:Session manager terminated.
credweb.exe: 0000257C: 20:15:14 [TUniServerModule]:Server Shutdown Completed.
credweb.exe: 0000257C: 20:15:14 []:<-------------------------------------------------------------->
credweb.exe: 0000257C: 20:15:14 [Terminated]:Exit Code: 0
credweb.exe: 0000029C: 20:15:51 []:>--------------------------------------------------------------<
credweb.exe: 0000029C: 20:15:51 [TUniServerModule]:Server First Init.
credweb.exe: 0000029C: 20:15:51 [TUniServerModule]:Starting HTTP Server on Port: 8077...
credweb.exe: 0000029C: 20:15:51 [TUniServerModule]:HTTP Server Started on Port: 8077
credweb.exe: 0000029C: 20:16:47 [TUniServerModule]:Shutting Down Server.
credweb.exe: 0000029C: 20:16:47 [TUniServerModule]:Stopping HTTP Server.
credweb.exe: 0000029C: 20:16:48 [TUniServerModule]:HTTP Server Stopped.
credweb.exe: 0000029C: 20:16:48 [TUniGUISessionManager]:Terminating Session manager.
credweb.exe: 0000029C: 20:16:48 [TUniGUISessionManager]:Stopping Cache Eraser...
credweb.exe: 0000029C: 20:16:48 [TUniGUISessionManager]:Cache Eraser Stopped.
credweb.exe: 0000029C: 20:16:48 [TUniGUISessionManager]:Destroying Worker Threads.
credweb.exe: 0000029C: 20:16:48 [TUniGUISessionManager]:Session manager terminated.
credweb.exe: 0000029C: 20:16:48 [TUniServerModule]:Server Shutdown Completed.
credweb.exe: 0000029C: 20:16:48 []:<-------------------------------------------------------------->
credweb.exe: 0000029C: 20:16:48 [Terminated]:Exit Code: 0
credweb.exe: 00003B50: 20:16:56 []:>--------------------------------------------------------------<
credweb.exe: 00003B50: 20:16:56 [TUniServerModule]:Server First Init.
credweb.exe: 00003B50: 20:16:56 [TUniServerModule]:Starting HTTP Server on Port: 8077...
credweb.exe: 00003B50: 20:16:56 [TUniServerModule]:HTTP Server Started on Port: 8077
credweb.exe: 00002028: 20:16:59 [127.0.0.1]:EUniSessionException : Sua sessão expirou. Por favor, recarregue a página. : Addr: $007CFE77
credweb.exe: 00003B50: 20:21:33 [TUniServerModule]:Shutting Down Server.
credweb.exe: 00003B50: 20:21:33 [TUniServerModule]:Stopping HTTP Server.
credweb.exe: 00003B50: 20:21:34 [TUniServerModule]:HTTP Server Stopped.
credweb.exe: 00003B50: 20:21:34 [TUniGUISessionManager]:Terminating Session manager.
credweb.exe: 00003B50: 20:21:34 [TUniGUISessionManager]:Stopping Cache Eraser...
credweb.exe: 00003B50: 20:21:34 [TUniGUISessionManager]:Cache Eraser Stopped.
credweb.exe: 00003B50: 20:21:34 [TUniGUISessionManager]:Destroying Worker Threads.
credweb.exe: 00003B50: 20:21:34 [TUniGUISessionManager]:Session manager terminated.
credweb.exe: 00003B50: 20:21:34 [TUniServerModule]:Server Shutdown Completed.
credweb.exe: 00003B50: 20:21:34 []:<-------------------------------------------------------------->
credweb.exe: 00003B50: 20:21:34 [Terminated]:Exit Code: 0
credweb.exe: 0000294C: 20:32:32 []:>--------------------------------------------------------------<
credweb.exe: 0000294C: 20:32:32 [TUniServerModule]:Server First Init.
credweb.exe: 0000294C: 20:32:32 [TUniServerModule]:Debug Mode = ON
credweb.exe: 0000294C: 20:32:32 [TUniServerModule]:Starting HTTP Server on Port: 8077...
credweb.exe: 0000294C: 20:32:32 [TUniServerModule]:HTTP Server Started on Port: 8077
credweb.exe: 000037B8: 20:32:49 [127.0.0.1]:EUniSessionException : Sua sessão expirou. Por favor, recarregue a página. : Addr: $007CFE77
credweb.exe: 000039EC: 20:36:17 []:>--------------------------------------------------------------<
credweb.exe: 000039EC: 20:36:17 [TUniServerModule]:Server First Init.
credweb.exe: 000039EC: 20:36:17 [TUniServerModule]:Debug Mode = ON
credweb.exe: 000039EC: 20:36:17 [TUniServerModule]:Global Cache Folder Erased. <18> Files deleted.
credweb.exe: 000039EC: 20:36:18 [TUniServerModule]:Starting HTTP Server on Port: 8077...
credweb.exe: 000039EC: 20:36:18 [TUniServerModule]:HTTP Server Started on Port: 8077
credweb.exe: 000019B0: 20:36:41 [127.0.0.1]:EUniSessionException : Sua sessão expirou. Por favor, recarregue a página. : Addr: $007CFE77
credweb.exe: 00001738: 20:55:12 []:>--------------------------------------------------------------<
credweb.exe: 00001738: 20:55:12 [TUniServerModule]:Server First Init.
credweb.exe: 00001738: 20:55:13 [TUniServerModule]:Global Cache Folder Erased. <18> Files deleted.
credweb.exe: 00001738: 20:55:13 [TUniServerModule]:Starting HTTP Server on Port: 8077...
credweb.exe: 00001738: 20:55:13 [TUniServerModule]:HTTP Server Started on Port: 8077
credweb.exe: 00001D68: 20:55:13 [127.0.0.1]:EUniSessionException : Sua sessão expirou. Por favor, recarregue a página. : Addr: $007CFE77
credweb.exe: 00001738: 20:56:52 [TUniServerModule]:Shutting Down Server.
credweb.exe: 00001738: 20:56:52 [TUniServerModule]:Stopping HTTP Server.
credweb.exe: 00001738: 20:56:53 [TUniServerModule]:HTTP Server Stopped.
credweb.exe: 00001738: 20:56:53 [TUniGUISessionManager]:Terminating Session manager.
credweb.exe: 00001738: 20:56:53 [TUniGUISessionManager]:Stopping Cache Eraser...
credweb.exe: 00001738: 20:56:53 [TUniGUISessionManager]:Cache Eraser Stopped.
credweb.exe: 00001738: 20:56:53 [TUniGUISessionManager]:Destroying Worker Threads.
credweb.exe: 00001738: 20:56:53 [TUniGUISessionManager]:Session manager terminated.
credweb.exe: 00001738: 20:56:53 [TUniServerModule]:Server Shutdown Completed.
credweb.exe: 00001738: 20:56:53 []:<-------------------------------------------------------------->
credweb.exe: 00001738: 20:56:53 [Terminated]:Exit Code: 0
credweb.exe: 0000288C: 20:57:03 []:>--------------------------------------------------------------<
credweb.exe: 0000288C: 20:57:03 [TUniServerModule]:Server First Init.
credweb.exe: 0000288C: 20:57:03 [TUniServerModule]:Starting HTTP Server on Port: 8077...
credweb.exe: 0000288C: 20:57:03 [TUniServerModule]:HTTP Server Started on Port: 8077
credweb.exe: 000011E0: 20:57:09 [127.0.0.1]:EUniSessionException : Sua sessão expirou. Por favor, recarregue a página. : Addr: $007CFE77
credweb.exe: 0000288C: 21:00:10 [TUniServerModule]:Shutting Down Server.
credweb.exe: 0000288C: 21:00:10 [TUniServerModule]:Stopping HTTP Server.
credweb.exe: 0000288C: 21:00:11 [TUniServerModule]:HTTP Server Stopped.
credweb.exe: 0000288C: 21:00:11 [TUniGUISessionManager]:Terminating Session manager.
credweb.exe: 0000288C: 21:00:11 [TUniGUISessionManager]:Stopping Cache Eraser...
credweb.exe: 0000288C: 21:00:11 [TUniGUISessionManager]:Cache Eraser Stopped.
credweb.exe: 0000288C: 21:00:11 [TUniGUISessionManager]:Destroying Worker Threads.
credweb.exe: 0000288C: 21:00:12 [TUniGUISessionManager]:Session manager terminated.
credweb.exe: 0000288C: 21:00:12 [TUniServerModule]:Server Shutdown Completed.
credweb.exe: 0000288C: 21:00:12 []:<-------------------------------------------------------------->
credweb.exe: 0000288C: 21:00:12 [Terminated]:Exit Code: 0
credweb.exe: 00002328: 21:03:44 []:>--------------------------------------------------------------<
credweb.exe: 00002328: 21:03:44 [TUniServerModule]:Server First Init.
credweb.exe: 00002328: 21:03:44 [TUniServerModule]:Starting HTTP Server on Port: 8077...
credweb.exe: 00002328: 21:03:44 [TUniServerModule]:HTTP Server Started on Port: 8077
credweb.exe: 00002BDC: 21:03:48 [127.0.0.1]:EUniSessionException : Sua sessão expirou. Por favor, recarregue a página. : Addr: $007CFE77
credweb.exe: 00002328: 21:12:42 [TUniServerModule]:Shutting Down Server.
credweb.exe: 00002328: 21:12:42 [TUniServerModule]:Stopping HTTP Server.
credweb.exe: 00002328: 21:12:42 [TUniServerModule]:HTTP Server Stopped.
credweb.exe: 00002328: 21:12:42 [TUniGUISessionManager]:Terminating Session manager.
credweb.exe: 00002328: 21:12:42 [TUniGUISessionManager]:Stopping Cache Eraser...
credweb.exe: 00002328: 21:12:42 [TUniGUISessionManager]:Cache Eraser Stopped.
credweb.exe: 00002328: 21:12:42 [TUniGUISessionManager]:Destroying Worker Threads.
credweb.exe: 00002328: 21:12:42 [TUniGUISessionManager]:Session manager terminated.
credweb.exe: 00002328: 21:12:42 [TUniServerModule]:Server Shutdown Completed.
credweb.exe: 00002328: 21:12:42 []:<-------------------------------------------------------------->
credweb.exe: 00002328: 21:12:42 [Terminated]:Exit Code: 0
credweb.exe: 00003BD0: 21:19:02 []:>--------------------------------------------------------------<
credweb.exe: 00003BD0: 21:19:02 [TUniServerModule]:Server First Init.
credweb.exe: 00003BD0: 21:19:02 [TUniServerModule]:Starting HTTP Server on Port: 8077...
credweb.exe: 00003BD0: 21:19:02 [TUniServerModule]:HTTP Server Started on Port: 8077
credweb.exe: 00003A8C: 21:19:06 [127.0.0.1]:EUniSessionException : Sua sessão expirou. Por favor, recarregue a página. : Addr: $007CFE77
credweb.exe: 00003BD0: 21:25:14 [TUniServerModule]:Shutting Down Server.
credweb.exe: 00003BD0: 21:25:14 [TUniServerModule]:Stopping HTTP Server.
credweb.exe: 00003BD0: 21:25:15 [TUniServerModule]:HTTP Server Stopped.
credweb.exe: 00003BD0: 21:25:15 [TUniGUISessionManager]:Terminating Session manager.
credweb.exe: 00003BD0: 21:25:15 [TUniGUISessionManager]:Stopping Cache Eraser...
credweb.exe: 00003BD0: 21:25:15 [TUniGUISessionManager]:Cache Eraser Stopped.
credweb.exe: 00003BD0: 21:25:15 [TUniGUISessionManager]:Destroying Worker Threads.
credweb.exe: 00003BD0: 21:25:15 [TUniGUISessionManager]:Session manager terminated.
credweb.exe: 00003BD0: 21:25:15 [TUniServerModule]:Server Shutdown Completed.
credweb.exe: 00003BD0: 21:25:15 []:<-------------------------------------------------------------->
credweb.exe: 00003BD0: 21:25:15 [Terminated]:Exit Code: 0
credweb.exe: 00002948: 21:25:28 []:>--------------------------------------------------------------<
credweb.exe: 00002948: 21:25:28 [TUniServerModule]:Server First Init.
credweb.exe: 00002948: 21:25:28 [TUniServerModule]:Starting HTTP Server on Port: 8077...
credweb.exe: 00002948: 21:25:28 [TUniServerModule]:HTTP Server Started on Port: 8077
credweb.exe: 000031AC: 21:25:33 [127.0.0.1]:EUniSessionException : Sua sessão expirou. Por favor, recarregue a página. : Addr: $007CFE77
credweb.exe: 00000C20: 21:26:48 [127.0.0.1]:EDatabaseError : Invalid value for field 'LINHACREDITO' : Addr: $0065E65F
credweb.exe: 00002948: 21:28:20 [TUniServerModule]:Shutting Down Server.
credweb.exe: 00002948: 21:28:20 [TUniServerModule]:Stopping HTTP Server.
credweb.exe: 00002948: 21:28:21 [TUniServerModule]:HTTP Server Stopped.
credweb.exe: 00002948: 21:28:21 [TUniGUISessionManager]:Terminating Session manager.
credweb.exe: 00002948: 21:28:21 [TUniGUISessionManager]:Stopping Cache Eraser...
credweb.exe: 00002948: 21:28:21 [TUniGUISessionManager]:Cache Eraser Stopped.
credweb.exe: 00002948: 21:28:21 [TUniGUISessionManager]:Destroying Worker Threads.
credweb.exe: 00002948: 21:28:21 [TUniGUISessionManager]:Session manager terminated.
credweb.exe: 00002948: 21:28:21 [TUniServerModule]:Server Shutdown Completed.
credweb.exe: 00002948: 21:28:21 []:<-------------------------------------------------------------->
credweb.exe: 00002948: 21:28:21 [Terminated]:Exit Code: 0
credweb.exe: 00000E50: 21:28:28 []:>--------------------------------------------------------------<
credweb.exe: 00000E50: 21:28:28 [TUniServerModule]:Server First Init.
credweb.exe: 00000E50: 21:28:28 [TUniServerModule]:Starting HTTP Server on Port: 8077...
credweb.exe: 00000E50: 21:28:28 [TUniServerModule]:HTTP Server Started on Port: 8077
credweb.exe: 00003144: 21:28:33 [127.0.0.1]:EUniSessionException : Sua sessão expirou. Por favor, recarregue a página. : Addr: $007CFE77
credweb.exe: 00000E50: 21:31:43 [TUniServerModule]:Shutting Down Server.
credweb.exe: 00000E50: 21:31:43 [TUniServerModule]:Stopping HTTP Server.
credweb.exe: 00000E50: 21:31:44 [TUniServerModule]:HTTP Server Stopped.
credweb.exe: 00000E50: 21:31:44 [TUniGUISessionManager]:Terminating Session manager.
credweb.exe: 00000E50: 21:31:44 [TUniGUISessionManager]:Stopping Cache Eraser...
credweb.exe: 00000E50: 21:31:44 [TUniGUISessionManager]:Cache Eraser Stopped.
credweb.exe: 00000E50: 21:31:44 [TUniGUISessionManager]:Destroying Worker Threads.
credweb.exe: 00000E50: 21:31:44 [TUniGUISessionManager]:Session manager terminated.
credweb.exe: 00000E50: 21:31:44 [TUniServerModule]:Server Shutdown Completed.
credweb.exe: 00000E50: 21:31:44 []:<-------------------------------------------------------------->
credweb.exe: 00000E50: 21:31:44 [Terminated]:Exit Code: 0
