RNMAISCREDITO.exe: 0000070C: 09:23:14 []:>--------------------------------------------------------------<
RNMAISCREDITO.exe: 0000070C: 09:23:14 [TUniServerModule]:Server First Init.
RNMAISCREDITO.exe: 0000070C: 09:23:15 [TUniServerModule]:Global Cache Folder Erased. <11> Files deleted.
RNMAISCREDITO.exe: 0000070C: 09:23:15 [TUniServerModule]:Starting HTTP Server on Port: 8077...
RNMAISCREDITO.exe: 0000070C: 09:23:15 [TUniServerModule]:HTTP Server Started on Port: 8077
RNMAISCREDITO.exe: 00000EFC: 09:23:45 [127.0.0.1]:EDatabaseError : tb_solicitacao: Field 'NOMESOCIO1' not found : Addr: $0065E7B2
RNMAISCREDITO.exe: 00001FE8: 09:24:24 [127.0.0.1]:EDatabaseError : tb_solicitacao: Cannot perform this operation on a closed dataset : Addr: $0065E7B2
RNMAISCREDITO.exe: 00001FE8: 09:24:31 [127.0.0.1]:EDatabaseError : tb_solicitacao: Cannot perform this operation on a closed dataset : Addr: $0065E7B2
RNMAISCREDITO.exe: 0000070C: 09:25:15 [TUniServerModule]:Shutting Down Server.
RNMAISCREDITO.exe: 0000070C: 09:25:15 [TUniServerModule]:Stopping HTTP Server.
RNMAISCREDITO.exe: 0000070C: 09:25:16 [TUniServerModule]:HTTP Server Stopped.
RNMAISCREDITO.exe: 0000070C: 09:25:16 [TUniGUISessionManager]:Terminating Session manager.
RNMAISCREDITO.exe: 0000070C: 09:25:16 [TUniGUISessionManager]:Stopping Cache Eraser...
RNMAISCREDITO.exe: 0000070C: 09:25:16 [TUniGUISessionManager]:Cache Eraser Stopped.
RNMAISCREDITO.exe: 0000070C: 09:25:16 [TUniGUISessionManager]:Destroying Worker Threads.
RNMAISCREDITO.exe: 0000070C: 09:25:16 [TUniGUISessionManager]:Session manager terminated.
RNMAISCREDITO.exe: 0000070C: 09:25:16 [TUniServerModule]:Server Shutdown Completed.
RNMAISCREDITO.exe: 0000070C: 09:25:16 []:<-------------------------------------------------------------->
RNMAISCREDITO.exe: 0000070C: 09:25:16 [Terminated]:Exit Code: 0
RNMAISCREDITO.exe: 000023D8: 09:25:29 []:>--------------------------------------------------------------<
RNMAISCREDITO.exe: 000023D8: 09:25:29 [TUniServerModule]:Server First Init.
RNMAISCREDITO.exe: 000023D8: 09:25:29 [TUniServerModule]:Starting HTTP Server on Port: 8077...
RNMAISCREDITO.exe: 000023D8: 09:25:29 [TUniServerModule]:HTTP Server Started on Port: 8077
RNMAISCREDITO.exe: 00002C18: 09:25:32 [127.0.0.1]:EDatabaseError : tb_solicitacao: Field 'NOMESOCIO1' not found : Addr: $0065E7B2
RNMAISCREDITO.exe: 00002C18: 09:25:36 [127.0.0.1]:EUniSessionException : #2-Sua sessão expirou. Por favor, recarregue a página. (Session not found: WdsgzBqOXv1088593CD ) : Addr: $007CFEDA
RNMAISCREDITO.exe: 0000191C: 09:27:16 [127.0.0.1]:EDatabaseError : tb_solicitacao: Cannot perform this operation on a closed dataset : Addr: $0065E7B2
RNMAISCREDITO.exe: 000023D8: 09:28:59 [TUniServerModule]:Shutting Down Server.
RNMAISCREDITO.exe: 000023D8: 09:28:59 [TUniServerModule]:Stopping HTTP Server.
RNMAISCREDITO.exe: 000023D8: 09:29:00 [TUniServerModule]:HTTP Server Stopped.
RNMAISCREDITO.exe: 000023D8: 09:29:00 [TUniGUISessionManager]:Terminating Session manager.
RNMAISCREDITO.exe: 000023D8: 09:29:00 [TUniGUISessionManager]:Stopping Cache Eraser...
RNMAISCREDITO.exe: 000023D8: 09:29:00 [TUniGUISessionManager]:Cache Eraser Stopped.
RNMAISCREDITO.exe: 000023D8: 09:29:00 [TUniGUISessionManager]:Destroying Worker Threads.
RNMAISCREDITO.exe: 000023D8: 09:29:00 [TUniGUISessionManager]:Session manager terminated.
RNMAISCREDITO.exe: 000023D8: 09:29:00 [TUniServerModule]:Server Shutdown Completed.
RNMAISCREDITO.exe: 000023D8: 09:29:00 []:<-------------------------------------------------------------->
RNMAISCREDITO.exe: 000023D8: 09:29:00 [Terminated]:Exit Code: 0
RNMAISCREDITO.exe: 00002868: 09:29:20 []:>--------------------------------------------------------------<
RNMAISCREDITO.exe: 00002868: 09:29:20 [TUniServerModule]:Server First Init.
RNMAISCREDITO.exe: 00002868: 09:29:20 [TUniServerModule]:Starting HTTP Server on Port: 8077...
RNMAISCREDITO.exe: 00002868: 09:29:20 [TUniServerModule]:HTTP Server Started on Port: 8077
RNMAISCREDITO.exe: 0000199C: 09:29:25 [127.0.0.1]:EDatabaseError : tb_solicitacao: Field 'NOMESOCIO1' not found : Addr: $0065E7B2
RNMAISCREDITO.exe: 0000199C: 09:29:28 [127.0.0.1]:EUniSessionException : #2-Sua sessão expirou. Por favor, recarregue a página. (Session not found: NUpKum4c7O10885944A ) : Addr: $007CFEDA
RNMAISCREDITO.exe: 000014FC: 09:29:56 [127.0.0.1]:EDatabaseError : tb_solicitacao: Cannot perform this operation on a closed dataset : Addr: $0065E7B2
RNMAISCREDITO.exe: 00002868: 09:30:57 [TUniServerModule]:Shutting Down Server.
RNMAISCREDITO.exe: 00002868: 09:30:57 [TUniServerModule]:Stopping HTTP Server.
RNMAISCREDITO.exe: 00002868: 09:30:58 [TUniServerModule]:HTTP Server Stopped.
RNMAISCREDITO.exe: 00002868: 09:30:58 [TUniGUISessionManager]:Terminating Session manager.
RNMAISCREDITO.exe: 00002868: 09:30:58 [TUniGUISessionManager]:Stopping Cache Eraser...
RNMAISCREDITO.exe: 00002868: 09:30:58 [TUniGUISessionManager]:Cache Eraser Stopped.
RNMAISCREDITO.exe: 00002868: 09:30:58 [TUniGUISessionManager]:Destroying Worker Threads.
RNMAISCREDITO.exe: 00002868: 09:30:58 [TUniGUISessionManager]:Session manager terminated.
RNMAISCREDITO.exe: 00002868: 09:30:58 [TUniServerModule]:Server Shutdown Completed.
RNMAISCREDITO.exe: 00002868: 09:30:58 []:<-------------------------------------------------------------->
RNMAISCREDITO.exe: 00002868: 09:30:58 [Terminated]:Exit Code: 0
RNMAISCREDITO.exe: 000022C0: 09:31:02 []:>--------------------------------------------------------------<
RNMAISCREDITO.exe: 000022C0: 09:31:02 [TUniServerModule]:Server First Init.
RNMAISCREDITO.exe: 000022C0: 09:31:02 [TUniServerModule]:Starting HTTP Server on Port: 8077...
RNMAISCREDITO.exe: 000022C0: 09:31:02 [TUniServerModule]:HTTP Server Started on Port: 8077
RNMAISCREDITO.exe: 00002264: 09:31:06 [127.0.0.1]:EDatabaseError : tb_solicitacao: Field 'NOMESOCIO1' not found : Addr: $0065E7B2
RNMAISCREDITO.exe: 00002264: 09:31:09 [127.0.0.1]:EUniSessionException : #2-Sua sessão expirou. Por favor, recarregue a página. (Session not found: 9nhSrrxF9X108859557 ) : Addr: $007CFEDA
RNMAISCREDITO.exe: 00001548: 09:31:32 [127.0.0.1]:EDatabaseError : tb_solicitacao: Cannot perform this operation on a closed dataset : Addr: $0065E7B2
RNMAISCREDITO.exe: 00001548: 09:31:48 [127.0.0.1]:EDatabaseError : tb_solicitacao: Cannot perform this operation on a closed dataset : Addr: $0065E7B2
RNMAISCREDITO.exe: 000022C0: 09:33:14 [TUniServerModule]:Shutting Down Server.
RNMAISCREDITO.exe: 000022C0: 09:33:14 [TUniServerModule]:Stopping HTTP Server.
RNMAISCREDITO.exe: 000022C0: 09:33:15 [TUniServerModule]:HTTP Server Stopped.
RNMAISCREDITO.exe: 000022C0: 09:33:15 [TUniGUISessionManager]:Terminating Session manager.
RNMAISCREDITO.exe: 000022C0: 09:33:15 [TUniGUISessionManager]:Stopping Cache Eraser...
RNMAISCREDITO.exe: 000022C0: 09:33:15 [TUniGUISessionManager]:Cache Eraser Stopped.
RNMAISCREDITO.exe: 000022C0: 09:33:15 [TUniGUISessionManager]:Destroying Worker Threads.
RNMAISCREDITO.exe: 000022C0: 09:33:15 [TUniGUISessionManager]:Session manager terminated.
RNMAISCREDITO.exe: 000022C0: 09:33:15 [TUniServerModule]:Server Shutdown Completed.
RNMAISCREDITO.exe: 000022C0: 09:33:15 []:<-------------------------------------------------------------->
RNMAISCREDITO.exe: 000022C0: 09:33:15 [Terminated]:Exit Code: 0
RNMAISCREDITO.exe: 000004AC: 09:33:23 []:>--------------------------------------------------------------<
RNMAISCREDITO.exe: 000004AC: 09:33:23 [TUniServerModule]:Server First Init.
RNMAISCREDITO.exe: 000004AC: 09:33:23 [TUniServerModule]:Starting HTTP Server on Port: 8077...
RNMAISCREDITO.exe: 000004AC: 09:33:23 [TUniServerModule]:HTTP Server Started on Port: 8077
RNMAISCREDITO.exe: 000027E8: 09:33:24 [127.0.0.1]:EDatabaseError : tb_solicitacao: Field 'NOMESOCIO1' not found : Addr: $0065E7B2
RNMAISCREDITO.exe: 000027E8: 09:33:27 [127.0.0.1]:EUniSessionException : #2-Sua sessão expirou. Por favor, recarregue a página. (Session not found: T2A1eCLouu1088595CD ) : Addr: $007CFEDA
RNMAISCREDITO.exe: 0000130C: 09:33:51 [127.0.0.1]:EDatabaseError : tb_solicitacao: Cannot perform this operation on a closed dataset : Addr: $0065E7B2
RNMAISCREDITO.exe: 000004AC: 09:34:14 [TUniServerModule]:Shutting Down Server.
RNMAISCREDITO.exe: 000004AC: 09:34:14 [TUniServerModule]:Stopping HTTP Server.
RNMAISCREDITO.exe: 000004AC: 09:34:14 [TUniServerModule]:HTTP Server Stopped.
RNMAISCREDITO.exe: 000004AC: 09:34:14 [TUniGUISessionManager]:Terminating Session manager.
RNMAISCREDITO.exe: 000004AC: 09:34:14 [TUniGUISessionManager]:Stopping Cache Eraser...
RNMAISCREDITO.exe: 000004AC: 09:34:14 [TUniGUISessionManager]:Cache Eraser Stopped.
RNMAISCREDITO.exe: 000004AC: 09:34:14 [TUniGUISessionManager]:Destroying Worker Threads.
RNMAISCREDITO.exe: 000004AC: 09:34:14 [TUniGUISessionManager]:Session manager terminated.
RNMAISCREDITO.exe: 000004AC: 09:34:14 [TUniServerModule]:Server Shutdown Completed.
RNMAISCREDITO.exe: 000004AC: 09:34:14 []:<-------------------------------------------------------------->
RNMAISCREDITO.exe: 000004AC: 09:34:14 [Terminated]:Exit Code: 0
