RNMAISCREDITO.exe: 00001824: 13:54:28 []:>--------------------------------------------------------------<
RNMAISCREDITO.exe: 00001824: 13:54:28 [TUniServerModule]:Server First Init.
RNMAISCREDITO.exe: 00001824: 13:54:28 [TUniServerModule]:Starting HTTP Server on Port: 8077...
RNMAISCREDITO.exe: 00001824: 13:54:28 [TUniServerModule]:HTTP Server Started on Port: 8077
RNMAISCREDITO.exe: 00002A88: 13:55:40 [127.0.0.1]:EUniSessionException : #2-Sua sessão expirou. Por favor, recarregue a página. (Invalid URI: /x-msgbox-question ) : Addr: $007D1CBA
RNMAISCREDITO.exe: 000008A8: 13:56:23 [127.0.0.1]:EDatabaseError : Field 'CLIENTE' must have a value : Addr: $0065E7CB
RNMAISCREDITO.exe: 000008A8: 13:57:56 [127.0.0.1]:EDatabaseError : Field 'CLIENTE' must have a value : Addr: $0065E7CB
RNMAISCREDITO.exe: 00001824: 14:04:02 [TUniServerModule]:Shutting Down Server.
RNMAISCREDITO.exe: 00001824: 14:04:02 [TUniServerModule]:Stopping HTTP Server.
RNMAISCREDITO.exe: 00001824: 14:04:02 [TUniServerModule]:HTTP Server Stopped.
RNMAISCREDITO.exe: 00001824: 14:04:02 [TUniGUISessionManager]:Terminating Session manager.
RNMAISCREDITO.exe: 00001824: 14:04:02 [TUniGUISessionManager]:Stopping Cache Eraser...
RNMAISCREDITO.exe: 00001824: 14:04:02 [TUniGUISessionManager]:Cache Eraser Stopped.
RNMAISCREDITO.exe: 00001824: 14:04:02 [TUniGUISessionManager]:Destroying Worker Threads.
RNMAISCREDITO.exe: 00001824: 14:04:02 [TUniGUISessionManager]:Session manager terminated.
RNMAISCREDITO.exe: 00001824: 14:04:02 [TUniServerModule]:Server Shutdown Completed.
RNMAISCREDITO.exe: 00001824: 14:04:02 []:<-------------------------------------------------------------->
RNMAISCREDITO.exe: 00001824: 14:04:02 [Terminated]:Exit Code: 0
RNMAISCREDITO.exe: 00002E54: 14:04:08 []:>--------------------------------------------------------------<
RNMAISCREDITO.exe: 00002E54: 14:04:08 [TUniServerModule]:Server First Init.
RNMAISCREDITO.exe: 00002E54: 14:04:08 [TUniServerModule]:Starting HTTP Server on Port: 8077...
RNMAISCREDITO.exe: 00002E54: 14:04:08 [TUniServerModule]:HTTP Server Started on Port: 8077
RNMAISCREDITO.exe: 00002B8C: 14:04:13 [127.0.0.1]:EUniSessionException : #2-Sua sessão expirou. Por favor, recarregue a página. (Session not found: BiJckDWgPC108908BA5 ) : Addr: $007D1CBA
RNMAISCREDITO.exe: 00001D54: 14:04:58 [127.0.0.1]:EUniSessionException : #2-Sua sessão expirou. Por favor, recarregue a página. (Invalid URI: /x-msgbox-question ) : Addr: $007D1CBA
RNMAISCREDITO.exe: 00002CC8: 14:05:39 [127.0.0.1]:EDatabaseError : Field 'CLIENTE' must have a value : Addr: $0065E7CB
RNMAISCREDITO.exe: 00002CC8: 14:07:17 [127.0.0.1]:EDatabaseError : Field 'CLIENTE' must have a value : Addr: $0065E7CB
RNMAISCREDITO.exe: 00002E54: 14:24:16 [TUniServerModule]:Shutting Down Server.
RNMAISCREDITO.exe: 00002E54: 14:24:16 [TUniServerModule]:Stopping HTTP Server.
RNMAISCREDITO.exe: 00002E54: 14:24:17 [TUniServerModule]:HTTP Server Stopped.
RNMAISCREDITO.exe: 00002E54: 14:24:17 [TUniGUISessionManager]:Terminating Session manager.
RNMAISCREDITO.exe: 00002E54: 14:24:17 [TUniGUISessionManager]:Stopping Cache Eraser...
RNMAISCREDITO.exe: 00002E54: 14:24:17 [TUniGUISessionManager]:Cache Eraser Stopped.
RNMAISCREDITO.exe: 00002E54: 14:24:17 [TUniGUISessionManager]:Destroying Worker Threads.
RNMAISCREDITO.exe: 00002E54: 14:24:17 [TUniGUISessionManager]:Session manager terminated.
RNMAISCREDITO.exe: 00002E54: 14:24:17 [TUniServerModule]:Server Shutdown Completed.
RNMAISCREDITO.exe: 00002E54: 14:24:17 []:<-------------------------------------------------------------->
RNMAISCREDITO.exe: 00002E54: 14:24:17 [Terminated]:Exit Code: 0
RNMAISCREDITO.exe: 00002F70: 14:24:22 []:>--------------------------------------------------------------<
RNMAISCREDITO.exe: 00002F70: 14:24:22 [TUniServerModule]:Server First Init.
RNMAISCREDITO.exe: 00002F70: 14:24:22 [TUniServerModule]:Starting HTTP Server on Port: 8077...
RNMAISCREDITO.exe: 00002F70: 14:24:22 [TUniServerModule]:HTTP Server Started on Port: 8077
RNMAISCREDITO.exe: 00002D60: 14:24:32 [127.0.0.1]:EUniSessionException : #2-Sua sessão expirou. Por favor, recarregue a página. (Session not found: 2PBUMSYcba108908E3E ) : Addr: $007D1CBA
RNMAISCREDITO.exe: 000037F0: 14:25:38 [127.0.0.1]:EUniSessionException : #2-Sua sessão expirou. Por favor, recarregue a página. (Invalid URI: /x-msgbox-question ) : Addr: $007D1CBA
RNMAISCREDITO.exe: 000037E8: 14:26:14 [127.0.0.1]:EDatabaseError : Field 'GRUPO' must have a value : Addr: $0065E7CB
RNMAISCREDITO.exe: 00002F70: 14:29:46 [TUniServerModule]:Shutting Down Server.
RNMAISCREDITO.exe: 00002F70: 14:29:46 [TUniServerModule]:Stopping HTTP Server.
RNMAISCREDITO.exe: 00002F70: 14:29:46 [TUniServerModule]:HTTP Server Stopped.
RNMAISCREDITO.exe: 00002F70: 14:29:46 [TUniGUISessionManager]:Terminating Session manager.
RNMAISCREDITO.exe: 00002F70: 14:29:46 [TUniGUISessionManager]:Stopping Cache Eraser...
RNMAISCREDITO.exe: 00002F70: 14:29:46 [TUniGUISessionManager]:Cache Eraser Stopped.
RNMAISCREDITO.exe: 00002F70: 14:29:47 [TUniGUISessionManager]:Destroying Worker Threads.
RNMAISCREDITO.exe: 00002F70: 14:29:47 [TUniGUISessionManager]:Session manager terminated.
RNMAISCREDITO.exe: 00002F70: 14:29:47 [TUniServerModule]:Server Shutdown Completed.
RNMAISCREDITO.exe: 00002F70: 14:29:47 []:<-------------------------------------------------------------->
RNMAISCREDITO.exe: 00002F70: 14:29:47 [Terminated]:Exit Code: 0
RNMAISCREDITO.exe: 000004E0: 14:29:53 []:>--------------------------------------------------------------<
RNMAISCREDITO.exe: 000004E0: 14:29:53 [TUniServerModule]:Server First Init.
RNMAISCREDITO.exe: 000004E0: 14:29:53 [TUniServerModule]:Starting HTTP Server on Port: 8077...
RNMAISCREDITO.exe: 000004E0: 14:29:53 [TUniServerModule]:HTTP Server Started on Port: 8077
RNMAISCREDITO.exe: 00000290: 14:29:58 [127.0.0.1]:EUniSessionException : #2-Sua sessão expirou. Por favor, recarregue a página. (Session not found: 3mojjn25n71089093C1 ) : Addr: $007D1CBA
RNMAISCREDITO.exe: 00003D14: 14:32:06 [127.0.0.1]:EUniSessionException : #2-Sua sessão expirou. Por favor, recarregue a página. (Invalid URI: /x-msgbox-question ) : Addr: $007D1CBA
RNMAISCREDITO.exe: 000004E0: 14:34:06 [TUniServerModule]:Shutting Down Server.
RNMAISCREDITO.exe: 000004E0: 14:34:06 [TUniServerModule]:Stopping HTTP Server.
RNMAISCREDITO.exe: 000004E0: 14:34:07 [TUniServerModule]:HTTP Server Stopped.
RNMAISCREDITO.exe: 000004E0: 14:34:07 [TUniGUISessionManager]:Terminating Session manager.
RNMAISCREDITO.exe: 000004E0: 14:34:07 [TUniGUISessionManager]:Stopping Cache Eraser...
RNMAISCREDITO.exe: 000004E0: 14:34:07 [TUniGUISessionManager]:Cache Eraser Stopped.
RNMAISCREDITO.exe: 000004E0: 14:34:07 [TUniGUISessionManager]:Destroying Worker Threads.
RNMAISCREDITO.exe: 000004E0: 14:34:07 [TUniGUISessionManager]:Session manager terminated.
RNMAISCREDITO.exe: 000004E0: 14:34:07 [TUniServerModule]:Server Shutdown Completed.
RNMAISCREDITO.exe: 000004E0: 14:34:07 []:<-------------------------------------------------------------->
RNMAISCREDITO.exe: 000004E0: 14:34:07 [Terminated]:Exit Code: 0
RNMAISCREDITO.exe: 00002ED8: 14:34:16 []:>--------------------------------------------------------------<
RNMAISCREDITO.exe: 00002ED8: 14:34:16 [TUniServerModule]:Server First Init.
RNMAISCREDITO.exe: 00002ED8: 14:34:16 [TUniServerModule]:Starting HTTP Server on Port: 8077...
RNMAISCREDITO.exe: 00002ED8: 14:34:16 [TUniServerModule]:HTTP Server Started on Port: 8077
RNMAISCREDITO.exe: 0000116C: 14:34:19 [127.0.0.1]:EUniSessionException : #2-Sua sessão expirou. Por favor, recarregue a página. (Session not found: YYIKSRLEfK1089095A9 ) : Addr: $007D1CBA
RNMAISCREDITO.exe: 0000291C: 14:34:19 [127.0.0.1]:EUniSessionException : #2-Sua sessão expirou. Por favor, recarregue a página. (Session not found: YYIKSRLEfK1089095A9 ) : Addr: $007D1CBA
RNMAISCREDITO.exe: 00002ED8: 14:35:01 [TUniServerModule]:Shutting Down Server.
RNMAISCREDITO.exe: 00002ED8: 14:35:01 [TUniServerModule]:Stopping HTTP Server.
RNMAISCREDITO.exe: 00002ED8: 14:35:01 [TUniServerModule]:HTTP Server Stopped.
RNMAISCREDITO.exe: 00002ED8: 14:35:01 [TUniGUISessionManager]:Terminating Session manager.
RNMAISCREDITO.exe: 00002ED8: 14:35:01 [TUniGUISessionManager]:Stopping Cache Eraser...
RNMAISCREDITO.exe: 00002ED8: 14:35:01 [TUniGUISessionManager]:Cache Eraser Stopped.
RNMAISCREDITO.exe: 00002ED8: 14:35:02 [TUniGUISessionManager]:Destroying Worker Threads.
RNMAISCREDITO.exe: 00002ED8: 14:35:02 [TUniGUISessionManager]:Session manager terminated.
RNMAISCREDITO.exe: 00002ED8: 14:35:02 [TUniServerModule]:Server Shutdown Completed.
RNMAISCREDITO.exe: 00002ED8: 14:35:02 []:<-------------------------------------------------------------->
RNMAISCREDITO.exe: 00002ED8: 14:35:02 [Terminated]:Exit Code: 0
RNMAISCREDITO.exe: 00002C34: 14:35:07 []:>--------------------------------------------------------------<
RNMAISCREDITO.exe: 00002C34: 14:35:07 [TUniServerModule]:Server First Init.
RNMAISCREDITO.exe: 00002C34: 14:35:07 [TUniServerModule]:Starting HTTP Server on Port: 8077...
RNMAISCREDITO.exe: 00002C34: 14:35:07 [TUniServerModule]:HTTP Server Started on Port: 8077
RNMAISCREDITO.exe: 0000240C: 14:35:14 [127.0.0.1]:EUniSessionException : #2-Sua sessão expirou. Por favor, recarregue a página. (Session not found: LJ6r8ao65x10890966E ) : Addr: $007D1CBA
RNMAISCREDITO.exe: 00002C34: 14:37:15 [TUniServerModule]:Shutting Down Server.
RNMAISCREDITO.exe: 00002C34: 14:37:15 [TUniServerModule]:Stopping HTTP Server.
RNMAISCREDITO.exe: 00002C34: 14:37:16 [TUniServerModule]:HTTP Server Stopped.
RNMAISCREDITO.exe: 00002C34: 14:37:16 [TUniGUISessionManager]:Terminating Session manager.
RNMAISCREDITO.exe: 00002C34: 14:37:16 [TUniGUISessionManager]:Stopping Cache Eraser...
RNMAISCREDITO.exe: 00002C34: 14:37:16 [TUniGUISessionManager]:Cache Eraser Stopped.
RNMAISCREDITO.exe: 00002C34: 14:37:16 [TUniGUISessionManager]:Destroying Worker Threads.
RNMAISCREDITO.exe: 00002C34: 14:37:16 [TUniGUISessionManager]:Session manager terminated.
RNMAISCREDITO.exe: 00002C34: 14:37:16 [TUniServerModule]:Server Shutdown Completed.
RNMAISCREDITO.exe: 00002C34: 14:37:16 []:<-------------------------------------------------------------->
RNMAISCREDITO.exe: 00002C34: 14:37:16 [Terminated]:Exit Code: 0
RNMAISCREDITO.exe: 0000289C: 14:37:22 []:>--------------------------------------------------------------<
RNMAISCREDITO.exe: 0000289C: 14:37:22 [TUniServerModule]:Server First Init.
RNMAISCREDITO.exe: 0000289C: 14:37:22 [TUniServerModule]:Starting HTTP Server on Port: 8077...
RNMAISCREDITO.exe: 0000289C: 14:37:22 [TUniServerModule]:HTTP Server Started on Port: 8077
RNMAISCREDITO.exe: 000003A8: 14:37:29 [127.0.0.1]:EUniSessionException : #2-Sua sessão expirou. Por favor, recarregue a página. (Session not found: I2pmjYQdL11089096A8 ) : Addr: $007D1CBA
RNMAISCREDITO.exe: 0000289C: 14:47:03 [TUniServerModule]:Shutting Down Server.
RNMAISCREDITO.exe: 0000289C: 14:47:03 [TUniServerModule]:Stopping HTTP Server.
RNMAISCREDITO.exe: 0000289C: 14:47:04 [TUniServerModule]:HTTP Server Stopped.
RNMAISCREDITO.exe: 0000289C: 14:47:04 [TUniGUISessionManager]:Terminating Session manager.
RNMAISCREDITO.exe: 0000289C: 14:47:04 [TUniGUISessionManager]:Stopping Cache Eraser...
RNMAISCREDITO.exe: 0000289C: 14:47:04 [TUniGUISessionManager]:Cache Eraser Stopped.
RNMAISCREDITO.exe: 0000289C: 14:47:04 [TUniGUISessionManager]:Destroying Worker Threads.
RNMAISCREDITO.exe: 0000289C: 14:47:04 [TUniGUISessionManager]:Session manager terminated.
RNMAISCREDITO.exe: 0000289C: 14:47:04 [TUniServerModule]:Server Shutdown Completed.
RNMAISCREDITO.exe: 0000289C: 14:47:04 []:<-------------------------------------------------------------->
RNMAISCREDITO.exe: 0000289C: 14:47:04 [Terminated]:Exit Code: 0
RNMAISCREDITO.exe: 00001038: 14:47:10 []:>--------------------------------------------------------------<
RNMAISCREDITO.exe: 00001038: 14:47:10 [TUniServerModule]:Server First Init.
RNMAISCREDITO.exe: 00001038: 14:47:10 [TUniServerModule]:Starting HTTP Server on Port: 8077...
RNMAISCREDITO.exe: 00001038: 14:47:10 [TUniServerModule]:HTTP Server Started on Port: 8077
RNMAISCREDITO.exe: 00001EE4: 14:47:16 [127.0.0.1]:EUniSessionException : #2-Sua sessão expirou. Por favor, recarregue a página. (Session not found: GE5gOEe3cQ108909745 ) : Addr: $007D1CBA
RNMAISCREDITO.exe: 00002858: 14:48:13 [127.0.0.1]:EUniSessionException : #2-Sua sessão expirou. Por favor, recarregue a página. (Invalid URI: /x-msgbox-question ) : Addr: $007D1CBA
RNMAISCREDITO.exe: 00001038: 14:54:05 [TUniServerModule]:Shutting Down Server.
RNMAISCREDITO.exe: 00001038: 14:54:05 [TUniServerModule]:Stopping HTTP Server.
RNMAISCREDITO.exe: 00001038: 14:54:06 [TUniServerModule]:HTTP Server Stopped.
RNMAISCREDITO.exe: 00001038: 14:54:06 [TUniGUISessionManager]:Terminating Session manager.
RNMAISCREDITO.exe: 00001038: 14:54:06 [TUniGUISessionManager]:Stopping Cache Eraser...
RNMAISCREDITO.exe: 00001038: 14:54:06 [TUniGUISessionManager]:Cache Eraser Stopped.
RNMAISCREDITO.exe: 00001038: 14:54:06 [TUniGUISessionManager]:Destroying Worker Threads.
RNMAISCREDITO.exe: 00001038: 14:54:06 [TUniGUISessionManager]:Session manager terminated.
RNMAISCREDITO.exe: 00001038: 14:54:06 [TUniServerModule]:Server Shutdown Completed.
RNMAISCREDITO.exe: 00001038: 14:54:06 []:<-------------------------------------------------------------->
RNMAISCREDITO.exe: 00001038: 14:54:06 [Terminated]:Exit Code: 0
RNMAISCREDITO.exe: 000038B4: 14:54:10 []:>--------------------------------------------------------------<
RNMAISCREDITO.exe: 000038B4: 14:54:10 [TUniServerModule]:Server First Init.
RNMAISCREDITO.exe: 000038B4: 14:54:10 [TUniServerModule]:Starting HTTP Server on Port: 8077...
RNMAISCREDITO.exe: 000038B4: 14:54:10 [TUniServerModule]:HTTP Server Started on Port: 8077
RNMAISCREDITO.exe: 00003B68: 14:54:38 [127.0.0.1]:EUniSessionException : #2-Sua sessão expirou. Por favor, recarregue a página. (Session not found: SvUvJJz96N1089099ED ) : Addr: $007D1CBA
RNMAISCREDITO.exe: 0000143C: 14:55:41 [127.0.0.1]:EUniSessionException : #2-Sua sessão expirou. Por favor, recarregue a página. (Invalid URI: /x-msgbox-question ) : Addr: $007D1CBA
RNMAISCREDITO.exe: 000038B4: 15:03:48 [TUniServerModule]:Shutting Down Server.
RNMAISCREDITO.exe: 000038B4: 15:03:48 [TUniServerModule]:Stopping HTTP Server.
RNMAISCREDITO.exe: 000038B4: 15:03:49 [TUniServerModule]:HTTP Server Stopped.
RNMAISCREDITO.exe: 000038B4: 15:03:49 [TUniGUISessionManager]:Terminating Session manager.
RNMAISCREDITO.exe: 000038B4: 15:03:49 [TUniGUISessionManager]:Stopping Cache Eraser...
RNMAISCREDITO.exe: 000038B4: 15:03:49 [TUniGUISessionManager]:Cache Eraser Stopped.
RNMAISCREDITO.exe: 000038B4: 15:03:49 [TUniGUISessionManager]:Destroying Worker Threads.
RNMAISCREDITO.exe: 000038B4: 15:03:49 [TUniGUISessionManager]:Session manager terminated.
RNMAISCREDITO.exe: 000038B4: 15:03:49 [TUniServerModule]:Server Shutdown Completed.
RNMAISCREDITO.exe: 000038B4: 15:03:49 []:<-------------------------------------------------------------->
RNMAISCREDITO.exe: 000038B4: 15:03:49 [Terminated]:Exit Code: 0
RNMAISCREDITO.exe: 000024CC: 15:06:00 []:>--------------------------------------------------------------<
RNMAISCREDITO.exe: 000024CC: 15:06:00 [TUniServerModule]:Server First Init.
RNMAISCREDITO.exe: 000024CC: 15:06:00 [TUniServerModule]:Starting HTTP Server on Port: 8077...
RNMAISCREDITO.exe: 000024CC: 15:06:00 [TUniServerModule]:HTTP Server Started on Port: 8077
RNMAISCREDITO.exe: 00001550: 15:06:10 [127.0.0.1]:EUniSessionException : #2-Sua sessão expirou. Por favor, recarregue a página. (Session not found: nea96h6D3F108909C83 ) : Addr: $007D1CBA
RNMAISCREDITO.exe: 0000319C: 15:06:10 [127.0.0.1]:EUniSessionException : #2-Sua sessão expirou. Por favor, recarregue a página. (Session not found: nea96h6D3F108909C83 ) : Addr: $007D1CBA
RNMAISCREDITO.exe: 000024CC: 15:10:16 [TUniServerModule]:Shutting Down Server.
RNMAISCREDITO.exe: 000024CC: 15:10:16 [TUniServerModule]:Stopping HTTP Server.
RNMAISCREDITO.exe: 000024CC: 15:10:17 [TUniServerModule]:HTTP Server Stopped.
RNMAISCREDITO.exe: 000024CC: 15:10:17 [TUniGUISessionManager]:Terminating Session manager.
RNMAISCREDITO.exe: 000024CC: 15:10:17 [TUniGUISessionManager]:Stopping Cache Eraser...
RNMAISCREDITO.exe: 000024CC: 15:10:17 [TUniGUISessionManager]:Cache Eraser Stopped.
RNMAISCREDITO.exe: 000024CC: 15:10:17 [TUniGUISessionManager]:Destroying Worker Threads.
RNMAISCREDITO.exe: 000024CC: 15:10:17 [TUniGUISessionManager]:Session manager terminated.
RNMAISCREDITO.exe: 000024CC: 15:10:17 [TUniServerModule]:Server Shutdown Completed.
RNMAISCREDITO.exe: 000024CC: 15:10:17 []:<-------------------------------------------------------------->
RNMAISCREDITO.exe: 000024CC: 15:10:17 [Terminated]:Exit Code: 0
RNMAISCREDITO.exe: 00001048: 15:10:22 []:>--------------------------------------------------------------<
RNMAISCREDITO.exe: 00001048: 15:10:22 [TUniServerModule]:Server First Init.
RNMAISCREDITO.exe: 00001048: 15:10:22 [TUniServerModule]:Starting HTTP Server on Port: 8077...
RNMAISCREDITO.exe: 00001048: 15:10:22 [TUniServerModule]:HTTP Server Started on Port: 8077
RNMAISCREDITO.exe: 00002EDC: 15:10:28 [127.0.0.1]:EUniSessionException : #2-Sua sessão expirou. Por favor, recarregue a página. (Session not found: CxPLPgGWUn108909F12 ) : Addr: $007D1CBA
RNMAISCREDITO.exe: 00001048: 15:16:32 [TUniServerModule]:Shutting Down Server.
RNMAISCREDITO.exe: 00001048: 15:16:32 [TUniServerModule]:Stopping HTTP Server.
RNMAISCREDITO.exe: 00001048: 15:16:32 [TUniServerModule]:HTTP Server Stopped.
RNMAISCREDITO.exe: 00001048: 15:16:32 [TUniGUISessionManager]:Terminating Session manager.
RNMAISCREDITO.exe: 00001048: 15:16:32 [TUniGUISessionManager]:Stopping Cache Eraser...
RNMAISCREDITO.exe: 00001048: 15:16:32 [TUniGUISessionManager]:Cache Eraser Stopped.
RNMAISCREDITO.exe: 00001048: 15:16:32 [TUniGUISessionManager]:Destroying Worker Threads.
RNMAISCREDITO.exe: 00001048: 15:16:32 [TUniGUISessionManager]:Session manager terminated.
RNMAISCREDITO.exe: 00001048: 15:16:32 [TUniServerModule]:Server Shutdown Completed.
RNMAISCREDITO.exe: 00001048: 15:16:32 []:<-------------------------------------------------------------->
RNMAISCREDITO.exe: 00001048: 15:16:32 [Terminated]:Exit Code: 0
RNMAISCREDITO.exe: 00003820: 15:16:38 []:>--------------------------------------------------------------<
RNMAISCREDITO.exe: 00003820: 15:16:38 [TUniServerModule]:Server First Init.
RNMAISCREDITO.exe: 00003820: 15:16:38 [TUniServerModule]:Starting HTTP Server on Port: 8077...
RNMAISCREDITO.exe: 00003820: 15:16:38 [TUniServerModule]:HTTP Server Started on Port: 8077
RNMAISCREDITO.exe: 00002A34: 15:16:45 [127.0.0.1]:EUniSessionException : #2-Sua sessão expirou. Por favor, recarregue a página. (Session not found: Q54Ej3aWai10890A036 ) : Addr: $007D1CBA
RNMAISCREDITO.exe: 00003820: 15:20:39 [TUniServerModule]:Shutting Down Server.
RNMAISCREDITO.exe: 00003820: 15:20:39 [TUniServerModule]:Stopping HTTP Server.
RNMAISCREDITO.exe: 00003820: 15:20:39 [TUniServerModule]:HTTP Server Stopped.
RNMAISCREDITO.exe: 00003820: 15:20:39 [TUniGUISessionManager]:Terminating Session manager.
RNMAISCREDITO.exe: 00003820: 15:20:39 [TUniGUISessionManager]:Stopping Cache Eraser...
RNMAISCREDITO.exe: 00003820: 15:20:39 [TUniGUISessionManager]:Cache Eraser Stopped.
RNMAISCREDITO.exe: 00003820: 15:20:39 [TUniGUISessionManager]:Destroying Worker Threads.
RNMAISCREDITO.exe: 00003820: 15:20:39 [TUniGUISessionManager]:Session manager terminated.
RNMAISCREDITO.exe: 00003820: 15:20:39 [TUniServerModule]:Server Shutdown Completed.
RNMAISCREDITO.exe: 00003820: 15:20:39 []:<-------------------------------------------------------------->
RNMAISCREDITO.exe: 00003820: 15:20:39 [Terminated]:Exit Code: 0
RNMAISCREDITO.exe: 00002620: 15:20:44 []:>--------------------------------------------------------------<
RNMAISCREDITO.exe: 00002620: 15:20:44 [TUniServerModule]:Server First Init.
RNMAISCREDITO.exe: 00002620: 15:20:44 [TUniServerModule]:Starting HTTP Server on Port: 8077...
RNMAISCREDITO.exe: 00002620: 15:20:44 [TUniServerModule]:HTTP Server Started on Port: 8077
RNMAISCREDITO.exe: 000035B8: 15:20:52 [127.0.0.1]:EUniSessionException : #2-Sua sessão expirou. Por favor, recarregue a página. (Session not found: lKtyqglaPS10890A1EB ) : Addr: $007D1CBA
RNMAISCREDITO.exe: 00002620: 15:21:57 [TUniServerModule]:Shutting Down Server.
RNMAISCREDITO.exe: 00002620: 15:21:57 [TUniServerModule]:Stopping HTTP Server.
RNMAISCREDITO.exe: 00002620: 15:21:58 [TUniServerModule]:HTTP Server Stopped.
RNMAISCREDITO.exe: 00002620: 15:21:58 [TUniGUISessionManager]:Terminating Session manager.
RNMAISCREDITO.exe: 00002620: 15:21:58 [TUniGUISessionManager]:Stopping Cache Eraser...
RNMAISCREDITO.exe: 00002620: 15:21:58 [TUniGUISessionManager]:Cache Eraser Stopped.
RNMAISCREDITO.exe: 00002620: 15:21:58 [TUniGUISessionManager]:Destroying Worker Threads.
RNMAISCREDITO.exe: 00002620: 15:21:58 [TUniGUISessionManager]:Session manager terminated.
RNMAISCREDITO.exe: 00002620: 15:21:58 [TUniServerModule]:Server Shutdown Completed.
RNMAISCREDITO.exe: 00002620: 15:21:58 []:<-------------------------------------------------------------->
RNMAISCREDITO.exe: 00002620: 15:21:58 [Terminated]:Exit Code: 0
RNMAISCREDITO.exe: 00001D4C: 15:22:02 []:>--------------------------------------------------------------<
RNMAISCREDITO.exe: 00001D4C: 15:22:02 [TUniServerModule]:Server First Init.
RNMAISCREDITO.exe: 00001D4C: 15:22:03 [TUniServerModule]:Starting HTTP Server on Port: 8077...
RNMAISCREDITO.exe: 00001D4C: 15:22:03 [TUniServerModule]:HTTP Server Started on Port: 8077
RNMAISCREDITO.exe: 000001C8: 15:22:10 [127.0.0.1]:EUniSessionException : #2-Sua sessão expirou. Por favor, recarregue a página. (Session not found: SnVXThwISj10890A30A ) : Addr: $007D1CBA
RNMAISCREDITO.exe: 00001D4C: 15:22:42 [TUniServerModule]:Shutting Down Server.
RNMAISCREDITO.exe: 00001D4C: 15:22:42 [TUniServerModule]:Stopping HTTP Server.
RNMAISCREDITO.exe: 00001D4C: 15:22:43 [TUniServerModule]:HTTP Server Stopped.
RNMAISCREDITO.exe: 00001D4C: 15:22:43 [TUniGUISessionManager]:Terminating Session manager.
RNMAISCREDITO.exe: 00001D4C: 15:22:43 [TUniGUISessionManager]:Stopping Cache Eraser...
RNMAISCREDITO.exe: 00001D4C: 15:22:43 [TUniGUISessionManager]:Cache Eraser Stopped.
RNMAISCREDITO.exe: 00001D4C: 15:22:43 [TUniGUISessionManager]:Destroying Worker Threads.
RNMAISCREDITO.exe: 00001D4C: 15:22:43 [TUniGUISessionManager]:Session manager terminated.
RNMAISCREDITO.exe: 00001D4C: 15:22:43 [TUniServerModule]:Server Shutdown Completed.
RNMAISCREDITO.exe: 00001D4C: 15:22:43 []:<-------------------------------------------------------------->
RNMAISCREDITO.exe: 00001D4C: 15:22:43 [Terminated]:Exit Code: 0
RNMAISCREDITO.exe: 000014C4: 15:22:48 []:>--------------------------------------------------------------<
RNMAISCREDITO.exe: 000014C4: 15:22:48 [TUniServerModule]:Server First Init.
RNMAISCREDITO.exe: 000014C4: 15:22:48 [TUniServerModule]:Starting HTTP Server on Port: 8077...
RNMAISCREDITO.exe: 000014C4: 15:22:48 [TUniServerModule]:HTTP Server Started on Port: 8077
RNMAISCREDITO.exe: 0000296C: 21:07:27 [127.0.0.1]:EUniSessionException : #2-Sua sessão expirou. Por favor, recarregue a página. (Session not found: r2LgmycVyl10890A364 ) : Addr: $007D1CBA
RNMAISCREDITO.exe: 000014C4: 21:09:10 [TUniServerModule]:Shutting Down Server.
RNMAISCREDITO.exe: 000014C4: 21:09:10 [TUniServerModule]:Stopping HTTP Server.
RNMAISCREDITO.exe: 000014C4: 21:09:11 [TUniServerModule]:HTTP Server Stopped.
RNMAISCREDITO.exe: 000014C4: 21:09:11 [TUniGUISessionManager]:Terminating Session manager.
RNMAISCREDITO.exe: 000014C4: 21:09:11 [TUniGUISessionManager]:Stopping Cache Eraser...
RNMAISCREDITO.exe: 000014C4: 21:09:11 [TUniGUISessionManager]:Cache Eraser Stopped.
RNMAISCREDITO.exe: 000014C4: 21:09:11 [TUniGUISessionManager]:Destroying Worker Threads.
RNMAISCREDITO.exe: 000014C4: 21:09:11 [TUniGUISessionManager]:Session manager terminated.
RNMAISCREDITO.exe: 000014C4: 21:09:11 [TUniServerModule]:Server Shutdown Completed.
RNMAISCREDITO.exe: 000014C4: 21:09:11 []:<-------------------------------------------------------------->
RNMAISCREDITO.exe: 000014C4: 21:09:11 [Terminated]:Exit Code: 0
RNMAISCREDITO.exe: 00001660: 21:09:32 []:>--------------------------------------------------------------<
RNMAISCREDITO.exe: 00001660: 21:09:32 [TUniServerModule]:Server First Init.
RNMAISCREDITO.exe: 00001660: 21:09:33 [TUniServerModule]:Starting HTTP Server on Port: 8077...
RNMAISCREDITO.exe: 00001660: 21:09:33 [TUniServerModule]:HTTP Server Started on Port: 8077
RNMAISCREDITO.exe: 00001660: 21:11:57 [TUniServerModule]:Shutting Down Server.
RNMAISCREDITO.exe: 00001660: 21:11:57 [TUniServerModule]:Stopping HTTP Server.
RNMAISCREDITO.exe: 00001660: 21:11:58 [TUniServerModule]:HTTP Server Stopped.
RNMAISCREDITO.exe: 00001660: 21:11:58 [TUniGUISessionManager]:Terminating Session manager.
RNMAISCREDITO.exe: 00001660: 21:11:58 [TUniGUISessionManager]:Stopping Cache Eraser...
RNMAISCREDITO.exe: 00001660: 21:11:58 [TUniGUISessionManager]:Cache Eraser Stopped.
RNMAISCREDITO.exe: 00001660: 21:11:58 [TUniGUISessionManager]:Destroying Worker Threads.
RNMAISCREDITO.exe: 00001660: 21:11:58 [TUniGUISessionManager]:Session manager terminated.
RNMAISCREDITO.exe: 00001660: 21:11:58 [TUniServerModule]:Server Shutdown Completed.
RNMAISCREDITO.exe: 00001660: 21:11:58 []:<-------------------------------------------------------------->
RNMAISCREDITO.exe: 00001660: 21:11:58 [Terminated]:Exit Code: 0
RNMAISCREDITO.exe: 00003C14: 21:14:31 []:>--------------------------------------------------------------<
RNMAISCREDITO.exe: 00003C14: 21:14:31 [TUniServerModule]:Server First Init.
RNMAISCREDITO.exe: 00003C14: 21:14:31 [TUniServerModule]:Starting HTTP Server on Port: 8077...
RNMAISCREDITO.exe: 00003C14: 21:14:31 [TUniServerModule]:HTTP Server Started on Port: 8077
