RNMAISCREDITO.exe: 00002BB4: 08:32:14 [TUniServerModule]:Shutting Down Server.
RNMAISCREDITO.exe: 00002BB4: 08:32:14 [TUniServerModule]:Stopping HTTP Server.
RNMAISCREDITO.exe: 00002BB4: 08:32:14 [TUniServerModule]:HTTP Server Stopped.
RNMAISCREDITO.exe: 00002BB4: 08:32:14 [TUniGUISessionManager]:Terminating Session manager.
RNMAISCREDITO.exe: 00002BB4: 08:32:14 [TUniGUISessionManager]:Stopping Cache Eraser...
RNMAISCREDITO.exe: 00002BB4: 08:32:14 [TUniGUISessionManager]:Cache Eraser Stopped.
RNMAISCREDITO.exe: 00002BB4: 08:32:14 [TUniGUISessionManager]:Destroying Worker Threads.
RNMAISCREDITO.exe: 00002BB4: 08:32:14 [TUniGUISessionManager]:Session manager terminated.
RNMAISCREDITO.exe: 00002BB4: 08:32:15 [TUniServerModule]:Server Shutdown Completed.
RNMAISCREDITO.exe: 00002BB4: 08:32:15 []:<-------------------------------------------------------------->
RNMAISCREDITO.exe: 00002BB4: 08:32:15 [Terminated]:Exit Code: 0
RNMAISCREDITO.exe: 00002244: 10:46:43 []:>--------------------------------------------------------------<
RNMAISCREDITO.exe: 00002244: 10:46:43 [TUniServerModule]:Server First Init.
RNMAISCREDITO.exe: 00002244: 10:46:43 [TUniServerModule]:Starting HTTP Server on Port: 8077...
RNMAISCREDITO.exe: 00002244: 10:46:43 [TUniServerModule]:HTTP Server Started on Port: 8077
RNMAISCREDITO.exe: 00000E5C: 10:46:55 [127.0.0.1]:EUniSessionException : #2-Sua sessão expirou. Por favor, recarregue a página. (Session not found: HpivShfd5t1088C1475 ) : Addr: $007D1CBA
RNMAISCREDITO.exe: 00002244: 10:48:07 [TUniServerModule]:Shutting Down Server.
RNMAISCREDITO.exe: 00002244: 10:48:07 [TUniServerModule]:Stopping HTTP Server.
RNMAISCREDITO.exe: 00002244: 10:48:07 [TUniServerModule]:HTTP Server Stopped.
RNMAISCREDITO.exe: 00002244: 10:48:07 [TUniGUISessionManager]:Terminating Session manager.
RNMAISCREDITO.exe: 00002244: 10:48:07 [TUniGUISessionManager]:Stopping Cache Eraser...
RNMAISCREDITO.exe: 00002244: 10:48:07 [TUniGUISessionManager]:Cache Eraser Stopped.
RNMAISCREDITO.exe: 00002244: 10:48:07 [TUniGUISessionManager]:Destroying Worker Threads.
RNMAISCREDITO.exe: 00002244: 10:48:07 [TUniGUISessionManager]:Session manager terminated.
RNMAISCREDITO.exe: 00002244: 10:48:07 [TUniServerModule]:Server Shutdown Completed.
RNMAISCREDITO.exe: 00002244: 10:48:07 []:<-------------------------------------------------------------->
RNMAISCREDITO.exe: 00002244: 10:48:07 [Terminated]:Exit Code: 0
RNMAISCREDITO.exe: 0000047C: 10:48:12 []:>--------------------------------------------------------------<
RNMAISCREDITO.exe: 0000047C: 10:48:12 [TUniServerModule]:Server First Init.
RNMAISCREDITO.exe: 0000047C: 10:48:12 [TUniServerModule]:Starting HTTP Server on Port: 8077...
RNMAISCREDITO.exe: 0000047C: 10:48:12 [TUniServerModule]:HTTP Server Started on Port: 8077
RNMAISCREDITO.exe: 00003720: 10:48:18 [127.0.0.1]:EUniSessionException : #2-Sua sessão expirou. Por favor, recarregue a página. (Session not found: JAq5e6IzEo1088D4B79 ) : Addr: $007D1CBA
RNMAISCREDITO.exe: 0000047C: 11:01:08 [TUniServerModule]:Shutting Down Server.
RNMAISCREDITO.exe: 0000047C: 11:01:08 [TUniServerModule]:Stopping HTTP Server.
RNMAISCREDITO.exe: 0000047C: 11:01:09 [TUniServerModule]:HTTP Server Stopped.
RNMAISCREDITO.exe: 0000047C: 11:01:09 [TUniGUISessionManager]:Terminating Session manager.
RNMAISCREDITO.exe: 0000047C: 11:01:09 [TUniGUISessionManager]:Stopping Cache Eraser...
RNMAISCREDITO.exe: 0000047C: 11:01:09 [TUniGUISessionManager]:Cache Eraser Stopped.
RNMAISCREDITO.exe: 0000047C: 11:01:09 [TUniGUISessionManager]:Destroying Worker Threads.
RNMAISCREDITO.exe: 0000047C: 11:01:09 [TUniGUISessionManager]:Session manager terminated.
RNMAISCREDITO.exe: 0000047C: 11:01:09 [TUniServerModule]:Server Shutdown Completed.
RNMAISCREDITO.exe: 0000047C: 11:01:09 []:<-------------------------------------------------------------->
RNMAISCREDITO.exe: 0000047C: 11:01:09 [Terminated]:Exit Code: 0
RNMAISCREDITO.exe: 00002D5C: 11:01:42 []:>--------------------------------------------------------------<
RNMAISCREDITO.exe: 00002D5C: 11:01:42 [TUniServerModule]:Server First Init.
RNMAISCREDITO.exe: 00002D5C: 11:01:42 [TUniServerModule]:Starting HTTP Server on Port: 8077...
RNMAISCREDITO.exe: 00002D5C: 11:01:42 [TUniServerModule]:HTTP Server Started on Port: 8077
RNMAISCREDITO.exe: 00002204: 11:02:11 [127.0.0.1]:EUniSessionException : #2-Sua sessão expirou. Por favor, recarregue a página. (Session not found: IpRs2VrhdO1088D4BD9 ) : Addr: $007D1CBA
RNMAISCREDITO.exe: 00002D5C: 11:08:57 [TUniServerModule]:Shutting Down Server.
RNMAISCREDITO.exe: 00002D5C: 11:08:57 [TUniServerModule]:Stopping HTTP Server.
RNMAISCREDITO.exe: 00002D5C: 11:08:58 [TUniServerModule]:HTTP Server Stopped.
RNMAISCREDITO.exe: 00002D5C: 11:08:58 [TUniGUISessionManager]:Terminating Session manager.
RNMAISCREDITO.exe: 00002D5C: 11:08:58 [TUniGUISessionManager]:Stopping Cache Eraser...
RNMAISCREDITO.exe: 00002D5C: 11:08:58 [TUniGUISessionManager]:Cache Eraser Stopped.
RNMAISCREDITO.exe: 00002D5C: 11:08:58 [TUniGUISessionManager]:Destroying Worker Threads.
RNMAISCREDITO.exe: 00002D5C: 11:08:58 [TUniGUISessionManager]:Session manager terminated.
RNMAISCREDITO.exe: 00002D5C: 11:08:58 [TUniServerModule]:Server Shutdown Completed.
RNMAISCREDITO.exe: 00002D5C: 11:08:58 []:<-------------------------------------------------------------->
RNMAISCREDITO.exe: 00002D5C: 11:08:58 [Terminated]:Exit Code: 0
RNMAISCREDITO.exe: 00002434: 11:09:24 []:>--------------------------------------------------------------<
RNMAISCREDITO.exe: 00002434: 11:09:24 [TUniServerModule]:Server First Init.
RNMAISCREDITO.exe: 00002434: 11:09:24 [TUniServerModule]:Starting HTTP Server on Port: 8077...
RNMAISCREDITO.exe: 00002434: 11:09:24 [TUniServerModule]:HTTP Server Started on Port: 8077
RNMAISCREDITO.exe: 00002AA0: 11:09:29 [127.0.0.1]:EUniSessionException : #2-Sua sessão expirou. Por favor, recarregue a página. (Session not found: CR9nov6p5j1088D4F9E ) : Addr: $007D1CBA
RNMAISCREDITO.exe: 000029C0: 11:09:29 [127.0.0.1]:EUniSessionException : #2-Sua sessão expirou. Por favor, recarregue a página. (Session not found: CR9nov6p5j1088D4F9E ) : Addr: $007D1CBA
RNMAISCREDITO.exe: 00002434: 11:14:55 [TUniServerModule]:Shutting Down Server.
RNMAISCREDITO.exe: 00002434: 11:14:55 [TUniServerModule]:Stopping HTTP Server.
RNMAISCREDITO.exe: 00002434: 11:14:55 [TUniServerModule]:HTTP Server Stopped.
RNMAISCREDITO.exe: 00002434: 11:14:55 [TUniGUISessionManager]:Terminating Session manager.
RNMAISCREDITO.exe: 00002434: 11:14:55 [TUniGUISessionManager]:Stopping Cache Eraser...
RNMAISCREDITO.exe: 00002434: 11:14:55 [TUniGUISessionManager]:Cache Eraser Stopped.
RNMAISCREDITO.exe: 00002434: 11:14:55 [TUniGUISessionManager]:Destroying Worker Threads.
RNMAISCREDITO.exe: 00002434: 11:14:55 [TUniGUISessionManager]:Session manager terminated.
RNMAISCREDITO.exe: 00002434: 11:14:55 [TUniServerModule]:Server Shutdown Completed.
RNMAISCREDITO.exe: 00002434: 11:14:55 []:<-------------------------------------------------------------->
RNMAISCREDITO.exe: 00002434: 11:14:55 [Terminated]:Exit Code: 0
RNMAISCREDITO.exe: 00002AC0: 11:15:00 []:>--------------------------------------------------------------<
RNMAISCREDITO.exe: 00002AC0: 11:15:00 [TUniServerModule]:Server First Init.
RNMAISCREDITO.exe: 00002AC0: 11:15:00 [TUniServerModule]:Starting HTTP Server on Port: 8077...
RNMAISCREDITO.exe: 00002AC0: 11:15:00 [TUniServerModule]:HTTP Server Started on Port: 8077
RNMAISCREDITO.exe: 00001F84: 11:15:01 [127.0.0.1]:EUniSessionException : #2-Sua sessão expirou. Por favor, recarregue a página. (Session not found: NpGHaYsnWv1088D519F ) : Addr: $007D1CBA
RNMAISCREDITO.exe: 00001CC8: 11:15:01 [127.0.0.1]:EUniSessionException : #2-Sua sessão expirou. Por favor, recarregue a página. (Session not found: NpGHaYsnWv1088D519F ) : Addr: $007D1CBA
RNMAISCREDITO.exe: 00002AC0: 11:19:45 [TUniServerModule]:Shutting Down Server.
RNMAISCREDITO.exe: 00002AC0: 11:19:45 [TUniServerModule]:Stopping HTTP Server.
RNMAISCREDITO.exe: 00002AC0: 11:19:46 [TUniServerModule]:HTTP Server Stopped.
RNMAISCREDITO.exe: 00002AC0: 11:19:46 [TUniGUISessionManager]:Terminating Session manager.
RNMAISCREDITO.exe: 00002AC0: 11:19:46 [TUniGUISessionManager]:Stopping Cache Eraser...
RNMAISCREDITO.exe: 00002AC0: 11:19:46 [TUniGUISessionManager]:Cache Eraser Stopped.
RNMAISCREDITO.exe: 00002AC0: 11:19:46 [TUniGUISessionManager]:Destroying Worker Threads.
RNMAISCREDITO.exe: 00002AC0: 11:19:46 [TUniGUISessionManager]:Session manager terminated.
RNMAISCREDITO.exe: 00002AC0: 11:19:46 [TUniServerModule]:Server Shutdown Completed.
RNMAISCREDITO.exe: 00002AC0: 11:19:46 []:<-------------------------------------------------------------->
RNMAISCREDITO.exe: 00002AC0: 11:19:46 [Terminated]:Exit Code: 0
RNMAISCREDITO.exe: 00002538: 11:19:51 []:>--------------------------------------------------------------<
RNMAISCREDITO.exe: 00002538: 11:19:51 [TUniServerModule]:Server First Init.
RNMAISCREDITO.exe: 00002538: 11:19:51 [TUniServerModule]:Starting HTTP Server on Port: 8077...
RNMAISCREDITO.exe: 00002538: 11:19:51 [TUniServerModule]:HTTP Server Started on Port: 8077
RNMAISCREDITO.exe: 00001558: 11:19:58 [127.0.0.1]:EUniSessionException : #2-Sua sessão expirou. Por favor, recarregue a página. (Session not found: JzbXpo4hdL1088D531F ) : Addr: $007D1CBA
RNMAISCREDITO.exe: 00002538: 11:22:38 [TUniServerModule]:Shutting Down Server.
RNMAISCREDITO.exe: 00002538: 11:22:38 [TUniServerModule]:Stopping HTTP Server.
RNMAISCREDITO.exe: 00002538: 11:22:39 [TUniServerModule]:HTTP Server Stopped.
RNMAISCREDITO.exe: 00002538: 11:22:39 [TUniGUISessionManager]:Terminating Session manager.
RNMAISCREDITO.exe: 00002538: 11:22:39 [TUniGUISessionManager]:Stopping Cache Eraser...
RNMAISCREDITO.exe: 00002538: 11:22:39 [TUniGUISessionManager]:Cache Eraser Stopped.
RNMAISCREDITO.exe: 00002538: 11:22:39 [TUniGUISessionManager]:Destroying Worker Threads.
RNMAISCREDITO.exe: 00002538: 11:22:39 [TUniGUISessionManager]:Session manager terminated.
RNMAISCREDITO.exe: 00002538: 11:22:39 [TUniServerModule]:Server Shutdown Completed.
RNMAISCREDITO.exe: 00002538: 11:22:39 []:<-------------------------------------------------------------->
RNMAISCREDITO.exe: 00002538: 11:22:39 [Terminated]:Exit Code: 0
RNMAISCREDITO.exe: 00000BA8: 11:22:44 []:>--------------------------------------------------------------<
RNMAISCREDITO.exe: 00000BA8: 11:22:44 [TUniServerModule]:Server First Init.
RNMAISCREDITO.exe: 00000BA8: 11:22:44 [TUniServerModule]:Starting HTTP Server on Port: 8077...
RNMAISCREDITO.exe: 00000BA8: 11:22:44 [TUniServerModule]:HTTP Server Started on Port: 8077
RNMAISCREDITO.exe: 00001264: 11:22:51 [127.0.0.1]:EUniSessionException : #2-Sua sessão expirou. Por favor, recarregue a página. (Session not found: rhWiNrb2sU1088D5470 ) : Addr: $007D1CBA
RNMAISCREDITO.exe: 00000BA8: 11:27:24 [TUniServerModule]:Shutting Down Server.
RNMAISCREDITO.exe: 00000BA8: 11:27:24 [TUniServerModule]:Stopping HTTP Server.
RNMAISCREDITO.exe: 00000BA8: 11:27:24 [TUniServerModule]:HTTP Server Stopped.
RNMAISCREDITO.exe: 00000BA8: 11:27:24 [TUniGUISessionManager]:Terminating Session manager.
RNMAISCREDITO.exe: 00000BA8: 11:27:24 [TUniGUISessionManager]:Stopping Cache Eraser...
RNMAISCREDITO.exe: 00000BA8: 11:27:24 [TUniGUISessionManager]:Cache Eraser Stopped.
RNMAISCREDITO.exe: 00000BA8: 11:27:24 [TUniGUISessionManager]:Destroying Worker Threads.
RNMAISCREDITO.exe: 00000BA8: 11:27:24 [TUniGUISessionManager]:Session manager terminated.
RNMAISCREDITO.exe: 00000BA8: 11:27:24 [TUniServerModule]:Server Shutdown Completed.
RNMAISCREDITO.exe: 00000BA8: 11:27:24 []:<-------------------------------------------------------------->
RNMAISCREDITO.exe: 00000BA8: 11:27:24 [Terminated]:Exit Code: 0
RNMAISCREDITO.exe: 00001E24: 11:27:29 []:>--------------------------------------------------------------<
RNMAISCREDITO.exe: 00001E24: 11:27:29 [TUniServerModule]:Server First Init.
RNMAISCREDITO.exe: 00001E24: 11:27:29 [TUniServerModule]:Starting HTTP Server on Port: 8077...
RNMAISCREDITO.exe: 00001E24: 11:27:29 [TUniServerModule]:HTTP Server Started on Port: 8077
RNMAISCREDITO.exe: 000014FC: 11:27:36 [127.0.0.1]:EUniSessionException : #2-Sua sessão expirou. Por favor, recarregue a página. (Session not found: eSToYhrfBI1088D5538 ) : Addr: $007D1CBA
RNMAISCREDITO.exe: 00001E24: 11:29:17 [TUniServerModule]:Shutting Down Server.
RNMAISCREDITO.exe: 00001E24: 11:29:17 [TUniServerModule]:Stopping HTTP Server.
RNMAISCREDITO.exe: 00001E24: 11:29:17 [TUniServerModule]:HTTP Server Stopped.
RNMAISCREDITO.exe: 00001E24: 11:29:17 [TUniGUISessionManager]:Terminating Session manager.
RNMAISCREDITO.exe: 00001E24: 11:29:17 [TUniGUISessionManager]:Stopping Cache Eraser...
RNMAISCREDITO.exe: 00001E24: 11:29:17 [TUniGUISessionManager]:Cache Eraser Stopped.
RNMAISCREDITO.exe: 00001E24: 11:29:17 [TUniGUISessionManager]:Destroying Worker Threads.
RNMAISCREDITO.exe: 00001E24: 11:29:17 [TUniGUISessionManager]:Session manager terminated.
RNMAISCREDITO.exe: 00001E24: 11:29:17 [TUniServerModule]:Server Shutdown Completed.
RNMAISCREDITO.exe: 00001E24: 11:29:17 []:<-------------------------------------------------------------->
RNMAISCREDITO.exe: 00001E24: 11:29:17 [Terminated]:Exit Code: 0
RNMAISCREDITO.exe: 000033B8: 12:51:35 []:>--------------------------------------------------------------<
RNMAISCREDITO.exe: 000033B8: 12:51:35 [TUniServerModule]:Server First Init.
RNMAISCREDITO.exe: 000033B8: 12:51:35 [TUniServerModule]:Starting HTTP Server on Port: 8077...
RNMAISCREDITO.exe: 000033B8: 12:51:35 [TUniServerModule]:HTTP Server Started on Port: 8077
RNMAISCREDITO.exe: 0000389C: 12:51:35 [127.0.0.1]:EUniSessionException : #2-Sua sessão expirou. Por favor, recarregue a página. (Session not found: uZuvvHEswJ1088D5682 ) : Addr: $007D1CBA
RNMAISCREDITO.exe: 000033B8: 12:54:21 [TUniServerModule]:Shutting Down Server.
RNMAISCREDITO.exe: 000033B8: 12:54:21 [TUniServerModule]:Stopping HTTP Server.
RNMAISCREDITO.exe: 000033B8: 12:54:21 [TUniServerModule]:HTTP Server Stopped.
RNMAISCREDITO.exe: 000033B8: 12:54:21 [TUniGUISessionManager]:Terminating Session manager.
RNMAISCREDITO.exe: 000033B8: 12:54:21 [TUniGUISessionManager]:Stopping Cache Eraser...
RNMAISCREDITO.exe: 000033B8: 12:54:21 [TUniGUISessionManager]:Cache Eraser Stopped.
RNMAISCREDITO.exe: 000033B8: 12:54:21 [TUniGUISessionManager]:Destroying Worker Threads.
RNMAISCREDITO.exe: 000033B8: 12:54:21 [TUniGUISessionManager]:Session manager terminated.
RNMAISCREDITO.exe: 000033B8: 12:54:21 [TUniServerModule]:Server Shutdown Completed.
RNMAISCREDITO.exe: 000033B8: 12:54:21 []:<-------------------------------------------------------------->
RNMAISCREDITO.exe: 000033B8: 12:54:21 [Terminated]:Exit Code: 0
RNMAISCREDITO.exe: 00003768: 12:54:27 []:>--------------------------------------------------------------<
RNMAISCREDITO.exe: 00003768: 12:54:27 [TUniServerModule]:Server First Init.
RNMAISCREDITO.exe: 00003768: 12:54:27 [TUniServerModule]:Starting HTTP Server on Port: 8077...
RNMAISCREDITO.exe: 00003768: 12:54:27 [TUniServerModule]:HTTP Server Started on Port: 8077
RNMAISCREDITO.exe: 000018E4: 12:54:37 [127.0.0.1]:EUniSessionException : #2-Sua sessão expirou. Por favor, recarregue a página. (Session not found: 18J9T4xBKW1088D6D80 ) : Addr: $007D1CBA
RNMAISCREDITO.exe: 00003768: 14:34:50 [TUniServerModule]:Shutting Down Server.
RNMAISCREDITO.exe: 00003768: 14:34:50 [TUniServerModule]:Stopping HTTP Server.
RNMAISCREDITO.exe: 00003768: 14:34:51 [TUniServerModule]:HTTP Server Stopped.
RNMAISCREDITO.exe: 00003768: 14:34:51 [TUniGUISessionManager]:Terminating Session manager.
RNMAISCREDITO.exe: 00003768: 14:34:51 [TUniGUISessionManager]:Stopping Cache Eraser...
RNMAISCREDITO.exe: 00003768: 14:34:51 [TUniGUISessionManager]:Cache Eraser Stopped.
RNMAISCREDITO.exe: 00003768: 14:34:51 [TUniGUISessionManager]:Destroying Worker Threads.
RNMAISCREDITO.exe: 00003768: 14:34:51 [TUniGUISessionManager]:Session manager terminated.
RNMAISCREDITO.exe: 00003768: 14:34:52 [TUniServerModule]:Server Shutdown Completed.
RNMAISCREDITO.exe: 00003768: 14:34:52 []:<-------------------------------------------------------------->
RNMAISCREDITO.exe: 00003768: 14:34:52 [Terminated]:Exit Code: 0
RNMAISCREDITO.exe: 00002DC4: 14:35:20 []:>--------------------------------------------------------------<
RNMAISCREDITO.exe: 00002DC4: 14:35:20 [TUniServerModule]:Server First Init.
RNMAISCREDITO.exe: 00002DC4: 14:35:20 [TUniServerModule]:Starting HTTP Server on Port: 8077...
RNMAISCREDITO.exe: 00002DC4: 14:35:20 [TUniServerModule]:HTTP Server Started on Port: 8077
RNMAISCREDITO.exe: 00002AF0: 14:35:29 [127.0.0.1]:EUniSessionException : #2-Sua sessão expirou. Por favor, recarregue a página. (Session not found: WIOaHJbOhf1088D6E1D ) : Addr: $007D1CBA
RNMAISCREDITO.exe: 00002DC4: 14:37:50 [TUniServerModule]:Shutting Down Server.
RNMAISCREDITO.exe: 00002DC4: 14:37:50 [TUniServerModule]:Stopping HTTP Server.
RNMAISCREDITO.exe: 00002DC4: 14:37:50 [TUniServerModule]:HTTP Server Stopped.
RNMAISCREDITO.exe: 00002DC4: 14:37:50 [TUniGUISessionManager]:Terminating Session manager.
RNMAISCREDITO.exe: 00002DC4: 14:37:50 [TUniGUISessionManager]:Stopping Cache Eraser...
RNMAISCREDITO.exe: 00002DC4: 14:37:50 [TUniGUISessionManager]:Cache Eraser Stopped.
RNMAISCREDITO.exe: 00002DC4: 14:37:50 [TUniGUISessionManager]:Destroying Worker Threads.
RNMAISCREDITO.exe: 00002DC4: 14:37:50 [TUniGUISessionManager]:Session manager terminated.
RNMAISCREDITO.exe: 00002DC4: 14:37:50 [TUniServerModule]:Server Shutdown Completed.
RNMAISCREDITO.exe: 00002DC4: 14:37:50 []:<-------------------------------------------------------------->
RNMAISCREDITO.exe: 00002DC4: 14:37:50 [Terminated]:Exit Code: 0
RNMAISCREDITO.exe: 00001670: 14:37:56 []:>--------------------------------------------------------------<
RNMAISCREDITO.exe: 00001670: 14:37:56 [TUniServerModule]:Server First Init.
RNMAISCREDITO.exe: 00001670: 14:37:56 [TUniServerModule]:Starting HTTP Server on Port: 8077...
RNMAISCREDITO.exe: 00001670: 14:37:56 [TUniServerModule]:HTTP Server Started on Port: 8077
RNMAISCREDITO.exe: 000017E4: 14:38:04 [127.0.0.1]:EUniSessionException : #2-Sua sessão expirou. Por favor, recarregue a página. (Session not found: mpsh2QnTit1088D8977 ) : Addr: $007D1CBA
RNMAISCREDITO.exe: 00002A38: 14:39:21 [127.0.0.1]:EIBNativeException : [FireDAC][Phys][FB]request synchronization error : Addr: $008906C3
RNMAISCREDITO.exe: 00001670: 14:42:17 [TUniServerModule]:Shutting Down Server.
RNMAISCREDITO.exe: 00001670: 14:42:17 [TUniServerModule]:Stopping HTTP Server.
RNMAISCREDITO.exe: 00001670: 14:42:17 [TUniServerModule]:HTTP Server Stopped.
RNMAISCREDITO.exe: 00001670: 14:42:17 [TUniGUISessionManager]:Terminating Session manager.
RNMAISCREDITO.exe: 00001670: 14:42:17 [TUniGUISessionManager]:Stopping Cache Eraser...
RNMAISCREDITO.exe: 00001670: 14:42:17 [TUniGUISessionManager]:Cache Eraser Stopped.
RNMAISCREDITO.exe: 00001670: 14:42:17 [TUniGUISessionManager]:Destroying Worker Threads.
RNMAISCREDITO.exe: 00001670: 14:42:17 [TUniGUISessionManager]:Session manager terminated.
RNMAISCREDITO.exe: 00001670: 14:42:17 [TUniServerModule]:Server Shutdown Completed.
RNMAISCREDITO.exe: 00001670: 14:42:17 []:<-------------------------------------------------------------->
RNMAISCREDITO.exe: 00001670: 14:42:17 [Terminated]:Exit Code: 0
RNMAISCREDITO.exe: 000004B4: 14:42:41 []:>--------------------------------------------------------------<
RNMAISCREDITO.exe: 000004B4: 14:42:41 [TUniServerModule]:Server First Init.
RNMAISCREDITO.exe: 000004B4: 14:42:41 [TUniServerModule]:Starting HTTP Server on Port: 8077...
RNMAISCREDITO.exe: 000004B4: 14:42:41 [TUniServerModule]:HTTP Server Started on Port: 8077
RNMAISCREDITO.exe: 00003708: 14:42:49 [127.0.0.1]:EUniSessionException : #2-Sua sessão expirou. Por favor, recarregue a página. (Session not found: rGLQiSmdlF1088D8A2D ) : Addr: $007D1CBA
RNMAISCREDITO.exe: 00001AE8: 14:43:06 [127.0.0.1]:EIBNativeException : [FireDAC][Phys][FB]request synchronization error : Addr: $008906C3
RNMAISCREDITO.exe: 000004B4: 14:45:01 [TUniServerModule]:Shutting Down Server.
RNMAISCREDITO.exe: 000004B4: 14:45:01 [TUniServerModule]:Stopping HTTP Server.
RNMAISCREDITO.exe: 000004B4: 14:45:01 [TUniServerModule]:HTTP Server Stopped.
RNMAISCREDITO.exe: 000004B4: 14:45:01 [TUniGUISessionManager]:Terminating Session manager.
RNMAISCREDITO.exe: 000004B4: 14:45:01 [TUniGUISessionManager]:Stopping Cache Eraser...
RNMAISCREDITO.exe: 000004B4: 14:45:01 [TUniGUISessionManager]:Cache Eraser Stopped.
RNMAISCREDITO.exe: 000004B4: 14:45:01 [TUniGUISessionManager]:Destroying Worker Threads.
RNMAISCREDITO.exe: 000004B4: 14:45:01 [TUniGUISessionManager]:Session manager terminated.
RNMAISCREDITO.exe: 000004B4: 14:45:01 [TUniServerModule]:Server Shutdown Completed.
RNMAISCREDITO.exe: 000004B4: 14:45:01 []:<-------------------------------------------------------------->
RNMAISCREDITO.exe: 000004B4: 14:45:01 [Terminated]:Exit Code: 0
RNMAISCREDITO.exe: 00002AC8: 14:45:07 []:>--------------------------------------------------------------<
RNMAISCREDITO.exe: 00002AC8: 14:45:07 [TUniServerModule]:Server First Init.
RNMAISCREDITO.exe: 00002AC8: 14:45:07 [TUniServerModule]:Starting HTTP Server on Port: 8077...
RNMAISCREDITO.exe: 00002AC8: 14:45:07 [TUniServerModule]:HTTP Server Started on Port: 8077
RNMAISCREDITO.exe: 00000118: 14:45:15 [127.0.0.1]:EUniSessionException : #2-Sua sessão expirou. Por favor, recarregue a página. (Session not found: Ss5Ev9OTqJ1088D8B77 ) : Addr: $007D1CBA
RNMAISCREDITO.exe: 00002AC8: 14:46:40 [TUniServerModule]:Shutting Down Server.
RNMAISCREDITO.exe: 00002AC8: 14:46:40 [TUniServerModule]:Stopping HTTP Server.
RNMAISCREDITO.exe: 00002AC8: 14:46:40 [TUniServerModule]:HTTP Server Stopped.
RNMAISCREDITO.exe: 00002AC8: 14:46:40 [TUniGUISessionManager]:Terminating Session manager.
RNMAISCREDITO.exe: 00002AC8: 14:46:40 [TUniGUISessionManager]:Stopping Cache Eraser...
RNMAISCREDITO.exe: 00002AC8: 14:46:40 [TUniGUISessionManager]:Cache Eraser Stopped.
RNMAISCREDITO.exe: 00002AC8: 14:46:40 [TUniGUISessionManager]:Destroying Worker Threads.
RNMAISCREDITO.exe: 00002AC8: 14:46:40 [TUniGUISessionManager]:Session manager terminated.
RNMAISCREDITO.exe: 00002AC8: 14:46:40 [TUniServerModule]:Server Shutdown Completed.
RNMAISCREDITO.exe: 00002AC8: 14:46:40 []:<-------------------------------------------------------------->
RNMAISCREDITO.exe: 00002AC8: 14:46:40 [Terminated]:Exit Code: 0
RNMAISCREDITO.exe: 00001F4C: 14:46:45 []:>--------------------------------------------------------------<
RNMAISCREDITO.exe: 00001F4C: 14:46:45 [TUniServerModule]:Server First Init.
RNMAISCREDITO.exe: 00001F4C: 14:46:45 [TUniServerModule]:Starting HTTP Server on Port: 8077...
RNMAISCREDITO.exe: 00001F4C: 14:46:45 [TUniServerModule]:HTTP Server Started on Port: 8077
RNMAISCREDITO.exe: 00003154: 14:46:53 [127.0.0.1]:EUniSessionException : #2-Sua sessão expirou. Por favor, recarregue a página. (Session not found: 7oTEvvkrtj1088D8C1F ) : Addr: $007D1CBA
RNMAISCREDITO.exe: 00001F4C: 14:55:31 [TUniServerModule]:Shutting Down Server.
RNMAISCREDITO.exe: 00001F4C: 14:55:31 [TUniServerModule]:Stopping HTTP Server.
RNMAISCREDITO.exe: 00001F4C: 14:55:31 [TUniServerModule]:HTTP Server Stopped.
RNMAISCREDITO.exe: 00001F4C: 14:55:31 [TUniGUISessionManager]:Terminating Session manager.
RNMAISCREDITO.exe: 00001F4C: 14:55:31 [TUniGUISessionManager]:Stopping Cache Eraser...
RNMAISCREDITO.exe: 00001F4C: 14:55:31 [TUniGUISessionManager]:Cache Eraser Stopped.
RNMAISCREDITO.exe: 00001F4C: 14:55:31 [TUniGUISessionManager]:Destroying Worker Threads.
RNMAISCREDITO.exe: 00001F4C: 14:55:31 [TUniGUISessionManager]:Session manager terminated.
RNMAISCREDITO.exe: 00001F4C: 14:55:31 [TUniServerModule]:Server Shutdown Completed.
RNMAISCREDITO.exe: 00001F4C: 14:55:31 []:<-------------------------------------------------------------->
RNMAISCREDITO.exe: 00001F4C: 14:55:31 [Terminated]:Exit Code: 0
RNMAISCREDITO.exe: 00000464: 14:55:38 []:>--------------------------------------------------------------<
RNMAISCREDITO.exe: 00000464: 14:55:38 [TUniServerModule]:Server First Init.
RNMAISCREDITO.exe: 00000464: 14:55:38 [TUniServerModule]:Starting HTTP Server on Port: 8077...
RNMAISCREDITO.exe: 00000464: 14:55:38 [TUniServerModule]:HTTP Server Started on Port: 8077
RNMAISCREDITO.exe: 00003A98: 14:55:45 [127.0.0.1]:EUniSessionException : #2-Sua sessão expirou. Por favor, recarregue a página. (Session not found: 9P5g15OWkZ1088D8C99 ) : Addr: $007D1CBA
RNMAISCREDITO.exe: 00000464: 14:56:35 [TUniServerModule]:Shutting Down Server.
RNMAISCREDITO.exe: 00000464: 14:56:35 [TUniServerModule]:Stopping HTTP Server.
RNMAISCREDITO.exe: 00000464: 14:56:35 [TUniServerModule]:HTTP Server Stopped.
RNMAISCREDITO.exe: 00000464: 14:56:35 [TUniGUISessionManager]:Terminating Session manager.
RNMAISCREDITO.exe: 00000464: 14:56:35 [TUniGUISessionManager]:Stopping Cache Eraser...
RNMAISCREDITO.exe: 00000464: 14:56:35 [TUniGUISessionManager]:Cache Eraser Stopped.
RNMAISCREDITO.exe: 00000464: 14:56:35 [TUniGUISessionManager]:Destroying Worker Threads.
RNMAISCREDITO.exe: 00000464: 14:56:35 [TUniGUISessionManager]:Session manager terminated.
RNMAISCREDITO.exe: 00000464: 14:56:35 [TUniServerModule]:Server Shutdown Completed.
RNMAISCREDITO.exe: 00000464: 14:56:35 []:<-------------------------------------------------------------->
RNMAISCREDITO.exe: 00000464: 14:56:35 [Terminated]:Exit Code: 0
RNMAISCREDITO.exe: 000028D8: 14:57:27 []:>--------------------------------------------------------------<
RNMAISCREDITO.exe: 000028D8: 14:57:27 [TUniServerModule]:Server First Init.
RNMAISCREDITO.exe: 000028D8: 14:57:27 [TUniServerModule]:Starting HTTP Server on Port: 8077...
RNMAISCREDITO.exe: 000028D8: 14:57:27 [TUniServerModule]:HTTP Server Started on Port: 8077
RNMAISCREDITO.exe: 0000275C: 14:57:43 [127.0.0.1]:EUniSessionException : #2-Sua sessão expirou. Por favor, recarregue a página. (Session not found: hqCOSsI84j1088D8EF9 ) : Addr: $007D1CBA
RNMAISCREDITO.exe: 000028D8: 14:58:46 [TUniServerModule]:Shutting Down Server.
RNMAISCREDITO.exe: 000028D8: 14:58:46 [TUniServerModule]:Stopping HTTP Server.
RNMAISCREDITO.exe: 000028D8: 14:58:47 [TUniServerModule]:HTTP Server Stopped.
RNMAISCREDITO.exe: 000028D8: 14:58:47 [TUniGUISessionManager]:Terminating Session manager.
RNMAISCREDITO.exe: 000028D8: 14:58:47 [TUniGUISessionManager]:Stopping Cache Eraser...
RNMAISCREDITO.exe: 000028D8: 14:58:47 [TUniGUISessionManager]:Cache Eraser Stopped.
RNMAISCREDITO.exe: 000028D8: 14:58:47 [TUniGUISessionManager]:Destroying Worker Threads.
RNMAISCREDITO.exe: 000028D8: 14:58:47 [TUniGUISessionManager]:Session manager terminated.
RNMAISCREDITO.exe: 000028D8: 14:58:47 [TUniServerModule]:Server Shutdown Completed.
RNMAISCREDITO.exe: 000028D8: 14:58:47 []:<-------------------------------------------------------------->
RNMAISCREDITO.exe: 000028D8: 14:58:47 [Terminated]:Exit Code: 0
RNMAISCREDITO.exe: 000011F8: 14:58:52 []:>--------------------------------------------------------------<
RNMAISCREDITO.exe: 000011F8: 14:58:52 [TUniServerModule]:Server First Init.
RNMAISCREDITO.exe: 000011F8: 14:58:52 [TUniServerModule]:Starting HTTP Server on Port: 8077...
RNMAISCREDITO.exe: 000011F8: 14:58:52 [TUniServerModule]:HTTP Server Started on Port: 8077
RNMAISCREDITO.exe: 000038A0: 14:58:59 [127.0.0.1]:EUniSessionException : #2-Sua sessão expirou. Por favor, recarregue a página. (Session not found: apdjmAkwsp1088D8F82 ) : Addr: $007D1CBA
RNMAISCREDITO.exe: 000011F8: 14:59:53 [TUniServerModule]:Shutting Down Server.
RNMAISCREDITO.exe: 000011F8: 14:59:53 [TUniServerModule]:Stopping HTTP Server.
RNMAISCREDITO.exe: 000011F8: 14:59:53 [TUniServerModule]:HTTP Server Stopped.
RNMAISCREDITO.exe: 000011F8: 14:59:53 [TUniGUISessionManager]:Terminating Session manager.
RNMAISCREDITO.exe: 000011F8: 14:59:53 [TUniGUISessionManager]:Stopping Cache Eraser...
RNMAISCREDITO.exe: 000011F8: 14:59:53 [TUniGUISessionManager]:Cache Eraser Stopped.
RNMAISCREDITO.exe: 000011F8: 14:59:53 [TUniGUISessionManager]:Destroying Worker Threads.
RNMAISCREDITO.exe: 000011F8: 14:59:53 [TUniGUISessionManager]:Session manager terminated.
RNMAISCREDITO.exe: 000011F8: 14:59:53 [TUniServerModule]:Server Shutdown Completed.
RNMAISCREDITO.exe: 000011F8: 14:59:53 []:<-------------------------------------------------------------->
RNMAISCREDITO.exe: 000011F8: 14:59:53 [Terminated]:Exit Code: 0
RNMAISCREDITO.exe: 000004B4: 15:00:00 []:>--------------------------------------------------------------<
RNMAISCREDITO.exe: 000004B4: 15:00:00 [TUniServerModule]:Server First Init.
RNMAISCREDITO.exe: 000004B4: 15:00:00 [TUniServerModule]:Starting HTTP Server on Port: 8077...
RNMAISCREDITO.exe: 000004B4: 15:00:00 [TUniServerModule]:HTTP Server Started on Port: 8077
RNMAISCREDITO.exe: 00001F44: 15:00:06 [127.0.0.1]:EUniSessionException : #2-Sua sessão expirou. Por favor, recarregue a página. (Session not found: C3quFRRBiM1088D8FDA ) : Addr: $007D1CBA
RNMAISCREDITO.exe: 000004B4: 15:01:13 [TUniServerModule]:Shutting Down Server.
RNMAISCREDITO.exe: 000004B4: 15:01:13 [TUniServerModule]:Stopping HTTP Server.
RNMAISCREDITO.exe: 000004B4: 15:01:14 [TUniServerModule]:HTTP Server Stopped.
RNMAISCREDITO.exe: 000004B4: 15:01:14 [TUniGUISessionManager]:Terminating Session manager.
RNMAISCREDITO.exe: 000004B4: 15:01:14 [TUniGUISessionManager]:Stopping Cache Eraser...
RNMAISCREDITO.exe: 000004B4: 15:01:14 [TUniGUISessionManager]:Cache Eraser Stopped.
RNMAISCREDITO.exe: 000004B4: 15:01:14 [TUniGUISessionManager]:Destroying Worker Threads.
RNMAISCREDITO.exe: 000004B4: 15:01:14 [TUniGUISessionManager]:Session manager terminated.
RNMAISCREDITO.exe: 000004B4: 15:01:14 [TUniServerModule]:Server Shutdown Completed.
RNMAISCREDITO.exe: 000004B4: 15:01:14 []:<-------------------------------------------------------------->
RNMAISCREDITO.exe: 000004B4: 15:01:14 [Terminated]:Exit Code: 0
RNMAISCREDITO.exe: 00001DE0: 15:01:26 []:>--------------------------------------------------------------<
RNMAISCREDITO.exe: 00001DE0: 15:01:26 [TUniServerModule]:Server First Init.
RNMAISCREDITO.exe: 00001DE0: 15:01:26 [TUniServerModule]:Starting HTTP Server on Port: 8077...
RNMAISCREDITO.exe: 00001DE0: 15:01:26 [TUniServerModule]:HTTP Server Started on Port: 8077
RNMAISCREDITO.exe: 000038D4: 15:01:33 [127.0.0.1]:EUniSessionException : #2-Sua sessão expirou. Por favor, recarregue a página. (Session not found: NRb58n2XQ91088D9027 ) : Addr: $007D1CBA
RNMAISCREDITO.exe: 00001DE0: 15:02:02 [TUniServerModule]:Shutting Down Server.
RNMAISCREDITO.exe: 00001DE0: 15:02:02 [TUniServerModule]:Stopping HTTP Server.
RNMAISCREDITO.exe: 00001DE0: 15:02:02 [TUniServerModule]:HTTP Server Stopped.
RNMAISCREDITO.exe: 00001DE0: 15:02:02 [TUniGUISessionManager]:Terminating Session manager.
RNMAISCREDITO.exe: 00001DE0: 15:02:02 [TUniGUISessionManager]:Stopping Cache Eraser...
RNMAISCREDITO.exe: 00001DE0: 15:02:02 [TUniGUISessionManager]:Cache Eraser Stopped.
RNMAISCREDITO.exe: 00001DE0: 15:02:02 [TUniGUISessionManager]:Destroying Worker Threads.
RNMAISCREDITO.exe: 00001DE0: 15:02:02 [TUniGUISessionManager]:Session manager terminated.
RNMAISCREDITO.exe: 00001DE0: 15:02:02 [TUniServerModule]:Server Shutdown Completed.
RNMAISCREDITO.exe: 00001DE0: 15:02:02 []:<-------------------------------------------------------------->
RNMAISCREDITO.exe: 00001DE0: 15:02:02 [Terminated]:Exit Code: 0
RNMAISCREDITO.exe: 0000120C: 15:02:51 []:>--------------------------------------------------------------<
RNMAISCREDITO.exe: 0000120C: 15:02:51 [TUniServerModule]:Server First Init.
RNMAISCREDITO.exe: 0000120C: 15:02:51 [TUniServerModule]:Starting HTTP Server on Port: 8077...
RNMAISCREDITO.exe: 0000120C: 15:02:51 [TUniServerModule]:HTTP Server Started on Port: 8077
RNMAISCREDITO.exe: 000005EC: 15:02:56 [127.0.0.1]:EUniSessionException : #2-Sua sessão expirou. Por favor, recarregue a página. (Session not found: mDUb4bRs1O1088D908C ) : Addr: $007D1CBA
RNMAISCREDITO.exe: 0000120C: 15:04:26 [TUniServerModule]:Shutting Down Server.
RNMAISCREDITO.exe: 0000120C: 15:04:26 [TUniServerModule]:Stopping HTTP Server.
RNMAISCREDITO.exe: 0000120C: 15:04:26 [TUniServerModule]:HTTP Server Stopped.
RNMAISCREDITO.exe: 0000120C: 15:04:26 [TUniGUISessionManager]:Terminating Session manager.
RNMAISCREDITO.exe: 0000120C: 15:04:26 [TUniGUISessionManager]:Stopping Cache Eraser...
RNMAISCREDITO.exe: 0000120C: 15:04:26 [TUniGUISessionManager]:Cache Eraser Stopped.
RNMAISCREDITO.exe: 0000120C: 15:04:26 [TUniGUISessionManager]:Destroying Worker Threads.
RNMAISCREDITO.exe: 0000120C: 15:04:26 [TUniGUISessionManager]:Session manager terminated.
RNMAISCREDITO.exe: 0000120C: 15:04:26 [TUniServerModule]:Server Shutdown Completed.
RNMAISCREDITO.exe: 0000120C: 15:04:26 []:<-------------------------------------------------------------->
RNMAISCREDITO.exe: 0000120C: 15:04:26 [Terminated]:Exit Code: 0
RNMAISCREDITO.exe: 0000131C: 15:04:32 []:>--------------------------------------------------------------<
RNMAISCREDITO.exe: 0000131C: 15:04:32 [TUniServerModule]:Server First Init.
RNMAISCREDITO.exe: 0000131C: 15:04:32 [TUniServerModule]:Starting HTTP Server on Port: 8077...
RNMAISCREDITO.exe: 0000131C: 15:04:32 [TUniServerModule]:HTTP Server Started on Port: 8077
RNMAISCREDITO.exe: 00001388: 15:04:37 [127.0.0.1]:EUniSessionException : #2-Sua sessão expirou. Por favor, recarregue a página. (Session not found: D53OKIS8uG1088D90ED ) : Addr: $007D1CBA
RNMAISCREDITO.exe: 0000131C: 15:05:17 [TUniServerModule]:Shutting Down Server.
RNMAISCREDITO.exe: 0000131C: 15:05:17 [TUniServerModule]:Stopping HTTP Server.
RNMAISCREDITO.exe: 0000131C: 15:05:17 [TUniServerModule]:HTTP Server Stopped.
RNMAISCREDITO.exe: 0000131C: 15:05:17 [TUniGUISessionManager]:Terminating Session manager.
RNMAISCREDITO.exe: 0000131C: 15:05:17 [TUniGUISessionManager]:Stopping Cache Eraser...
RNMAISCREDITO.exe: 0000131C: 15:05:17 [TUniGUISessionManager]:Cache Eraser Stopped.
RNMAISCREDITO.exe: 0000131C: 15:05:17 [TUniGUISessionManager]:Destroying Worker Threads.
RNMAISCREDITO.exe: 0000131C: 15:05:17 [TUniGUISessionManager]:Session manager terminated.
RNMAISCREDITO.exe: 0000131C: 15:05:17 [TUniServerModule]:Server Shutdown Completed.
RNMAISCREDITO.exe: 0000131C: 15:05:17 []:<-------------------------------------------------------------->
RNMAISCREDITO.exe: 0000131C: 15:05:17 [Terminated]:Exit Code: 0
RNMAISCREDITO.exe: 000026D0: 15:05:23 []:>--------------------------------------------------------------<
RNMAISCREDITO.exe: 000026D0: 15:05:23 [TUniServerModule]:Server First Init.
RNMAISCREDITO.exe: 000026D0: 15:05:23 [TUniServerModule]:Starting HTTP Server on Port: 8077...
RNMAISCREDITO.exe: 000026D0: 15:05:23 [TUniServerModule]:HTTP Server Started on Port: 8077
RNMAISCREDITO.exe: 000035A4: 15:05:29 [127.0.0.1]:EUniSessionException : #2-Sua sessão expirou. Por favor, recarregue a página. (Session not found: YN7LSdPDQr1088D9162 ) : Addr: $007D1CBA
RNMAISCREDITO.exe: 000026D0: 15:57:46 [TUniServerModule]:Shutting Down Server.
RNMAISCREDITO.exe: 000026D0: 15:57:46 [TUniServerModule]:Stopping HTTP Server.
RNMAISCREDITO.exe: 000026D0: 15:57:46 [TUniServerModule]:HTTP Server Stopped.
RNMAISCREDITO.exe: 000026D0: 15:57:46 [TUniGUISessionManager]:Terminating Session manager.
RNMAISCREDITO.exe: 000026D0: 15:57:46 [TUniGUISessionManager]:Stopping Cache Eraser...
RNMAISCREDITO.exe: 000026D0: 15:57:46 [TUniGUISessionManager]:Cache Eraser Stopped.
RNMAISCREDITO.exe: 000026D0: 15:57:46 [TUniGUISessionManager]:Destroying Worker Threads.
RNMAISCREDITO.exe: 000026D0: 15:57:46 [TUniGUISessionManager]:Session manager terminated.
RNMAISCREDITO.exe: 000026D0: 15:57:47 [TUniServerModule]:Server Shutdown Completed.
RNMAISCREDITO.exe: 000026D0: 15:57:47 []:<-------------------------------------------------------------->
RNMAISCREDITO.exe: 000026D0: 15:57:47 [Terminated]:Exit Code: 0
RNMAISCREDITO.exe: 00002684: 15:58:03 []:>--------------------------------------------------------------<
RNMAISCREDITO.exe: 00002684: 15:58:03 [TUniServerModule]:Server First Init.
RNMAISCREDITO.exe: 00002684: 15:58:03 [TUniServerModule]:Starting HTTP Server on Port: 8077...
RNMAISCREDITO.exe: 00002684: 15:58:03 [TUniServerModule]:HTTP Server Started on Port: 8077
RNMAISCREDITO.exe: 00003828: 15:58:09 [127.0.0.1]:EUniSessionException : #2-Sua sessão expirou. Por favor, recarregue a página. (Session not found: QRH9XlF6Vu1088D919D ) : Addr: $007D1CBA
RNMAISCREDITO.exe: 00002684: 16:01:06 [TUniServerModule]:Shutting Down Server.
RNMAISCREDITO.exe: 00002684: 16:01:06 [TUniServerModule]:Stopping HTTP Server.
RNMAISCREDITO.exe: 00002684: 16:01:07 [TUniServerModule]:HTTP Server Stopped.
RNMAISCREDITO.exe: 00002684: 16:01:07 [TUniGUISessionManager]:Terminating Session manager.
RNMAISCREDITO.exe: 00002684: 16:01:07 [TUniGUISessionManager]:Stopping Cache Eraser...
RNMAISCREDITO.exe: 00002684: 16:01:07 [TUniGUISessionManager]:Cache Eraser Stopped.
RNMAISCREDITO.exe: 00002684: 16:01:07 [TUniGUISessionManager]:Destroying Worker Threads.
RNMAISCREDITO.exe: 00002684: 16:01:07 [TUniGUISessionManager]:Session manager terminated.
RNMAISCREDITO.exe: 00002684: 16:01:07 [TUniServerModule]:Server Shutdown Completed.
RNMAISCREDITO.exe: 00002684: 16:01:07 []:<-------------------------------------------------------------->
RNMAISCREDITO.exe: 00002684: 16:01:07 [Terminated]:Exit Code: 0
RNMAISCREDITO.exe: 00003744: 16:01:14 []:>--------------------------------------------------------------<
RNMAISCREDITO.exe: 00003744: 16:01:14 [TUniServerModule]:Server First Init.
RNMAISCREDITO.exe: 00003744: 16:01:14 [TUniServerModule]:Starting HTTP Server on Port: 8077...
RNMAISCREDITO.exe: 00003744: 16:01:14 [TUniServerModule]:HTTP Server Started on Port: 8077
RNMAISCREDITO.exe: 00002AFC: 16:01:22 [127.0.0.1]:EUniSessionException : #2-Sua sessão expirou. Por favor, recarregue a página. (Session not found: o4UWo9zSNg1088D9FE4 ) : Addr: $007D1CBA
RNMAISCREDITO.exe: 00000888: 16:01:29 [[FireDAC][Phys][FB]-306. Command [qryCliente] text must be not empty-127.0.0.1]:EFDException : [FireDAC][Phys][FB]-306. Command [qryCliente] text must be not empty : Addr: $007DA2F0
RNMAISCREDITO.exe: 00003744: 16:02:25 [TUniServerModule]:Shutting Down Server.
RNMAISCREDITO.exe: 00003744: 16:02:25 [TUniServerModule]:Stopping HTTP Server.
RNMAISCREDITO.exe: 00003744: 16:02:26 [TUniServerModule]:HTTP Server Stopped.
RNMAISCREDITO.exe: 00003744: 16:02:26 [TUniGUISessionManager]:Terminating Session manager.
RNMAISCREDITO.exe: 00003744: 16:02:26 [TUniGUISessionManager]:Stopping Cache Eraser...
RNMAISCREDITO.exe: 00003744: 16:02:26 [TUniGUISessionManager]:Cache Eraser Stopped.
RNMAISCREDITO.exe: 00003744: 16:02:26 [TUniGUISessionManager]:Destroying Worker Threads.
RNMAISCREDITO.exe: 00003744: 16:02:26 [TUniGUISessionManager]:Session manager terminated.
RNMAISCREDITO.exe: 00003744: 16:02:26 [TUniServerModule]:Server Shutdown Completed.
RNMAISCREDITO.exe: 00003744: 16:02:26 []:<-------------------------------------------------------------->
RNMAISCREDITO.exe: 00003744: 16:02:26 [Terminated]:Exit Code: 0
RNMAISCREDITO.exe: 00002DF4: 16:02:37 []:>--------------------------------------------------------------<
RNMAISCREDITO.exe: 00002DF4: 16:02:37 [TUniServerModule]:Server First Init.
RNMAISCREDITO.exe: 00002DF4: 16:02:37 [TUniServerModule]:Starting HTTP Server on Port: 8077...
RNMAISCREDITO.exe: 00002DF4: 16:02:37 [TUniServerModule]:HTTP Server Started on Port: 8077
RNMAISCREDITO.exe: 00000854: 16:02:45 [127.0.0.1]:EUniSessionException : #2-Sua sessão expirou. Por favor, recarregue a página. (Session not found: mdDGnSCKn21088DA0C6 ) : Addr: $007D1CBA
RNMAISCREDITO.exe: 00002DF4: 16:04:19 [TUniServerModule]:Shutting Down Server.
RNMAISCREDITO.exe: 00002DF4: 16:04:19 [TUniServerModule]:Stopping HTTP Server.
RNMAISCREDITO.exe: 00002DF4: 16:04:20 [TUniServerModule]:HTTP Server Stopped.
RNMAISCREDITO.exe: 00002DF4: 16:04:20 [TUniGUISessionManager]:Terminating Session manager.
RNMAISCREDITO.exe: 00002DF4: 16:04:20 [TUniGUISessionManager]:Stopping Cache Eraser...
RNMAISCREDITO.exe: 00002DF4: 16:04:20 [TUniGUISessionManager]:Cache Eraser Stopped.
RNMAISCREDITO.exe: 00002DF4: 16:04:20 [TUniGUISessionManager]:Destroying Worker Threads.
RNMAISCREDITO.exe: 00002DF4: 16:04:20 [TUniGUISessionManager]:Session manager terminated.
RNMAISCREDITO.exe: 00002DF4: 16:04:20 [TUniServerModule]:Server Shutdown Completed.
RNMAISCREDITO.exe: 00002DF4: 16:04:20 []:<-------------------------------------------------------------->
RNMAISCREDITO.exe: 00002DF4: 16:04:20 [Terminated]:Exit Code: 0
RNMAISCREDITO.exe: 00001824: 16:04:24 []:>--------------------------------------------------------------<
RNMAISCREDITO.exe: 00001824: 16:04:24 [TUniServerModule]:Server First Init.
RNMAISCREDITO.exe: 00001824: 16:04:24 [TUniServerModule]:Starting HTTP Server on Port: 8077...
RNMAISCREDITO.exe: 00001824: 16:04:24 [TUniServerModule]:HTTP Server Started on Port: 8077
RNMAISCREDITO.exe: 00001608: 16:04:35 [127.0.0.1]:EUniSessionException : #2-Sua sessão expirou. Por favor, recarregue a página. (Session not found: ccfTkcK13j1088DA126 ) : Addr: $007D1CBA
RNMAISCREDITO.exe: 00001824: 16:05:36 [TUniServerModule]:Shutting Down Server.
RNMAISCREDITO.exe: 00001824: 16:05:36 [TUniServerModule]:Stopping HTTP Server.
RNMAISCREDITO.exe: 00001824: 16:05:36 [TUniServerModule]:HTTP Server Stopped.
RNMAISCREDITO.exe: 00001824: 16:05:36 [TUniGUISessionManager]:Terminating Session manager.
RNMAISCREDITO.exe: 00001824: 16:05:36 [TUniGUISessionManager]:Stopping Cache Eraser...
RNMAISCREDITO.exe: 00001824: 16:05:36 [TUniGUISessionManager]:Cache Eraser Stopped.
RNMAISCREDITO.exe: 00001824: 16:05:36 [TUniGUISessionManager]:Destroying Worker Threads.
RNMAISCREDITO.exe: 00001824: 16:05:36 [TUniGUISessionManager]:Session manager terminated.
RNMAISCREDITO.exe: 00001824: 16:05:36 [TUniServerModule]:Server Shutdown Completed.
RNMAISCREDITO.exe: 00001824: 16:05:36 []:<-------------------------------------------------------------->
RNMAISCREDITO.exe: 00001824: 16:05:36 [Terminated]:Exit Code: 0
RNMAISCREDITO.exe: 00000FA4: 16:05:44 []:>--------------------------------------------------------------<
RNMAISCREDITO.exe: 00000FA4: 16:05:44 [TUniServerModule]:Server First Init.
RNMAISCREDITO.exe: 00000FA4: 16:05:44 [TUniServerModule]:Starting HTTP Server on Port: 8077...
RNMAISCREDITO.exe: 00000FA4: 16:05:44 [TUniServerModule]:HTTP Server Started on Port: 8077
RNMAISCREDITO.exe: 000033E8: 16:05:50 [127.0.0.1]:EUniSessionException : #2-Sua sessão expirou. Por favor, recarregue a página. (Session not found: nOLU3UTgYw1088DA1A5 ) : Addr: $007D1CBA
RNMAISCREDITO.exe: 00000FA4: 19:02:05 [TUniServerModule]:Shutting Down Server.
RNMAISCREDITO.exe: 00000FA4: 19:02:05 [TUniServerModule]:Stopping HTTP Server.
RNMAISCREDITO.exe: 00000FA4: 19:02:05 [TUniServerModule]:HTTP Server Stopped.
RNMAISCREDITO.exe: 00000FA4: 19:02:05 [TUniGUISessionManager]:Terminating Session manager.
RNMAISCREDITO.exe: 00000FA4: 19:02:05 [TUniGUISessionManager]:Stopping Cache Eraser...
RNMAISCREDITO.exe: 00000FA4: 19:02:05 [TUniGUISessionManager]:Cache Eraser Stopped.
RNMAISCREDITO.exe: 00000FA4: 19:02:05 [TUniGUISessionManager]:Destroying Worker Threads.
RNMAISCREDITO.exe: 00000FA4: 19:02:05 [TUniGUISessionManager]:Session manager terminated.
RNMAISCREDITO.exe: 00000FA4: 19:02:05 [TUniServerModule]:Server Shutdown Completed.
RNMAISCREDITO.exe: 00000FA4: 19:02:05 []:<-------------------------------------------------------------->
RNMAISCREDITO.exe: 00000FA4: 19:02:05 [Terminated]:Exit Code: 0
RNMAISCREDITO.exe: 000007B0: 19:02:17 []:>--------------------------------------------------------------<
RNMAISCREDITO.exe: 000007B0: 19:02:17 [TUniServerModule]:Server First Init.
RNMAISCREDITO.exe: 000007B0: 19:02:18 [TUniServerModule]:Starting HTTP Server on Port: 8077...
RNMAISCREDITO.exe: 000007B0: 19:02:18 [TUniServerModule]:HTTP Server Started on Port: 8077
RNMAISCREDITO.exe: 00000448: 19:02:28 [127.0.0.1]:EUniSessionException : #2-Sua sessão expirou. Por favor, recarregue a página. (Session not found: ZLimFHu7U61088DD1AF ) : Addr: $007D1CBA
RNMAISCREDITO.exe: 000007B0: 19:03:50 [TUniServerModule]:Shutting Down Server.
RNMAISCREDITO.exe: 000007B0: 19:03:50 [TUniServerModule]:Stopping HTTP Server.
RNMAISCREDITO.exe: 000007B0: 19:03:50 [TUniServerModule]:HTTP Server Stopped.
RNMAISCREDITO.exe: 000007B0: 19:03:50 [TUniGUISessionManager]:Terminating Session manager.
RNMAISCREDITO.exe: 000007B0: 19:03:50 [TUniGUISessionManager]:Stopping Cache Eraser...
RNMAISCREDITO.exe: 000007B0: 19:03:50 [TUniGUISessionManager]:Cache Eraser Stopped.
RNMAISCREDITO.exe: 000007B0: 19:03:50 [TUniGUISessionManager]:Destroying Worker Threads.
RNMAISCREDITO.exe: 000007B0: 19:03:51 [TUniGUISessionManager]:Session manager terminated.
RNMAISCREDITO.exe: 000007B0: 19:03:51 [TUniServerModule]:Server Shutdown Completed.
RNMAISCREDITO.exe: 000007B0: 19:03:51 []:<-------------------------------------------------------------->
RNMAISCREDITO.exe: 000007B0: 19:03:51 [Terminated]:Exit Code: 0
RNMAISCREDITO.exe: 000007F0: 19:03:57 []:>--------------------------------------------------------------<
RNMAISCREDITO.exe: 000007F0: 19:03:57 [TUniServerModule]:Server First Init.
RNMAISCREDITO.exe: 000007F0: 19:03:57 [TUniServerModule]:Starting HTTP Server on Port: 8077...
RNMAISCREDITO.exe: 000007F0: 19:03:57 [TUniServerModule]:HTTP Server Started on Port: 8077
RNMAISCREDITO.exe: 000023CC: 19:04:04 [127.0.0.1]:EUniSessionException : #2-Sua sessão expirou. Por favor, recarregue a página. (Session not found: 8sV9HgsUhn1088DD1E6 ) : Addr: $007D1CBA
RNMAISCREDITO.exe: 00000250: 19:05:46 [127.0.0.1]:EUniSessionException : #2-Sua sessão expirou. Por favor, recarregue a página. (Invalid URI: /x-msgbox-question ) : Addr: $007D1CBA
RNMAISCREDITO.exe: 0000047C: 19:06:10 [127.0.0.1]:EVariantTypeCastError : Could not convert variant of type (Null) into type (Integer) : Addr: $0043AAD9
RNMAISCREDITO.exe: 0000047C: 19:06:23 [127.0.0.1]:EDatabaseError : Field 'ID' must have a value : Addr: $0065E7CB
RNMAISCREDITO.exe: 000007F0: 20:43:32 [TUniServerModule]:Shutting Down Server.
RNMAISCREDITO.exe: 000007F0: 20:43:32 [TUniServerModule]:Stopping HTTP Server.
RNMAISCREDITO.exe: 000007F0: 20:43:33 [TUniServerModule]:HTTP Server Stopped.
RNMAISCREDITO.exe: 000007F0: 20:43:33 [TUniGUISessionManager]:Terminating Session manager.
RNMAISCREDITO.exe: 000007F0: 20:43:33 [TUniGUISessionManager]:Stopping Cache Eraser...
RNMAISCREDITO.exe: 000007F0: 20:43:33 [TUniGUISessionManager]:Cache Eraser Stopped.
RNMAISCREDITO.exe: 000007F0: 20:43:33 [TUniGUISessionManager]:Destroying Worker Threads.
RNMAISCREDITO.exe: 000007F0: 20:43:33 [TUniGUISessionManager]:Session manager terminated.
RNMAISCREDITO.exe: 000007F0: 20:43:33 [TUniServerModule]:Server Shutdown Completed.
RNMAISCREDITO.exe: 000007F0: 20:43:33 []:<-------------------------------------------------------------->
RNMAISCREDITO.exe: 000007F0: 20:43:33 [Terminated]:Exit Code: 0
