RNMAISCREDITO.exe: 00001318: 14:51:25 []:>--------------------------------------------------------------<
RNMAISCREDITO.exe: 00001318: 14:51:25 [TUniServerModule]:Server First Init.
RNMAISCREDITO.exe: 00001318: 14:51:25 [TUniServerModule]:Starting HTTP Server on Port: 8077...
RNMAISCREDITO.exe: 00001318: 14:51:25 [TUniServerModule]:HTTP Server Started on Port: 8077
RNMAISCREDITO.exe: 00002AC8: 14:52:02 [127.0.0.1]:EIBNativeException : [FireDAC][Phys][FB]Unable to complete network request to host "127.0.0.1".
Failed to establish a connection. : Addr: $008731C6
RNMAISCREDITO.exe: 000029DC: 14:52:33 [127.0.0.1]:EIBNativeException : [FireDAC][Phys][FB]Unable to complete network request to host "127.0.0.1".
Failed to establish a connection. : Addr: $008731C6
RNMAISCREDITO.exe: 000029DC: 14:52:37 [127.0.0.1]:EIBNativeException : [FireDAC][Phys][FB]Unable to complete network request to host "127.0.0.1".
Failed to establish a connection. : Addr: $008731C6
RNMAISCREDITO.exe: 00001318: 15:25:15 [TUniServerModule]:Shutting Down Server.
RNMAISCREDITO.exe: 00001318: 15:25:15 [TUniServerModule]:Stopping HTTP Server.
RNMAISCREDITO.exe: 00001318: 15:25:16 [TUniServerModule]:HTTP Server Stopped.
RNMAISCREDITO.exe: 00001318: 15:25:16 [TUniGUISessionManager]:Terminating Session manager.
RNMAISCREDITO.exe: 00001318: 15:25:16 [TUniGUISessionManager]:Stopping Cache Eraser...
RNMAISCREDITO.exe: 00001318: 15:25:16 [TUniGUISessionManager]:Cache Eraser Stopped.
RNMAISCREDITO.exe: 00001318: 15:25:16 [TUniGUISessionManager]:Destroying Worker Threads.
RNMAISCREDITO.exe: 00001318: 15:25:16 [TUniGUISessionManager]:Session manager terminated.
RNMAISCREDITO.exe: 00001318: 15:25:16 [TUniServerModule]:Server Shutdown Completed.
RNMAISCREDITO.exe: 00001318: 15:25:16 []:<-------------------------------------------------------------->
RNMAISCREDITO.exe: 00001318: 15:25:16 [Terminated]:Exit Code: 0
RNMAISCREDITO.exe: 00001FD8: 15:25:30 []:>--------------------------------------------------------------<
RNMAISCREDITO.exe: 00001FD8: 15:25:30 [TUniServerModule]:Server First Init.
RNMAISCREDITO.exe: 00001FD8: 15:25:30 [TUniServerModule]:Starting HTTP Server on Port: 8077...
RNMAISCREDITO.exe: 00001FD8: 15:25:30 [TUniServerModule]:HTTP Server Started on Port: 8077
RNMAISCREDITO.exe: 0000033C: 15:25:49 [127.0.0.1]:EUniSessionException : #2-Sua sessão expirou. Por favor, recarregue a página. (Session not found: 1EZrVIcqXC108AC14AA ) : Addr: $007E36EE
RNMAISCREDITO.exe: 00001FD8: 15:27:56 [TUniServerModule]:Shutting Down Server.
RNMAISCREDITO.exe: 00001FD8: 15:27:56 [TUniServerModule]:Stopping HTTP Server.
RNMAISCREDITO.exe: 00001FD8: 15:27:57 [TUniServerModule]:HTTP Server Stopped.
RNMAISCREDITO.exe: 00001FD8: 15:27:57 [TUniGUISessionManager]:Terminating Session manager.
RNMAISCREDITO.exe: 00001FD8: 15:27:57 [TUniGUISessionManager]:Stopping Cache Eraser...
RNMAISCREDITO.exe: 00001FD8: 15:27:57 [TUniGUISessionManager]:Cache Eraser Stopped.
RNMAISCREDITO.exe: 00001FD8: 15:27:58 [TUniGUISessionManager]:Destroying Worker Threads.
RNMAISCREDITO.exe: 00001FD8: 15:27:58 [TUniGUISessionManager]:Session manager terminated.
RNMAISCREDITO.exe: 00001FD8: 15:27:58 [TUniServerModule]:Server Shutdown Completed.
RNMAISCREDITO.exe: 00001FD8: 15:27:58 []:<-------------------------------------------------------------->
RNMAISCREDITO.exe: 00001FD8: 15:27:58 [Terminated]:Exit Code: 0
RNMAISCREDITO.exe: 000009F8: 15:28:03 []:>--------------------------------------------------------------<
RNMAISCREDITO.exe: 000009F8: 15:28:03 [TUniServerModule]:Server First Init.
RNMAISCREDITO.exe: 000009F8: 15:28:03 [TUniServerModule]:Starting HTTP Server on Port: 8077...
RNMAISCREDITO.exe: 000009F8: 15:28:03 [TUniServerModule]:HTTP Server Started on Port: 8077
RNMAISCREDITO.exe: 000033E8: 15:28:13 [127.0.0.1]:EUniSessionException : #2-Sua sessão expirou. Por favor, recarregue a página. (Session not found: DSTkIJGT23108AC1BA1 ) : Addr: $007E36EE
RNMAISCREDITO.exe: 000009F8: 15:32:28 [TUniServerModule]:Shutting Down Server.
RNMAISCREDITO.exe: 000009F8: 15:32:28 [TUniServerModule]:Stopping HTTP Server.
RNMAISCREDITO.exe: 000009F8: 15:32:29 [TUniServerModule]:HTTP Server Stopped.
RNMAISCREDITO.exe: 000009F8: 15:32:29 [TUniGUISessionManager]:Terminating Session manager.
RNMAISCREDITO.exe: 000009F8: 15:32:29 [TUniGUISessionManager]:Stopping Cache Eraser...
RNMAISCREDITO.exe: 000009F8: 15:32:29 [TUniGUISessionManager]:Cache Eraser Stopped.
RNMAISCREDITO.exe: 000009F8: 15:32:29 [TUniGUISessionManager]:Destroying Worker Threads.
RNMAISCREDITO.exe: 000009F8: 15:32:29 [TUniGUISessionManager]:Session manager terminated.
RNMAISCREDITO.exe: 000009F8: 15:32:29 [TUniServerModule]:Server Shutdown Completed.
RNMAISCREDITO.exe: 000009F8: 15:32:29 []:<-------------------------------------------------------------->
RNMAISCREDITO.exe: 000009F8: 15:32:29 [Terminated]:Exit Code: 0
RNMAISCREDITO.exe: 00001E78: 15:32:35 []:>--------------------------------------------------------------<
RNMAISCREDITO.exe: 00001E78: 15:32:35 [TUniServerModule]:Server First Init.
RNMAISCREDITO.exe: 00001E78: 15:32:35 [TUniServerModule]:Starting HTTP Server on Port: 8077...
RNMAISCREDITO.exe: 00001E78: 15:32:35 [TUniServerModule]:HTTP Server Started on Port: 8077
RNMAISCREDITO.exe: 00002C90: 15:32:40 [127.0.0.1]:EUniSessionException : #2-Sua sessão expirou. Por favor, recarregue a página. (Session not found: y4GyBCQq36108AC1C48 ) : Addr: $007E36EE
RNMAISCREDITO.exe: 00001E78: 15:34:03 [TUniServerModule]:Shutting Down Server.
RNMAISCREDITO.exe: 00001E78: 15:34:03 [TUniServerModule]:Stopping HTTP Server.
RNMAISCREDITO.exe: 00001E78: 15:34:04 [TUniServerModule]:HTTP Server Stopped.
RNMAISCREDITO.exe: 00001E78: 15:34:04 [TUniGUISessionManager]:Terminating Session manager.
RNMAISCREDITO.exe: 00001E78: 15:34:04 [TUniGUISessionManager]:Stopping Cache Eraser...
RNMAISCREDITO.exe: 00001E78: 15:34:04 [TUniGUISessionManager]:Cache Eraser Stopped.
RNMAISCREDITO.exe: 00001E78: 15:34:04 [TUniGUISessionManager]:Destroying Worker Threads.
RNMAISCREDITO.exe: 00001E78: 15:34:04 [TUniGUISessionManager]:Session manager terminated.
RNMAISCREDITO.exe: 00001E78: 15:34:04 [TUniServerModule]:Server Shutdown Completed.
RNMAISCREDITO.exe: 00001E78: 15:34:04 []:<-------------------------------------------------------------->
RNMAISCREDITO.exe: 00001E78: 15:34:04 [Terminated]:Exit Code: 0
RNMAISCREDITO.exe: 00002A48: 15:34:09 []:>--------------------------------------------------------------<
RNMAISCREDITO.exe: 00002A48: 15:34:09 [TUniServerModule]:Server First Init.
RNMAISCREDITO.exe: 00002A48: 15:34:09 [TUniServerModule]:Starting HTTP Server on Port: 8077...
RNMAISCREDITO.exe: 00002A48: 15:34:09 [TUniServerModule]:HTTP Server Started on Port: 8077
RNMAISCREDITO.exe: 00001ED0: 15:34:16 [127.0.0.1]:EUniSessionException : #2-Sua sessão expirou. Por favor, recarregue a página. (Session not found: AtdCqonugm108AC1D7E ) : Addr: $007E36EE
RNMAISCREDITO.exe: 00002A48: 15:37:46 [TUniServerModule]:Shutting Down Server.
RNMAISCREDITO.exe: 00002A48: 15:37:46 [TUniServerModule]:Stopping HTTP Server.
RNMAISCREDITO.exe: 00002A48: 15:37:47 [TUniServerModule]:HTTP Server Stopped.
RNMAISCREDITO.exe: 00002A48: 15:37:47 [TUniGUISessionManager]:Terminating Session manager.
RNMAISCREDITO.exe: 00002A48: 15:37:47 [TUniGUISessionManager]:Stopping Cache Eraser...
RNMAISCREDITO.exe: 00002A48: 15:37:47 [TUniGUISessionManager]:Cache Eraser Stopped.
RNMAISCREDITO.exe: 00002A48: 15:37:47 [TUniGUISessionManager]:Destroying Worker Threads.
RNMAISCREDITO.exe: 00002A48: 15:37:47 [TUniGUISessionManager]:Session manager terminated.
RNMAISCREDITO.exe: 00002A48: 15:37:47 [TUniServerModule]:Server Shutdown Completed.
RNMAISCREDITO.exe: 00002A48: 15:37:47 []:<-------------------------------------------------------------->
RNMAISCREDITO.exe: 00002A48: 15:37:47 [Terminated]:Exit Code: 0
RNMAISCREDITO.exe: 0000128C: 15:37:53 []:>--------------------------------------------------------------<
RNMAISCREDITO.exe: 0000128C: 15:37:53 [TUniServerModule]:Server First Init.
RNMAISCREDITO.exe: 0000128C: 15:37:53 [TUniServerModule]:Starting HTTP Server on Port: 8077...
RNMAISCREDITO.exe: 0000128C: 15:37:53 [TUniServerModule]:HTTP Server Started on Port: 8077
RNMAISCREDITO.exe: 0000128C: 15:38:12 [TUniServerModule]:Shutting Down Server.
RNMAISCREDITO.exe: 0000128C: 15:38:12 [TUniServerModule]:Stopping HTTP Server.
RNMAISCREDITO.exe: 0000128C: 15:38:13 [TUniServerModule]:HTTP Server Stopped.
RNMAISCREDITO.exe: 0000128C: 15:38:13 [TUniGUISessionManager]:Terminating Session manager.
RNMAISCREDITO.exe: 0000128C: 15:38:13 [TUniGUISessionManager]:Stopping Cache Eraser...
RNMAISCREDITO.exe: 0000128C: 15:38:13 [TUniGUISessionManager]:Cache Eraser Stopped.
RNMAISCREDITO.exe: 0000128C: 15:38:13 [TUniGUISessionManager]:Destroying Worker Threads.
RNMAISCREDITO.exe: 0000128C: 15:38:13 [TUniGUISessionManager]:Session manager terminated.
RNMAISCREDITO.exe: 0000128C: 15:38:13 [TUniServerModule]:Server Shutdown Completed.
RNMAISCREDITO.exe: 0000128C: 15:38:13 []:<-------------------------------------------------------------->
RNMAISCREDITO.exe: 0000128C: 15:38:13 [Terminated]:Exit Code: 0
RNMAISCREDITO.exe: 00002F6C: 15:38:20 []:>--------------------------------------------------------------<
RNMAISCREDITO.exe: 00002F6C: 15:38:20 [TUniServerModule]:Server First Init.
RNMAISCREDITO.exe: 00002F6C: 15:38:20 [TUniServerModule]:Starting HTTP Server on Port: 8077...
RNMAISCREDITO.exe: 00002F6C: 15:38:20 [TUniServerModule]:HTTP Server Started on Port: 8077
RNMAISCREDITO.exe: 00002F6C: 15:38:23 [TUniServerModule]:Shutting Down Server.
RNMAISCREDITO.exe: 00002F6C: 15:38:23 [TUniServerModule]:Stopping HTTP Server.
RNMAISCREDITO.exe: 00002F6C: 15:38:23 [TUniServerModule]:HTTP Server Stopped.
RNMAISCREDITO.exe: 00002F6C: 15:38:23 [TUniGUISessionManager]:Terminating Session manager.
RNMAISCREDITO.exe: 00002F6C: 15:38:23 [TUniGUISessionManager]:Stopping Cache Eraser...
RNMAISCREDITO.exe: 00002F6C: 15:38:23 [TUniGUISessionManager]:Cache Eraser Stopped.
RNMAISCREDITO.exe: 00002F6C: 15:38:23 [TUniGUISessionManager]:Destroying Worker Threads.
RNMAISCREDITO.exe: 00002F6C: 15:38:23 [TUniGUISessionManager]:Session manager terminated.
RNMAISCREDITO.exe: 00002F6C: 15:38:23 [TUniServerModule]:Server Shutdown Completed.
RNMAISCREDITO.exe: 00002F6C: 15:38:23 []:<-------------------------------------------------------------->
RNMAISCREDITO.exe: 00002F6C: 15:38:23 [Terminated]:Exit Code: 0
RNMAISCREDITO.exe: 000026A0: 15:38:28 []:>--------------------------------------------------------------<
RNMAISCREDITO.exe: 000026A0: 15:38:28 [TUniServerModule]:Server First Init.
RNMAISCREDITO.exe: 000026A0: 15:38:28 [TUniServerModule]:Starting HTTP Server on Port: 8077...
RNMAISCREDITO.exe: 000026A0: 15:38:28 [TUniServerModule]:HTTP Server Started on Port: 8077
RNMAISCREDITO.exe: 000026A0: 15:38:33 [TUniServerModule]:Shutting Down Server.
RNMAISCREDITO.exe: 000026A0: 15:38:33 [TUniServerModule]:Stopping HTTP Server.
RNMAISCREDITO.exe: 000026A0: 15:38:33 [TUniServerModule]:HTTP Server Stopped.
RNMAISCREDITO.exe: 000026A0: 15:38:33 [TUniGUISessionManager]:Terminating Session manager.
RNMAISCREDITO.exe: 000026A0: 15:38:33 [TUniGUISessionManager]:Stopping Cache Eraser...
RNMAISCREDITO.exe: 000026A0: 15:38:33 [TUniGUISessionManager]:Cache Eraser Stopped.
RNMAISCREDITO.exe: 000026A0: 15:38:33 [TUniGUISessionManager]:Destroying Worker Threads.
RNMAISCREDITO.exe: 000026A0: 15:38:33 [TUniGUISessionManager]:Session manager terminated.
RNMAISCREDITO.exe: 000026A0: 15:38:33 [TUniServerModule]:Server Shutdown Completed.
RNMAISCREDITO.exe: 000026A0: 15:38:33 []:<-------------------------------------------------------------->
RNMAISCREDITO.exe: 000026A0: 15:38:33 [Terminated]:Exit Code: 0
RNMAISCREDITO.exe: 00002230: 15:38:35 []:>--------------------------------------------------------------<
RNMAISCREDITO.exe: 00002230: 15:38:35 [TUniServerModule]:Server First Init.
RNMAISCREDITO.exe: 00002230: 15:38:35 [TUniServerModule]:Starting HTTP Server on Port: 8077...
RNMAISCREDITO.exe: 00002230: 15:38:35 [TUniServerModule]:HTTP Server Started on Port: 8077
RNMAISCREDITO.exe: 00002230: 15:38:38 [TUniServerModule]:Shutting Down Server.
RNMAISCREDITO.exe: 00002230: 15:38:38 [TUniServerModule]:Stopping HTTP Server.
RNMAISCREDITO.exe: 00002230: 15:38:38 [TUniServerModule]:HTTP Server Stopped.
RNMAISCREDITO.exe: 00002230: 15:38:38 [TUniGUISessionManager]:Terminating Session manager.
RNMAISCREDITO.exe: 00002230: 15:38:38 [TUniGUISessionManager]:Stopping Cache Eraser...
RNMAISCREDITO.exe: 00002230: 15:38:38 [TUniGUISessionManager]:Cache Eraser Stopped.
RNMAISCREDITO.exe: 00002230: 15:38:38 [TUniGUISessionManager]:Destroying Worker Threads.
RNMAISCREDITO.exe: 00002230: 15:38:38 [TUniGUISessionManager]:Session manager terminated.
RNMAISCREDITO.exe: 00002230: 15:38:38 [TUniServerModule]:Server Shutdown Completed.
RNMAISCREDITO.exe: 00002230: 15:38:38 []:<-------------------------------------------------------------->
RNMAISCREDITO.exe: 00002230: 15:38:38 [Terminated]:Exit Code: 0
RNMAISCREDITO.exe: 0000187C: 15:39:10 []:>--------------------------------------------------------------<
RNMAISCREDITO.exe: 0000187C: 15:39:10 [TUniServerModule]:Server First Init.
RNMAISCREDITO.exe: 0000187C: 15:39:10 [TUniServerModule]:Starting HTTP Server on Port: 8077...
RNMAISCREDITO.exe: 0000187C: 15:39:10 [TUniServerModule]:HTTP Server Started on Port: 8077
RNMAISCREDITO.exe: 0000187C: 15:40:00 [TUniServerModule]:Shutting Down Server.
RNMAISCREDITO.exe: 0000187C: 15:40:00 [TUniServerModule]:Stopping HTTP Server.
RNMAISCREDITO.exe: 0000187C: 15:40:00 [TUniServerModule]:HTTP Server Stopped.
RNMAISCREDITO.exe: 0000187C: 15:40:00 [TUniGUISessionManager]:Terminating Session manager.
RNMAISCREDITO.exe: 0000187C: 15:40:00 [TUniGUISessionManager]:Stopping Cache Eraser...
RNMAISCREDITO.exe: 0000187C: 15:40:00 [TUniGUISessionManager]:Cache Eraser Stopped.
RNMAISCREDITO.exe: 0000187C: 15:40:00 [TUniGUISessionManager]:Destroying Worker Threads.
RNMAISCREDITO.exe: 0000187C: 15:40:00 [TUniGUISessionManager]:Session manager terminated.
RNMAISCREDITO.exe: 0000187C: 15:40:00 [TUniServerModule]:Server Shutdown Completed.
RNMAISCREDITO.exe: 0000187C: 15:40:00 []:<-------------------------------------------------------------->
RNMAISCREDITO.exe: 0000187C: 15:40:00 [Terminated]:Exit Code: 0
RNMAISCREDITO.exe: 00002548: 15:40:02 []:>--------------------------------------------------------------<
RNMAISCREDITO.exe: 00002548: 15:40:02 [TUniServerModule]:Server First Init.
RNMAISCREDITO.exe: 00002548: 15:40:02 [TUniServerModule]:Starting HTTP Server on Port: 8077...
RNMAISCREDITO.exe: 00002548: 15:40:02 [TUniServerModule]:HTTP Server Started on Port: 8077
RNMAISCREDITO.exe: 00002548: 15:40:06 [TUniServerModule]:Shutting Down Server.
RNMAISCREDITO.exe: 00002548: 15:40:06 [TUniServerModule]:Stopping HTTP Server.
RNMAISCREDITO.exe: 00002548: 15:40:07 [TUniServerModule]:HTTP Server Stopped.
RNMAISCREDITO.exe: 00002548: 15:40:07 [TUniGUISessionManager]:Terminating Session manager.
RNMAISCREDITO.exe: 00002548: 15:40:07 [TUniGUISessionManager]:Stopping Cache Eraser...
RNMAISCREDITO.exe: 00002548: 15:40:07 [TUniGUISessionManager]:Cache Eraser Stopped.
RNMAISCREDITO.exe: 00002548: 15:40:07 [TUniGUISessionManager]:Destroying Worker Threads.
RNMAISCREDITO.exe: 00002548: 15:40:07 [TUniGUISessionManager]:Session manager terminated.
RNMAISCREDITO.exe: 00002548: 15:40:07 [TUniServerModule]:Server Shutdown Completed.
RNMAISCREDITO.exe: 00002548: 15:40:07 []:<-------------------------------------------------------------->
RNMAISCREDITO.exe: 00002548: 15:40:07 [Terminated]:Exit Code: 0
RNMAISCREDITO.exe: 00001534: 16:06:26 []:>--------------------------------------------------------------<
RNMAISCREDITO.exe: 00001534: 16:06:26 [TUniServerModule]:Server First Init.
RNMAISCREDITO.exe: 00001534: 16:06:26 [TUniServerModule]:Starting HTTP Server on Port: 8077...
RNMAISCREDITO.exe: 00001534: 16:06:26 [TUniServerModule]:HTTP Server Started on Port: 8077
RNMAISCREDITO.exe: 00002220: 16:06:26 [127.0.0.1]:EUniSessionException : #2-Sua sessão expirou. Por favor, recarregue a página. (Session not found: G6TEHbHF5U108AC1DEC ) : Addr: $007E36EE
RNMAISCREDITO.exe: 00002220: 16:06:26 [127.0.0.1]:EUniSessionException : #2-Sua sessão expirou. Por favor, recarregue a página. (Session not found: G6TEHbHF5U108AC1DEC ) : Addr: $007E36EE
RNMAISCREDITO.exe: 00002220: 16:06:26 [127.0.0.1]:EUniSessionException : #2-Sua sessão expirou. Por favor, recarregue a página. (Session not found: G6TEHbHF5U108AC1DEC ) : Addr: $007E36EE
RNMAISCREDITO.exe: 00002220: 16:06:26 [127.0.0.1]:EUniSessionException : #2-Sua sessão expirou. Por favor, recarregue a página. (Session not found: G6TEHbHF5U108AC1DEC ) : Addr: $007E36EE
RNMAISCREDITO.exe: 00002220: 16:06:26 [127.0.0.1]:EUniSessionException : #2-Sua sessão expirou. Por favor, recarregue a página. (Session not found: G6TEHbHF5U108AC1DEC ) : Addr: $007E36EE
RNMAISCREDITO.exe: 00002220: 16:06:26 [127.0.0.1]:EUniSessionException : #2-Sua sessão expirou. Por favor, recarregue a página. (Session not found: G6TEHbHF5U108AC1DEC ) : Addr: $007E36EE
RNMAISCREDITO.exe: 00002220: 16:06:26 [127.0.0.1]:EUniSessionException : #2-Sua sessão expirou. Por favor, recarregue a página. (Session not found: G6TEHbHF5U108AC1DEC ) : Addr: $007E36EE
RNMAISCREDITO.exe: 00002220: 16:06:26 [127.0.0.1]:EUniSessionException : #2-Sua sessão expirou. Por favor, recarregue a página. (Session not found: G6TEHbHF5U108AC1DEC ) : Addr: $007E36EE
RNMAISCREDITO.exe: 00002220: 16:06:26 [127.0.0.1]:EUniSessionException : #2-Sua sessão expirou. Por favor, recarregue a página. (Session not found: G6TEHbHF5U108AC1DEC ) : Addr: $007E36EE
RNMAISCREDITO.exe: 00002220: 16:06:26 [127.0.0.1]:EUniSessionException : #2-Sua sessão expirou. Por favor, recarregue a página. (Session not found: G6TEHbHF5U108AC1DEC ) : Addr: $007E36EE
