credJovem.exe: 000031AC: 09:36:14 []:>--------------------------------------------------------------<
credJovem.exe: 000031AC: 09:36:14 [TUniServerModule]:Server First Init.
credJovem.exe: 000031AC: 09:36:14 []:Error deleting folder: "C:\Projetos\Projeto Cred Jovem\Sistema\Win32\Debug\cache\credjovem_exe\12I8ZsgaIW106B9085D\_SEQ\" [OS Error:5]
credJovem.exe: 000031AC: 09:36:14 []:Error deleting folder: "C:\Projetos\Projeto Cred Jovem\Sistema\Win32\Debug\cache\credjovem_exe\12I8ZsgaIW106B9085D\" [OS Error:5]
credJovem.exe: 000031AC: 09:36:14 []:Error deleting folder: "C:\Projetos\Projeto Cred Jovem\Sistema\Win32\Debug\cache\credjovem_exe\1k3T5b5Gt9106B8E0C2\_SEQ\" [OS Error:5]
credJovem.exe: 000031AC: 09:36:14 []:Error deleting folder: "C:\Projetos\Projeto Cred Jovem\Sistema\Win32\Debug\cache\credjovem_exe\1k3T5b5Gt9106B8E0C2\" [OS Error:5]
credJovem.exe: 000031AC: 09:36:14 []:Error deleting folder: "C:\Projetos\Projeto Cred Jovem\Sistema\Win32\Debug\cache\credjovem_exe\2gI5LNaRbN106BA5123\_SEQ\" [OS Error:5]
credJovem.exe: 000031AC: 09:36:14 []:Error deleting folder: "C:\Projetos\Projeto Cred Jovem\Sistema\Win32\Debug\cache\credjovem_exe\2gI5LNaRbN106BA5123\" [OS Error:5]
credJovem.exe: 000031AC: 09:36:14 []:Error deleting folder: "C:\Projetos\Projeto Cred Jovem\Sistema\Win32\Debug\cache\credjovem_exe\2Y9ynDlbYr106B8DE5E\_SEQ\" [OS Error:5]
credJovem.exe: 000031AC: 09:36:14 []:Error deleting folder: "C:\Projetos\Projeto Cred Jovem\Sistema\Win32\Debug\cache\credjovem_exe\2Y9ynDlbYr106B8DE5E\" [OS Error:5]
credJovem.exe: 000031AC: 09:36:14 []:Error deleting folder: "C:\Projetos\Projeto Cred Jovem\Sistema\Win32\Debug\cache\credjovem_exe\3C7u2VyaBZ106B9050F\_SEQ\" [OS Error:5]
credJovem.exe: 000031AC: 09:36:14 []:Error deleting folder: "C:\Projetos\Projeto Cred Jovem\Sistema\Win32\Debug\cache\credjovem_exe\3C7u2VyaBZ106B9050F\" [OS Error:5]
credJovem.exe: 000031AC: 09:36:14 []:Error deleting folder: "C:\Projetos\Projeto Cred Jovem\Sistema\Win32\Debug\cache\credjovem_exe\3Xv3bLt5Ec106BA502F\_SEQ\" [OS Error:5]
credJovem.exe: 000031AC: 09:36:14 []:Error deleting folder: "C:\Projetos\Projeto Cred Jovem\Sistema\Win32\Debug\cache\credjovem_exe\3Xv3bLt5Ec106BA502F\" [OS Error:5]
credJovem.exe: 000031AC: 09:36:14 []:Error deleting folder: "C:\Projetos\Projeto Cred Jovem\Sistema\Win32\Debug\cache\credjovem_exe\4AIQaMjIyg106B8F079\_SEQ\" [OS Error:5]
credJovem.exe: 000031AC: 09:36:14 []:Error deleting folder: "C:\Projetos\Projeto Cred Jovem\Sistema\Win32\Debug\cache\credjovem_exe\4AIQaMjIyg106B8F079\" [OS Error:5]
credJovem.exe: 000031AC: 09:36:14 []:Error deleting folder: "C:\Projetos\Projeto Cred Jovem\Sistema\Win32\Debug\cache\credjovem_exe\4lW327MUHv106BAA6D5\_SEQ\" [OS Error:5]
credJovem.exe: 000031AC: 09:36:14 []:Error deleting folder: "C:\Projetos\Projeto Cred Jovem\Sistema\Win32\Debug\cache\credjovem_exe\4lW327MUHv106BAA6D5\" [OS Error:5]
credJovem.exe: 000031AC: 09:36:14 []:Error deleting folder: "C:\Projetos\Projeto Cred Jovem\Sistema\Win32\Debug\cache\credjovem_exe\5PHEdqD4Hb106B92FF7\_SEQ\" [OS Error:5]
credJovem.exe: 000031AC: 09:36:14 []:Error deleting folder: "C:\Projetos\Projeto Cred Jovem\Sistema\Win32\Debug\cache\credjovem_exe\5PHEdqD4Hb106B92FF7\" [OS Error:5]
credJovem.exe: 000031AC: 09:36:14 []:Error deleting folder: "C:\Projetos\Projeto Cred Jovem\Sistema\Win32\Debug\cache\credjovem_exe\5ugWskKGZo106B8DA40\_SEQ\" [OS Error:5]
credJovem.exe: 000031AC: 09:36:14 []:Error deleting folder: "C:\Projetos\Projeto Cred Jovem\Sistema\Win32\Debug\cache\credjovem_exe\5ugWskKGZo106B8DA40\" [OS Error:5]
credJovem.exe: 000031AC: 09:36:14 []:Error deleting folder: "C:\Projetos\Projeto Cred Jovem\Sistema\Win32\Debug\cache\credjovem_exe\78C7sHYbYl106B90080\_SEQ\" [OS Error:5]
credJovem.exe: 000031AC: 09:36:14 []:Error deleting folder: "C:\Projetos\Projeto Cred Jovem\Sistema\Win32\Debug\cache\credjovem_exe\78C7sHYbYl106B90080\" [OS Error:5]
credJovem.exe: 000031AC: 09:36:14 []:Error deleting folder: "C:\Projetos\Projeto Cred Jovem\Sistema\Win32\Debug\cache\credjovem_exe\7UkTLeLwPm106BAA53B\_SEQ\" [OS Error:5]
credJovem.exe: 000031AC: 09:36:14 []:Error deleting folder: "C:\Projetos\Projeto Cred Jovem\Sistema\Win32\Debug\cache\credjovem_exe\7UkTLeLwPm106BAA53B\" [OS Error:5]
credJovem.exe: 000031AC: 09:36:14 []:Error deleting folder: "C:\Projetos\Projeto Cred Jovem\Sistema\Win32\Debug\cache\credjovem_exe\8ebZcZfNcX106BA87FB\_SEQ\" [OS Error:5]
credJovem.exe: 000031AC: 09:36:14 []:Error deleting folder: "C:\Projetos\Projeto Cred Jovem\Sistema\Win32\Debug\cache\credjovem_exe\8ebZcZfNcX106BA87FB\" [OS Error:5]
credJovem.exe: 000031AC: 09:36:14 []:Error deleting folder: "C:\Projetos\Projeto Cred Jovem\Sistema\Win32\Debug\cache\credjovem_exe\8QZ92cc9W6106BA92C0\_SEQ\" [OS Error:5]
credJovem.exe: 000031AC: 09:36:14 []:Error deleting folder: "C:\Projetos\Projeto Cred Jovem\Sistema\Win32\Debug\cache\credjovem_exe\8QZ92cc9W6106BA92C0\" [OS Error:5]
credJovem.exe: 000031AC: 09:36:14 []:Error deleting folder: "C:\Projetos\Projeto Cred Jovem\Sistema\Win32\Debug\cache\credjovem_exe\8rzMCO4RUI106B8F043\_SEQ\" [OS Error:5]
credJovem.exe: 000031AC: 09:36:14 []:Error deleting folder: "C:\Projetos\Projeto Cred Jovem\Sistema\Win32\Debug\cache\credjovem_exe\8rzMCO4RUI106B8F043\" [OS Error:5]
credJovem.exe: 000031AC: 09:36:14 []:Error deleting folder: "C:\Projetos\Projeto Cred Jovem\Sistema\Win32\Debug\cache\credjovem_exe\99D4ZtNoOK106BA511C\_SEQ\" [OS Error:5]
credJovem.exe: 000031AC: 09:36:14 []:Error deleting folder: "C:\Projetos\Projeto Cred Jovem\Sistema\Win32\Debug\cache\credjovem_exe\99D4ZtNoOK106BA511C\" [OS Error:5]
credJovem.exe: 000031AC: 09:36:14 []:Error deleting folder: "C:\Projetos\Projeto Cred Jovem\Sistema\Win32\Debug\cache\credjovem_exe\9yOqnz7K1r106BA8AE1\_SEQ\" [OS Error:5]
credJovem.exe: 000031AC: 09:36:14 []:Error deleting folder: "C:\Projetos\Projeto Cred Jovem\Sistema\Win32\Debug\cache\credjovem_exe\9yOqnz7K1r106BA8AE1\" [OS Error:5]
credJovem.exe: 000031AC: 09:36:14 []:Error deleting folder: "C:\Projetos\Projeto Cred Jovem\Sistema\Win32\Debug\cache\credjovem_exe\AcbF8XGPsH106B8E106\_SEQ\" [OS Error:5]
credJovem.exe: 000031AC: 09:36:14 []:Error deleting folder: "C:\Projetos\Projeto Cred Jovem\Sistema\Win32\Debug\cache\credjovem_exe\AcbF8XGPsH106B8E106\" [OS Error:5]
credJovem.exe: 000031AC: 09:36:14 []:Error deleting folder: "C:\Projetos\Projeto Cred Jovem\Sistema\Win32\Debug\cache\credjovem_exe\aWOJacECzp106B8D971\_SEQ\" [OS Error:5]
credJovem.exe: 000031AC: 09:36:14 []:Error deleting folder: "C:\Projetos\Projeto Cred Jovem\Sistema\Win32\Debug\cache\credjovem_exe\aWOJacECzp106B8D971\" [OS Error:5]
credJovem.exe: 000031AC: 09:36:14 []:Error deleting folder: "C:\Projetos\Projeto Cred Jovem\Sistema\Win32\Debug\cache\credjovem_exe\b4nYurUVAl106B91A75\_SEQ\" [OS Error:5]
credJovem.exe: 000031AC: 09:36:14 []:Error deleting folder: "C:\Projetos\Projeto Cred Jovem\Sistema\Win32\Debug\cache\credjovem_exe\b4nYurUVAl106B91A75\" [OS Error:5]
credJovem.exe: 000031AC: 09:36:14 []:Error deleting folder: "C:\Projetos\Projeto Cred Jovem\Sistema\Win32\Debug\cache\credjovem_exe\BnDwOQYq8D106BAA61B\_SEQ\" [OS Error:5]
credJovem.exe: 000031AC: 09:36:14 []:Error deleting folder: "C:\Projetos\Projeto Cred Jovem\Sistema\Win32\Debug\cache\credjovem_exe\BnDwOQYq8D106BAA61B\" [OS Error:5]
credJovem.exe: 000031AC: 09:36:14 []:Error deleting folder: "C:\Projetos\Projeto Cred Jovem\Sistema\Win32\Debug\cache\credjovem_exe\bowDqtbFAN106B90419\_SEQ\" [OS Error:5]
credJovem.exe: 000031AC: 09:36:14 []:Error deleting folder: "C:\Projetos\Projeto Cred Jovem\Sistema\Win32\Debug\cache\credjovem_exe\bowDqtbFAN106B90419\" [OS Error:5]
credJovem.exe: 000031AC: 09:36:14 []:Error deleting folder: "C:\Projetos\Projeto Cred Jovem\Sistema\Win32\Debug\cache\credjovem_exe\bZDqtSzJYR106BA4D83\_SEQ\" [OS Error:5]
credJovem.exe: 000031AC: 09:36:14 []:Error deleting folder: "C:\Projetos\Projeto Cred Jovem\Sistema\Win32\Debug\cache\credjovem_exe\bZDqtSzJYR106BA4D83\" [OS Error:5]
credJovem.exe: 000031AC: 09:36:14 []:Error deleting folder: "C:\Projetos\Projeto Cred Jovem\Sistema\Win32\Debug\cache\credjovem_exe\ck9SySWYhN106BA4D64\_SEQ\" [OS Error:5]
credJovem.exe: 000031AC: 09:36:14 []:Error deleting folder: "C:\Projetos\Projeto Cred Jovem\Sistema\Win32\Debug\cache\credjovem_exe\ck9SySWYhN106BA4D64\" [OS Error:5]
credJovem.exe: 000031AC: 09:36:14 []:Error deleting folder: "C:\Projetos\Projeto Cred Jovem\Sistema\Win32\Debug\cache\credjovem_exe\cMgZHKxbQ6106BA4D7C\_SEQ\" [OS Error:5]
credJovem.exe: 000031AC: 09:36:14 []:Error deleting folder: "C:\Projetos\Projeto Cred Jovem\Sistema\Win32\Debug\cache\credjovem_exe\cMgZHKxbQ6106BA4D7C\" [OS Error:5]
credJovem.exe: 000031AC: 09:36:14 []:Error deleting folder: "C:\Projetos\Projeto Cred Jovem\Sistema\Win32\Debug\cache\credjovem_exe\dCexuzWEhV106B8E054\_SEQ\" [OS Error:5]
credJovem.exe: 000031AC: 09:36:14 []:Error deleting folder: "C:\Projetos\Projeto Cred Jovem\Sistema\Win32\Debug\cache\credjovem_exe\dCexuzWEhV106B8E054\" [OS Error:5]
credJovem.exe: 000031AC: 09:36:14 []:Error deleting folder: "C:\Projetos\Projeto Cred Jovem\Sistema\Win32\Debug\cache\credjovem_exe\dDCVEMtWAj106B8ECCF\_SEQ\" [OS Error:5]
credJovem.exe: 000031AC: 09:36:14 []:Error deleting folder: "C:\Projetos\Projeto Cred Jovem\Sistema\Win32\Debug\cache\credjovem_exe\dDCVEMtWAj106B8ECCF\" [OS Error:5]
credJovem.exe: 000031AC: 09:36:14 []:Error deleting folder: "C:\Projetos\Projeto Cred Jovem\Sistema\Win32\Debug\cache\credjovem_exe\dgdLoKcFyh106B8DC57\_SEQ\" [OS Error:5]
credJovem.exe: 000031AC: 09:36:14 []:Error deleting folder: "C:\Projetos\Projeto Cred Jovem\Sistema\Win32\Debug\cache\credjovem_exe\dgdLoKcFyh106B8DC57\" [OS Error:5]
credJovem.exe: 000031AC: 09:36:14 []:Error deleting folder: "C:\Projetos\Projeto Cred Jovem\Sistema\Win32\Debug\cache\credjovem_exe\dpRlnckUzF106BA8A8B\_SEQ\" [OS Error:5]
credJovem.exe: 000031AC: 09:36:14 []:Error deleting folder: "C:\Projetos\Projeto Cred Jovem\Sistema\Win32\Debug\cache\credjovem_exe\dpRlnckUzF106BA8A8B\" [OS Error:5]
credJovem.exe: 000031AC: 09:36:14 []:Error deleting folder: "C:\Projetos\Projeto Cred Jovem\Sistema\Win32\Debug\cache\credjovem_exe\e9CHwGlukt106B90E9A\_SEQ\" [OS Error:5]
credJovem.exe: 000031AC: 09:36:14 []:Error deleting folder: "C:\Projetos\Projeto Cred Jovem\Sistema\Win32\Debug\cache\credjovem_exe\e9CHwGlukt106B90E9A\" [OS Error:5]
credJovem.exe: 000031AC: 09:36:14 []:Error deleting folder: "C:\Projetos\Projeto Cred Jovem\Sistema\Win32\Debug\cache\credjovem_exe\EhJpzX7qvw106B90C49\_SEQ\" [OS Error:5]
credJovem.exe: 000031AC: 09:36:14 []:Error deleting folder: "C:\Projetos\Projeto Cred Jovem\Sistema\Win32\Debug\cache\credjovem_exe\EhJpzX7qvw106B90C49\" [OS Error:5]
credJovem.exe: 000031AC: 09:36:14 []:Error deleting folder: "C:\Projetos\Projeto Cred Jovem\Sistema\Win32\Debug\cache\credjovem_exe\EsAEQnXR1y106B90ED0\_SEQ\" [OS Error:5]
credJovem.exe: 000031AC: 09:36:14 []:Error deleting folder: "C:\Projetos\Projeto Cred Jovem\Sistema\Win32\Debug\cache\credjovem_exe\EsAEQnXR1y106B90ED0\" [OS Error:5]
credJovem.exe: 000031AC: 09:36:14 []:Error deleting folder: "C:\Projetos\Projeto Cred Jovem\Sistema\Win32\Debug\cache\credjovem_exe\FHwBO7vtlp106B8FCAF\_SEQ\" [OS Error:5]
credJovem.exe: 000031AC: 09:36:14 []:Error deleting folder: "C:\Projetos\Projeto Cred Jovem\Sistema\Win32\Debug\cache\credjovem_exe\FHwBO7vtlp106B8FCAF\" [OS Error:5]
credJovem.exe: 000031AC: 09:36:14 []:Error deleting folder: "C:\Projetos\Projeto Cred Jovem\Sistema\Win32\Debug\cache\credjovem_exe\fi2AiqFLna106B8F0B8\_SEQ\" [OS Error:5]
credJovem.exe: 000031AC: 09:36:14 []:Error deleting folder: "C:\Projetos\Projeto Cred Jovem\Sistema\Win32\Debug\cache\credjovem_exe\fi2AiqFLna106B8F0B8\" [OS Error:5]
credJovem.exe: 000031AC: 09:36:14 []:Error deleting folder: "C:\Projetos\Projeto Cred Jovem\Sistema\Win32\Debug\cache\credjovem_exe\Fp7U79KiTK106B8E681\_SEQ\" [OS Error:5]
credJovem.exe: 000031AC: 09:36:14 []:Error deleting folder: "C:\Projetos\Projeto Cred Jovem\Sistema\Win32\Debug\cache\credjovem_exe\Fp7U79KiTK106B8E681\" [OS Error:5]
credJovem.exe: 000031AC: 09:36:14 []:Error deleting folder: "C:\Projetos\Projeto Cred Jovem\Sistema\Win32\Debug\cache\credjovem_exe\FUz1KAPc5X106B8E158\_SEQ\" [OS Error:5]
credJovem.exe: 000031AC: 09:36:14 []:Error deleting folder: "C:\Projetos\Projeto Cred Jovem\Sistema\Win32\Debug\cache\credjovem_exe\FUz1KAPc5X106B8E158\" [OS Error:5]
credJovem.exe: 000031AC: 09:36:14 []:Error deleting folder: "C:\Projetos\Projeto Cred Jovem\Sistema\Win32\Debug\cache\credjovem_exe\fV6HVzji8j106BA9284\_SEQ\" [OS Error:5]
credJovem.exe: 000031AC: 09:36:14 []:Error deleting folder: "C:\Projetos\Projeto Cred Jovem\Sistema\Win32\Debug\cache\credjovem_exe\fV6HVzji8j106BA9284\" [OS Error:5]
credJovem.exe: 000031AC: 09:36:14 []:Error deleting folder: "C:\Projetos\Projeto Cred Jovem\Sistema\Win32\Debug\cache\credjovem_exe\fyk5iL4zXO106BA4D6D\_SEQ\" [OS Error:5]
credJovem.exe: 000031AC: 09:36:14 []:Error deleting folder: "C:\Projetos\Projeto Cred Jovem\Sistema\Win32\Debug\cache\credjovem_exe\fyk5iL4zXO106BA4D6D\" [OS Error:5]
credJovem.exe: 000031AC: 09:36:14 []:Error deleting folder: "C:\Projetos\Projeto Cred Jovem\Sistema\Win32\Debug\cache\credjovem_exe\g41yp1SuAK106B8EF42\_SEQ\" [OS Error:5]
credJovem.exe: 000031AC: 09:36:14 []:Error deleting folder: "C:\Projetos\Projeto Cred Jovem\Sistema\Win32\Debug\cache\credjovem_exe\g41yp1SuAK106B8EF42\" [OS Error:5]
credJovem.exe: 000031AC: 09:36:14 []:Error deleting folder: "C:\Projetos\Projeto Cred Jovem\Sistema\Win32\Debug\cache\credjovem_exe\g9SXFbUbc6106BA9339\_SEQ\" [OS Error:5]
credJovem.exe: 000031AC: 09:36:14 []:Error deleting folder: "C:\Projetos\Projeto Cred Jovem\Sistema\Win32\Debug\cache\credjovem_exe\g9SXFbUbc6106BA9339\" [OS Error:5]
credJovem.exe: 000031AC: 09:36:14 []:Error deleting folder: "C:\Projetos\Projeto Cred Jovem\Sistema\Win32\Debug\cache\credjovem_exe\GkWFEmVTeE106B8E9C8\_SEQ\" [OS Error:5]
credJovem.exe: 000031AC: 09:36:14 []:Error deleting folder: "C:\Projetos\Projeto Cred Jovem\Sistema\Win32\Debug\cache\credjovem_exe\GkWFEmVTeE106B8E9C8\" [OS Error:5]
credJovem.exe: 000031AC: 09:36:14 []:Error deleting folder: "C:\Projetos\Projeto Cred Jovem\Sistema\Win32\Debug\cache\credjovem_exe\GLFz6U5OqO106B9061E\_SEQ\" [OS Error:5]
credJovem.exe: 000031AC: 09:36:14 []:Error deleting folder: "C:\Projetos\Projeto Cred Jovem\Sistema\Win32\Debug\cache\credjovem_exe\GLFz6U5OqO106B9061E\" [OS Error:5]
credJovem.exe: 000031AC: 09:36:14 []:Error deleting folder: "C:\Projetos\Projeto Cred Jovem\Sistema\Win32\Debug\cache\credjovem_exe\gMyJgbNyoL106BA95FF\_SEQ\" [OS Error:5]
credJovem.exe: 000031AC: 09:36:14 []:Error deleting folder: "C:\Projetos\Projeto Cred Jovem\Sistema\Win32\Debug\cache\credjovem_exe\gMyJgbNyoL106BA95FF\" [OS Error:5]
credJovem.exe: 000031AC: 09:36:14 []:Error deleting folder: "C:\Projetos\Projeto Cred Jovem\Sistema\Win32\Debug\cache\credjovem_exe\GQ9uum8vlJ106B8DACF\_SEQ\" [OS Error:5]
credJovem.exe: 000031AC: 09:36:14 []:Error deleting folder: "C:\Projetos\Projeto Cred Jovem\Sistema\Win32\Debug\cache\credjovem_exe\GQ9uum8vlJ106B8DACF\" [OS Error:5]
credJovem.exe: 000031AC: 09:36:14 []:Error deleting folder: "C:\Projetos\Projeto Cred Jovem\Sistema\Win32\Debug\cache\credjovem_exe\GZsnnPfn5J106B8E3FD\_SEQ\" [OS Error:5]
credJovem.exe: 000031AC: 09:36:14 []:Error deleting folder: "C:\Projetos\Projeto Cred Jovem\Sistema\Win32\Debug\cache\credjovem_exe\GZsnnPfn5J106B8E3FD\" [OS Error:5]
credJovem.exe: 000031AC: 09:36:14 []:Error deleting folder: "C:\Projetos\Projeto Cred Jovem\Sistema\Win32\Debug\cache\credjovem_exe\h2pR7ALc3E106B908E0\_SEQ\" [OS Error:5]
credJovem.exe: 000031AC: 09:36:14 []:Error deleting folder: "C:\Projetos\Projeto Cred Jovem\Sistema\Win32\Debug\cache\credjovem_exe\h2pR7ALc3E106B908E0\" [OS Error:5]
credJovem.exe: 000031AC: 09:36:14 []:Error deleting folder: "C:\Projetos\Projeto Cred Jovem\Sistema\Win32\Debug\cache\credjovem_exe\HAEdMluFiW106B8DD10\_SEQ\" [OS Error:5]
credJovem.exe: 000031AC: 09:36:14 []:Error deleting folder: "C:\Projetos\Projeto Cred Jovem\Sistema\Win32\Debug\cache\credjovem_exe\HAEdMluFiW106B8DD10\" [OS Error:5]
credJovem.exe: 000031AC: 09:36:14 []:Error deleting folder: "C:\Projetos\Projeto Cred Jovem\Sistema\Win32\Debug\cache\credjovem_exe\hLyoLEcKUB106B90CE5\_SEQ\" [OS Error:5]
credJovem.exe: 000031AC: 09:36:14 []:Error deleting folder: "C:\Projetos\Projeto Cred Jovem\Sistema\Win32\Debug\cache\credjovem_exe\hLyoLEcKUB106B90CE5\" [OS Error:5]
credJovem.exe: 000031AC: 09:36:14 []:Error deleting folder: "C:\Projetos\Projeto Cred Jovem\Sistema\Win32\Debug\cache\credjovem_exe\hmA3qwWR3L106B8DB54\_SEQ\" [OS Error:5]
credJovem.exe: 000031AC: 09:36:14 []:Error deleting folder: "C:\Projetos\Projeto Cred Jovem\Sistema\Win32\Debug\cache\credjovem_exe\hmA3qwWR3L106B8DB54\" [OS Error:5]
credJovem.exe: 000031AC: 09:36:14 []:Error deleting folder: "C:\Projetos\Projeto Cred Jovem\Sistema\Win32\Debug\cache\credjovem_exe\hpjt4Shy5r106BA9CC5\_SEQ\" [OS Error:5]
credJovem.exe: 000031AC: 09:36:14 []:Error deleting folder: "C:\Projetos\Projeto Cred Jovem\Sistema\Win32\Debug\cache\credjovem_exe\hpjt4Shy5r106BA9CC5\" [OS Error:5]
credJovem.exe: 000031AC: 09:36:14 []:Error deleting folder: "C:\Projetos\Projeto Cred Jovem\Sistema\Win32\Debug\cache\credjovem_exe\HVBNg2XVlP106B9055B\_SEQ\" [OS Error:5]
credJovem.exe: 000031AC: 09:36:14 []:Error deleting folder: "C:\Projetos\Projeto Cred Jovem\Sistema\Win32\Debug\cache\credjovem_exe\HVBNg2XVlP106B9055B\" [OS Error:5]
credJovem.exe: 000031AC: 09:36:14 []:Error deleting folder: "C:\Projetos\Projeto Cred Jovem\Sistema\Win32\Debug\cache\credjovem_exe\hYTiBW2ryG106B9001F\_SEQ\" [OS Error:5]
credJovem.exe: 000031AC: 09:36:14 []:Error deleting folder: "C:\Projetos\Projeto Cred Jovem\Sistema\Win32\Debug\cache\credjovem_exe\hYTiBW2ryG106B9001F\" [OS Error:5]
credJovem.exe: 000031AC: 09:36:14 []:Error deleting folder: "C:\Projetos\Projeto Cred Jovem\Sistema\Win32\Debug\cache\credjovem_exe\i4zTmn7QWv106B905C1\_SEQ\" [OS Error:5]
credJovem.exe: 000031AC: 09:36:14 []:Error deleting folder: "C:\Projetos\Projeto Cred Jovem\Sistema\Win32\Debug\cache\credjovem_exe\i4zTmn7QWv106B905C1\" [OS Error:5]
credJovem.exe: 000031AC: 09:36:14 []:Error deleting folder: "C:\Projetos\Projeto Cred Jovem\Sistema\Win32\Debug\cache\credjovem_exe\I79xag9xM5106BAA5BB\_SEQ\" [OS Error:5]
credJovem.exe: 000031AC: 09:36:14 []:Error deleting folder: "C:\Projetos\Projeto Cred Jovem\Sistema\Win32\Debug\cache\credjovem_exe\I79xag9xM5106BAA5BB\" [OS Error:5]
credJovem.exe: 000031AC: 09:36:14 []:Error deleting folder: "C:\Projetos\Projeto Cred Jovem\Sistema\Win32\Debug\cache\credjovem_exe\IorBErFgDY106B8DC34\_SEQ\" [OS Error:5]
credJovem.exe: 000031AC: 09:36:14 []:Error deleting folder: "C:\Projetos\Projeto Cred Jovem\Sistema\Win32\Debug\cache\credjovem_exe\IorBErFgDY106B8DC34\" [OS Error:5]
credJovem.exe: 000031AC: 09:36:14 []:Error deleting folder: "C:\Projetos\Projeto Cred Jovem\Sistema\Win32\Debug\cache\credjovem_exe\j4t4jPpjcJ106B90922\_SEQ\" [OS Error:5]
credJovem.exe: 000031AC: 09:36:14 []:Error deleting folder: "C:\Projetos\Projeto Cred Jovem\Sistema\Win32\Debug\cache\credjovem_exe\j4t4jPpjcJ106B90922\" [OS Error:5]
credJovem.exe: 000031AC: 09:36:14 []:Error deleting folder: "C:\Projetos\Projeto Cred Jovem\Sistema\Win32\Debug\cache\credjovem_exe\JPkF7XfXKC106B8D7FA\_SEQ\" [OS Error:5]
credJovem.exe: 000031AC: 09:36:14 []:Error deleting folder: "C:\Projetos\Projeto Cred Jovem\Sistema\Win32\Debug\cache\credjovem_exe\JPkF7XfXKC106B8D7FA\" [OS Error:5]
credJovem.exe: 000031AC: 09:36:14 []:Error deleting folder: "C:\Projetos\Projeto Cred Jovem\Sistema\Win32\Debug\cache\credjovem_exe\jr1cCbb3zF106BA9A4D\_SEQ\" [OS Error:5]
credJovem.exe: 000031AC: 09:36:14 []:Error deleting folder: "C:\Projetos\Projeto Cred Jovem\Sistema\Win32\Debug\cache\credjovem_exe\jr1cCbb3zF106BA9A4D\" [OS Error:5]
credJovem.exe: 000031AC: 09:36:14 []:Error deleting folder: "C:\Projetos\Projeto Cred Jovem\Sistema\Win32\Debug\cache\credjovem_exe\JwAlc9dq7t106BA4DF6\_SEQ\" [OS Error:5]
credJovem.exe: 000031AC: 09:36:14 []:Error deleting folder: "C:\Projetos\Projeto Cred Jovem\Sistema\Win32\Debug\cache\credjovem_exe\JwAlc9dq7t106BA4DF6\" [OS Error:5]
credJovem.exe: 000031AC: 09:36:14 []:Error deleting folder: "C:\Projetos\Projeto Cred Jovem\Sistema\Win32\Debug\cache\credjovem_exe\JX8ioWrY2T106B8F7E6\_SEQ\" [OS Error:5]
credJovem.exe: 000031AC: 09:36:14 []:Error deleting folder: "C:\Projetos\Projeto Cred Jovem\Sistema\Win32\Debug\cache\credjovem_exe\JX8ioWrY2T106B8F7E6\" [OS Error:5]
credJovem.exe: 000031AC: 09:36:14 []:Error deleting folder: "C:\Projetos\Projeto Cred Jovem\Sistema\Win32\Debug\cache\credjovem_exe\jYjfVFOLFA106B9052F\_SEQ\" [OS Error:5]
credJovem.exe: 000031AC: 09:36:14 []:Error deleting folder: "C:\Projetos\Projeto Cred Jovem\Sistema\Win32\Debug\cache\credjovem_exe\jYjfVFOLFA106B9052F\" [OS Error:5]
credJovem.exe: 000031AC: 09:36:14 []:Error deleting folder: "C:\Projetos\Projeto Cred Jovem\Sistema\Win32\Debug\cache\credjovem_exe\k9KolucyRk106BA9D5C\_SEQ\" [OS Error:5]
credJovem.exe: 000031AC: 09:36:14 []:Error deleting folder: "C:\Projetos\Projeto Cred Jovem\Sistema\Win32\Debug\cache\credjovem_exe\k9KolucyRk106BA9D5C\" [OS Error:5]
credJovem.exe: 000031AC: 09:36:14 []:Error deleting folder: "C:\Projetos\Projeto Cred Jovem\Sistema\Win32\Debug\cache\credjovem_exe\kKw29ZT4IB106B8EBE4\_SEQ\" [OS Error:5]
credJovem.exe: 000031AC: 09:36:14 []:Error deleting folder: "C:\Projetos\Projeto Cred Jovem\Sistema\Win32\Debug\cache\credjovem_exe\kKw29ZT4IB106B8EBE4\" [OS Error:5]
credJovem.exe: 000031AC: 09:36:14 []:Error deleting folder: "C:\Projetos\Projeto Cred Jovem\Sistema\Win32\Debug\cache\credjovem_exe\ku5cKwWEaL106B8E8A7\_SEQ\" [OS Error:5]
credJovem.exe: 000031AC: 09:36:14 []:Error deleting folder: "C:\Projetos\Projeto Cred Jovem\Sistema\Win32\Debug\cache\credjovem_exe\ku5cKwWEaL106B8E8A7\" [OS Error:5]
credJovem.exe: 000031AC: 09:36:14 []:Error deleting folder: "C:\Projetos\Projeto Cred Jovem\Sistema\Win32\Debug\cache\credjovem_exe\L6EYcjuqN3106BA5026\_SEQ\" [OS Error:5]
credJovem.exe: 000031AC: 09:36:14 []:Error deleting folder: "C:\Projetos\Projeto Cred Jovem\Sistema\Win32\Debug\cache\credjovem_exe\L6EYcjuqN3106BA5026\" [OS Error:5]
credJovem.exe: 000031AC: 09:36:14 []:Error deleting folder: "C:\Projetos\Projeto Cred Jovem\Sistema\Win32\Debug\cache\credjovem_exe\l6Fv1ksT8v106B90300\_SEQ\" [OS Error:5]
credJovem.exe: 000031AC: 09:36:14 []:Error deleting folder: "C:\Projetos\Projeto Cred Jovem\Sistema\Win32\Debug\cache\credjovem_exe\l6Fv1ksT8v106B90300\" [OS Error:5]
credJovem.exe: 000031AC: 09:36:14 []:Error deleting folder: "C:\Projetos\Projeto Cred Jovem\Sistema\Win32\Debug\cache\credjovem_exe\LBrzKumrFc106B900D5\_SEQ\" [OS Error:5]
credJovem.exe: 000031AC: 09:36:14 []:Error deleting folder: "C:\Projetos\Projeto Cred Jovem\Sistema\Win32\Debug\cache\credjovem_exe\LBrzKumrFc106B900D5\" [OS Error:5]
credJovem.exe: 000031AC: 09:36:14 []:Error deleting folder: "C:\Projetos\Projeto Cred Jovem\Sistema\Win32\Debug\cache\credjovem_exe\lNNlVKcDJJ106BAA094\_SEQ\" [OS Error:5]
credJovem.exe: 000031AC: 09:36:14 []:Error deleting folder: "C:\Projetos\Projeto Cred Jovem\Sistema\Win32\Debug\cache\credjovem_exe\lNNlVKcDJJ106BAA094\" [OS Error:5]
credJovem.exe: 000031AC: 09:36:14 []:Error deleting folder: "C:\Projetos\Projeto Cred Jovem\Sistema\Win32\Debug\cache\credjovem_exe\loQAW7eZ7S106B8EFF5\_SEQ\" [OS Error:5]
credJovem.exe: 000031AC: 09:36:14 []:Error deleting folder: "C:\Projetos\Projeto Cred Jovem\Sistema\Win32\Debug\cache\credjovem_exe\loQAW7eZ7S106B8EFF5\" [OS Error:5]
credJovem.exe: 000031AC: 09:36:14 []:Error deleting folder: "C:\Projetos\Projeto Cred Jovem\Sistema\Win32\Debug\cache\credjovem_exe\LvP2u1nltQ106B8DDD2\_SEQ\" [OS Error:5]
credJovem.exe: 000031AC: 09:36:14 []:Error deleting folder: "C:\Projetos\Projeto Cred Jovem\Sistema\Win32\Debug\cache\credjovem_exe\LvP2u1nltQ106B8DDD2\" [OS Error:5]
credJovem.exe: 000031AC: 09:36:14 []:Error deleting folder: "C:\Projetos\Projeto Cred Jovem\Sistema\Win32\Debug\cache\credjovem_exe\mcbexjRVNe106B9081A\_SEQ\" [OS Error:5]
credJovem.exe: 000031AC: 09:36:14 []:Error deleting folder: "C:\Projetos\Projeto Cred Jovem\Sistema\Win32\Debug\cache\credjovem_exe\mcbexjRVNe106B9081A\" [OS Error:5]
credJovem.exe: 000031AC: 09:36:14 []:Error deleting folder: "C:\Projetos\Projeto Cred Jovem\Sistema\Win32\Debug\cache\credjovem_exe\MLcnNWpRT8106B8EC2F\_SEQ\" [OS Error:5]
credJovem.exe: 000031AC: 09:36:14 []:Error deleting folder: "C:\Projetos\Projeto Cred Jovem\Sistema\Win32\Debug\cache\credjovem_exe\MLcnNWpRT8106B8EC2F\" [OS Error:5]
credJovem.exe: 000031AC: 09:36:14 []:Error deleting folder: "C:\Projetos\Projeto Cred Jovem\Sistema\Win32\Debug\cache\credjovem_exe\nerH85fyQk106B8FCCC\_SEQ\" [OS Error:5]
credJovem.exe: 000031AC: 09:36:14 []:Error deleting folder: "C:\Projetos\Projeto Cred Jovem\Sistema\Win32\Debug\cache\credjovem_exe\nerH85fyQk106B8FCCC\" [OS Error:5]
credJovem.exe: 000031AC: 09:36:14 []:Error deleting folder: "C:\Projetos\Projeto Cred Jovem\Sistema\Win32\Debug\cache\credjovem_exe\NJUs9ck739106B904CE\_SEQ\" [OS Error:5]
credJovem.exe: 000031AC: 09:36:14 []:Error deleting folder: "C:\Projetos\Projeto Cred Jovem\Sistema\Win32\Debug\cache\credjovem_exe\NJUs9ck739106B904CE\" [OS Error:5]
credJovem.exe: 000031AC: 09:36:14 []:Error deleting folder: "C:\Projetos\Projeto Cred Jovem\Sistema\Win32\Debug\cache\credjovem_exe\NmeBG6zR2J106B901E3\_SEQ\" [OS Error:5]
credJovem.exe: 000031AC: 09:36:14 []:Error deleting folder: "C:\Projetos\Projeto Cred Jovem\Sistema\Win32\Debug\cache\credjovem_exe\NmeBG6zR2J106B901E3\" [OS Error:5]
credJovem.exe: 000031AC: 09:36:14 []:Error deleting folder: "C:\Projetos\Projeto Cred Jovem\Sistema\Win32\Debug\cache\credjovem_exe\oAO3Vx6Yqt106B8E103\_SEQ\" [OS Error:5]
credJovem.exe: 000031AC: 09:36:14 []:Error deleting folder: "C:\Projetos\Projeto Cred Jovem\Sistema\Win32\Debug\cache\credjovem_exe\oAO3Vx6Yqt106B8E103\" [OS Error:5]
credJovem.exe: 000031AC: 09:36:14 []:Error deleting folder: "C:\Projetos\Projeto Cred Jovem\Sistema\Win32\Debug\cache\credjovem_exe\oK3P8XNDjk106B90361\_SEQ\" [OS Error:5]
credJovem.exe: 000031AC: 09:36:14 []:Error deleting folder: "C:\Projetos\Projeto Cred Jovem\Sistema\Win32\Debug\cache\credjovem_exe\oK3P8XNDjk106B90361\" [OS Error:5]
credJovem.exe: 000031AC: 09:36:14 []:Error deleting folder: "C:\Projetos\Projeto Cred Jovem\Sistema\Win32\Debug\cache\credjovem_exe\plZLDTPln4106B8DF62\_SEQ\" [OS Error:5]
credJovem.exe: 000031AC: 09:36:14 []:Error deleting folder: "C:\Projetos\Projeto Cred Jovem\Sistema\Win32\Debug\cache\credjovem_exe\plZLDTPln4106B8DF62\" [OS Error:5]
credJovem.exe: 000031AC: 09:36:14 []:Error deleting folder: "C:\Projetos\Projeto Cred Jovem\Sistema\Win32\Debug\cache\credjovem_exe\pPmhDF3o7m106B8EC91\_SEQ\" [OS Error:5]
credJovem.exe: 000031AC: 09:36:14 []:Error deleting folder: "C:\Projetos\Projeto Cred Jovem\Sistema\Win32\Debug\cache\credjovem_exe\pPmhDF3o7m106B8EC91\" [OS Error:5]
credJovem.exe: 000031AC: 09:36:14 []:Error deleting folder: "C:\Projetos\Projeto Cred Jovem\Sistema\Win32\Debug\cache\credjovem_exe\PVXQJqk7qJ106BA591B\_SEQ\" [OS Error:5]
credJovem.exe: 000031AC: 09:36:14 []:Error deleting folder: "C:\Projetos\Projeto Cred Jovem\Sistema\Win32\Debug\cache\credjovem_exe\PVXQJqk7qJ106BA591B\" [OS Error:5]
credJovem.exe: 000031AC: 09:36:14 []:Error deleting folder: "C:\Projetos\Projeto Cred Jovem\Sistema\Win32\Debug\cache\credjovem_exe\QNkXZhMSbO106B8DD3F\_SEQ\" [OS Error:5]
credJovem.exe: 000031AC: 09:36:14 []:Error deleting folder: "C:\Projetos\Projeto Cred Jovem\Sistema\Win32\Debug\cache\credjovem_exe\QNkXZhMSbO106B8DD3F\" [OS Error:5]
credJovem.exe: 000031AC: 09:36:14 []:Error deleting folder: "C:\Projetos\Projeto Cred Jovem\Sistema\Win32\Debug\cache\credjovem_exe\qQcmt7925y106BA8CB1\_SEQ\" [OS Error:5]
credJovem.exe: 000031AC: 09:36:14 []:Error deleting folder: "C:\Projetos\Projeto Cred Jovem\Sistema\Win32\Debug\cache\credjovem_exe\qQcmt7925y106BA8CB1\" [OS Error:5]
credJovem.exe: 000031AC: 09:36:14 []:Error deleting folder: "C:\Projetos\Projeto Cred Jovem\Sistema\Win32\Debug\cache\credjovem_exe\R5sXqdNOTy106BA8A49\_SEQ\" [OS Error:5]
credJovem.exe: 000031AC: 09:36:14 []:Error deleting folder: "C:\Projetos\Projeto Cred Jovem\Sistema\Win32\Debug\cache\credjovem_exe\R5sXqdNOTy106BA8A49\" [OS Error:5]
credJovem.exe: 000031AC: 09:36:14 []:Error deleting folder: "C:\Projetos\Projeto Cred Jovem\Sistema\Win32\Debug\cache\credjovem_exe\res\" [OS Error:5]
credJovem.exe: 000031AC: 09:36:14 []:Error deleting folder: "C:\Projetos\Projeto Cred Jovem\Sistema\Win32\Debug\cache\credjovem_exe\RJNFIM8m8u106BA9178\_SEQ\" [OS Error:5]
credJovem.exe: 000031AC: 09:36:14 []:Error deleting folder: "C:\Projetos\Projeto Cred Jovem\Sistema\Win32\Debug\cache\credjovem_exe\RJNFIM8m8u106BA9178\" [OS Error:5]
credJovem.exe: 000031AC: 09:36:14 []:Error deleting folder: "C:\Projetos\Projeto Cred Jovem\Sistema\Win32\Debug\cache\credjovem_exe\RqToDfcdiB106B90589\_SEQ\" [OS Error:5]
credJovem.exe: 000031AC: 09:36:14 []:Error deleting folder: "C:\Projetos\Projeto Cred Jovem\Sistema\Win32\Debug\cache\credjovem_exe\RqToDfcdiB106B90589\" [OS Error:5]
credJovem.exe: 000031AC: 09:36:14 []:Error deleting folder: "C:\Projetos\Projeto Cred Jovem\Sistema\Win32\Debug\cache\credjovem_exe\Sf4i3zAQ1C106B8D155\_SEQ\" [OS Error:5]
credJovem.exe: 000031AC: 09:36:14 []:Error deleting folder: "C:\Projetos\Projeto Cred Jovem\Sistema\Win32\Debug\cache\credjovem_exe\Sf4i3zAQ1C106B8D155\" [OS Error:5]
credJovem.exe: 000031AC: 09:36:14 []:Error deleting folder: "C:\Projetos\Projeto Cred Jovem\Sistema\Win32\Debug\cache\credjovem_exe\skEF5yW27x106B8F8E2\_SEQ\" [OS Error:5]
credJovem.exe: 000031AC: 09:36:14 []:Error deleting folder: "C:\Projetos\Projeto Cred Jovem\Sistema\Win32\Debug\cache\credjovem_exe\skEF5yW27x106B8F8E2\" [OS Error:5]
credJovem.exe: 000031AC: 09:36:14 []:Error deleting folder: "C:\Projetos\Projeto Cred Jovem\Sistema\Win32\Debug\cache\credjovem_exe\Sp3XHkX7d8106B90DBA\_SEQ\" [OS Error:5]
credJovem.exe: 000031AC: 09:36:14 []:Error deleting folder: "C:\Projetos\Projeto Cred Jovem\Sistema\Win32\Debug\cache\credjovem_exe\Sp3XHkX7d8106B90DBA\" [OS Error:5]
credJovem.exe: 000031AC: 09:36:14 []:Error deleting folder: "C:\Projetos\Projeto Cred Jovem\Sistema\Win32\Debug\cache\credjovem_exe\sUzfT39XGd106BA8967\" [OS Error:5]
credJovem.exe: 000031AC: 09:36:14 []:Error deleting folder: "C:\Projetos\Projeto Cred Jovem\Sistema\Win32\Debug\cache\credjovem_exe\SYyilUSJPG106B8E504\_SEQ\" [OS Error:5]
credJovem.exe: 000031AC: 09:36:14 []:Error deleting folder: "C:\Projetos\Projeto Cred Jovem\Sistema\Win32\Debug\cache\credjovem_exe\SYyilUSJPG106B8E504\" [OS Error:5]
credJovem.exe: 000031AC: 09:36:14 []:Error deleting folder: "C:\Projetos\Projeto Cred Jovem\Sistema\Win32\Debug\cache\credjovem_exe\t4ULWL6rmN106B92F5A\_SEQ\" [OS Error:5]
credJovem.exe: 000031AC: 09:36:14 []:Error deleting folder: "C:\Projetos\Projeto Cred Jovem\Sistema\Win32\Debug\cache\credjovem_exe\t4ULWL6rmN106B92F5A\" [OS Error:5]
credJovem.exe: 000031AC: 09:36:14 []:Error deleting folder: "C:\Projetos\Projeto Cred Jovem\Sistema\Win32\Debug\cache\credjovem_exe\tgK8jXHXv6106B8E820\_SEQ\" [OS Error:5]
credJovem.exe: 000031AC: 09:36:14 []:Error deleting folder: "C:\Projetos\Projeto Cred Jovem\Sistema\Win32\Debug\cache\credjovem_exe\tgK8jXHXv6106B8E820\" [OS Error:5]
credJovem.exe: 000031AC: 09:36:14 []:Error deleting folder: "C:\Projetos\Projeto Cred Jovem\Sistema\Win32\Debug\cache\credjovem_exe\TPcGpZWG92106B90731\_SEQ\" [OS Error:5]
credJovem.exe: 000031AC: 09:36:14 []:Error deleting folder: "C:\Projetos\Projeto Cred Jovem\Sistema\Win32\Debug\cache\credjovem_exe\TPcGpZWG92106B90731\" [OS Error:5]
credJovem.exe: 000031AC: 09:36:14 []:Error deleting folder: "C:\Projetos\Projeto Cred Jovem\Sistema\Win32\Debug\cache\credjovem_exe\tqxl6k3BH6106B92B5D\_SEQ\" [OS Error:5]
credJovem.exe: 000031AC: 09:36:14 []:Error deleting folder: "C:\Projetos\Projeto Cred Jovem\Sistema\Win32\Debug\cache\credjovem_exe\tqxl6k3BH6106B92B5D\" [OS Error:5]
credJovem.exe: 000031AC: 09:36:14 []:Error deleting folder: "C:\Projetos\Projeto Cred Jovem\Sistema\Win32\Debug\cache\credjovem_exe\Twl6XWkVK6106B8F8A6\_SEQ\" [OS Error:5]
credJovem.exe: 000031AC: 09:36:14 []:Error deleting folder: "C:\Projetos\Projeto Cred Jovem\Sistema\Win32\Debug\cache\credjovem_exe\Twl6XWkVK6106B8F8A6\" [OS Error:5]
credJovem.exe: 000031AC: 09:36:14 []:Error deleting folder: "C:\Projetos\Projeto Cred Jovem\Sistema\Win32\Debug\cache\credjovem_exe\U4zXFbbq5O106B90177\_SEQ\" [OS Error:5]
credJovem.exe: 000031AC: 09:36:14 []:Error deleting folder: "C:\Projetos\Projeto Cred Jovem\Sistema\Win32\Debug\cache\credjovem_exe\U4zXFbbq5O106B90177\" [OS Error:5]
credJovem.exe: 000031AC: 09:36:14 []:Error deleting folder: "C:\Projetos\Projeto Cred Jovem\Sistema\Win32\Debug\cache\credjovem_exe\UEIeVQVtZN106B92B33\_SEQ\" [OS Error:5]
credJovem.exe: 000031AC: 09:36:14 []:Error deleting folder: "C:\Projetos\Projeto Cred Jovem\Sistema\Win32\Debug\cache\credjovem_exe\UEIeVQVtZN106B92B33\" [OS Error:5]
credJovem.exe: 000031AC: 09:36:14 []:Error deleting folder: "C:\Projetos\Projeto Cred Jovem\Sistema\Win32\Debug\cache\credjovem_exe\UpeoalDQ3f106B8DFD0\_SEQ\" [OS Error:5]
credJovem.exe: 000031AC: 09:36:14 []:Error deleting folder: "C:\Projetos\Projeto Cred Jovem\Sistema\Win32\Debug\cache\credjovem_exe\UpeoalDQ3f106B8DFD0\" [OS Error:5]
credJovem.exe: 000031AC: 09:36:14 []:Error deleting folder: "C:\Projetos\Projeto Cred Jovem\Sistema\Win32\Debug\cache\credjovem_exe\Uuap3pfIUC106B9111E\_SEQ\" [OS Error:5]
credJovem.exe: 000031AC: 09:36:14 []:Error deleting folder: "C:\Projetos\Projeto Cred Jovem\Sistema\Win32\Debug\cache\credjovem_exe\Uuap3pfIUC106B9111E\" [OS Error:5]
credJovem.exe: 000031AC: 09:36:14 []:Error deleting folder: "C:\Projetos\Projeto Cred Jovem\Sistema\Win32\Debug\cache\credjovem_exe\UvIqSDwtk3106B90295\_SEQ\" [OS Error:5]
credJovem.exe: 000031AC: 09:36:14 []:Error deleting folder: "C:\Projetos\Projeto Cred Jovem\Sistema\Win32\Debug\cache\credjovem_exe\UvIqSDwtk3106B90295\" [OS Error:5]
credJovem.exe: 000031AC: 09:36:14 []:Error deleting folder: "C:\Projetos\Projeto Cred Jovem\Sistema\Win32\Debug\cache\credjovem_exe\uxtwTQS5lt106BA4DF2\_SEQ\" [OS Error:5]
credJovem.exe: 000031AC: 09:36:14 []:Error deleting folder: "C:\Projetos\Projeto Cred Jovem\Sistema\Win32\Debug\cache\credjovem_exe\uxtwTQS5lt106BA4DF2\" [OS Error:5]
credJovem.exe: 000031AC: 09:36:14 []:Error deleting folder: "C:\Projetos\Projeto Cred Jovem\Sistema\Win32\Debug\cache\credjovem_exe\V8RecRoTeV106BA4D66\_SEQ\" [OS Error:5]
credJovem.exe: 000031AC: 09:36:14 []:Error deleting folder: "C:\Projetos\Projeto Cred Jovem\Sistema\Win32\Debug\cache\credjovem_exe\V8RecRoTeV106BA4D66\" [OS Error:5]
credJovem.exe: 000031AC: 09:36:14 []:Error deleting folder: "C:\Projetos\Projeto Cred Jovem\Sistema\Win32\Debug\cache\credjovem_exe\VEfcPzqlTa106B90643\_SEQ\" [OS Error:5]
credJovem.exe: 000031AC: 09:36:14 []:Error deleting folder: "C:\Projetos\Projeto Cred Jovem\Sistema\Win32\Debug\cache\credjovem_exe\VEfcPzqlTa106B90643\" [OS Error:5]
credJovem.exe: 000031AC: 09:36:14 []:Error deleting folder: "C:\Projetos\Projeto Cred Jovem\Sistema\Win32\Debug\cache\credjovem_exe\vIWvgwkntN106BA8CF6\_SEQ\" [OS Error:5]
credJovem.exe: 000031AC: 09:36:14 []:Error deleting folder: "C:\Projetos\Projeto Cred Jovem\Sistema\Win32\Debug\cache\credjovem_exe\vIWvgwkntN106BA8CF6\" [OS Error:5]
credJovem.exe: 000031AC: 09:36:14 []:Error deleting folder: "C:\Projetos\Projeto Cred Jovem\Sistema\Win32\Debug\cache\credjovem_exe\W37vZUfuUW106B90962\_SEQ\" [OS Error:5]
credJovem.exe: 000031AC: 09:36:14 []:Error deleting folder: "C:\Projetos\Projeto Cred Jovem\Sistema\Win32\Debug\cache\credjovem_exe\W37vZUfuUW106B90962\" [OS Error:5]
credJovem.exe: 000031AC: 09:36:14 []:Error deleting folder: "C:\Projetos\Projeto Cred Jovem\Sistema\Win32\Debug\cache\credjovem_exe\wLaPFuBiMM106BA8823\_SEQ\" [OS Error:5]
credJovem.exe: 000031AC: 09:36:14 []:Error deleting folder: "C:\Projetos\Projeto Cred Jovem\Sistema\Win32\Debug\cache\credjovem_exe\wLaPFuBiMM106BA8823\" [OS Error:5]
credJovem.exe: 000031AC: 09:36:14 []:Error deleting folder: "C:\Projetos\Projeto Cred Jovem\Sistema\Win32\Debug\cache\credjovem_exe\wS5Vn7t114106B90293\_SEQ\" [OS Error:5]
credJovem.exe: 000031AC: 09:36:14 []:Error deleting folder: "C:\Projetos\Projeto Cred Jovem\Sistema\Win32\Debug\cache\credjovem_exe\wS5Vn7t114106B90293\" [OS Error:5]
credJovem.exe: 000031AC: 09:36:14 []:Error deleting folder: "C:\Projetos\Projeto Cred Jovem\Sistema\Win32\Debug\cache\credjovem_exe\WssquFszvT106BA9551\_SEQ\" [OS Error:5]
credJovem.exe: 000031AC: 09:36:14 []:Error deleting folder: "C:\Projetos\Projeto Cred Jovem\Sistema\Win32\Debug\cache\credjovem_exe\WssquFszvT106BA9551\" [OS Error:5]
credJovem.exe: 000031AC: 09:36:14 []:Error deleting folder: "C:\Projetos\Projeto Cred Jovem\Sistema\Win32\Debug\cache\credjovem_exe\wYgnmTXQ43106BA8879\_SEQ\" [OS Error:5]
credJovem.exe: 000031AC: 09:36:14 []:Error deleting folder: "C:\Projetos\Projeto Cred Jovem\Sistema\Win32\Debug\cache\credjovem_exe\wYgnmTXQ43106BA8879\" [OS Error:5]
credJovem.exe: 000031AC: 09:36:14 []:Error deleting folder: "C:\Projetos\Projeto Cred Jovem\Sistema\Win32\Debug\cache\credjovem_exe\WZufnN95Cz106B8DEF9\_SEQ\" [OS Error:5]
credJovem.exe: 000031AC: 09:36:14 []:Error deleting folder: "C:\Projetos\Projeto Cred Jovem\Sistema\Win32\Debug\cache\credjovem_exe\WZufnN95Cz106B8DEF9\" [OS Error:5]
credJovem.exe: 000031AC: 09:36:14 []:Error deleting folder: "C:\Projetos\Projeto Cred Jovem\Sistema\Win32\Debug\cache\credjovem_exe\X6LrYrEfGj106BA97BC\_SEQ\" [OS Error:5]
credJovem.exe: 000031AC: 09:36:14 []:Error deleting folder: "C:\Projetos\Projeto Cred Jovem\Sistema\Win32\Debug\cache\credjovem_exe\X6LrYrEfGj106BA97BC\" [OS Error:5]
credJovem.exe: 000031AC: 09:36:14 []:Error deleting folder: "C:\Projetos\Projeto Cred Jovem\Sistema\Win32\Debug\cache\credjovem_exe\XF1EPHme7c106B8F16B\_SEQ\" [OS Error:5]
credJovem.exe: 000031AC: 09:36:14 []:Error deleting folder: "C:\Projetos\Projeto Cred Jovem\Sistema\Win32\Debug\cache\credjovem_exe\XF1EPHme7c106B8F16B\" [OS Error:5]
credJovem.exe: 000031AC: 09:36:14 []:Error deleting folder: "C:\Projetos\Projeto Cred Jovem\Sistema\Win32\Debug\cache\credjovem_exe\XfxIws1UdY106B90119\_SEQ\" [OS Error:5]
credJovem.exe: 000031AC: 09:36:14 []:Error deleting folder: "C:\Projetos\Projeto Cred Jovem\Sistema\Win32\Debug\cache\credjovem_exe\XfxIws1UdY106B90119\" [OS Error:5]
credJovem.exe: 000031AC: 09:36:14 []:Error deleting folder: "C:\Projetos\Projeto Cred Jovem\Sistema\Win32\Debug\cache\credjovem_exe\Xp8g1Mi1Dw106B91A41\_SEQ\" [OS Error:5]
credJovem.exe: 000031AC: 09:36:14 []:Error deleting folder: "C:\Projetos\Projeto Cred Jovem\Sistema\Win32\Debug\cache\credjovem_exe\Xp8g1Mi1Dw106B91A41\" [OS Error:5]
credJovem.exe: 000031AC: 09:36:14 []:Error deleting folder: "C:\Projetos\Projeto Cred Jovem\Sistema\Win32\Debug\cache\credjovem_exe\XVr8KzLq6t106B8FF58\_SEQ\" [OS Error:5]
credJovem.exe: 000031AC: 09:36:14 []:Error deleting folder: "C:\Projetos\Projeto Cred Jovem\Sistema\Win32\Debug\cache\credjovem_exe\XVr8KzLq6t106B8FF58\" [OS Error:5]
credJovem.exe: 000031AC: 09:36:14 []:Error deleting folder: "C:\Projetos\Projeto Cred Jovem\Sistema\Win32\Debug\cache\credjovem_exe\xy2nzeBsi9106BA4C56\_SEQ\" [OS Error:5]
credJovem.exe: 000031AC: 09:36:14 []:Error deleting folder: "C:\Projetos\Projeto Cred Jovem\Sistema\Win32\Debug\cache\credjovem_exe\xy2nzeBsi9106BA4C56\" [OS Error:5]
credJovem.exe: 000031AC: 09:36:14 []:Error deleting folder: "C:\Projetos\Projeto Cred Jovem\Sistema\Win32\Debug\cache\credjovem_exe\YLT35pdZNR106BA91ED\_SEQ\" [OS Error:5]
credJovem.exe: 000031AC: 09:36:14 []:Error deleting folder: "C:\Projetos\Projeto Cred Jovem\Sistema\Win32\Debug\cache\credjovem_exe\YLT35pdZNR106BA91ED\" [OS Error:5]
credJovem.exe: 000031AC: 09:36:14 []:Error deleting folder: "C:\Projetos\Projeto Cred Jovem\Sistema\Win32\Debug\cache\credjovem_exe\yM3HNV9LrS106B8E4C4\_SEQ\" [OS Error:5]
credJovem.exe: 000031AC: 09:36:14 []:Error deleting folder: "C:\Projetos\Projeto Cred Jovem\Sistema\Win32\Debug\cache\credjovem_exe\yM3HNV9LrS106B8E4C4\" [OS Error:5]
credJovem.exe: 000031AC: 09:36:14 []:Error deleting folder: "C:\Projetos\Projeto Cred Jovem\Sistema\Win32\Debug\cache\credjovem_exe\z5HTOn1zeo106B8D9ED\_SEQ\" [OS Error:5]
credJovem.exe: 000031AC: 09:36:14 []:Error deleting folder: "C:\Projetos\Projeto Cred Jovem\Sistema\Win32\Debug\cache\credjovem_exe\z5HTOn1zeo106B8D9ED\" [OS Error:5]
credJovem.exe: 000031AC: 09:36:14 []:Error deleting folder: "C:\Projetos\Projeto Cred Jovem\Sistema\Win32\Debug\cache\credjovem_exe\Z8s4JuovEs106BA511F\_SEQ\" [OS Error:5]
credJovem.exe: 000031AC: 09:36:14 []:Error deleting folder: "C:\Projetos\Projeto Cred Jovem\Sistema\Win32\Debug\cache\credjovem_exe\Z8s4JuovEs106BA511F\" [OS Error:5]
credJovem.exe: 000031AC: 09:36:14 []:Error deleting folder: "C:\Projetos\Projeto Cred Jovem\Sistema\Win32\Debug\cache\credjovem_exe\zeCqmn9kP9106BA999D\_SEQ\" [OS Error:5]
credJovem.exe: 000031AC: 09:36:14 []:Error deleting folder: "C:\Projetos\Projeto Cred Jovem\Sistema\Win32\Debug\cache\credjovem_exe\zeCqmn9kP9106BA999D\" [OS Error:5]
credJovem.exe: 000031AC: 09:36:14 []:Error deleting folder: "C:\Projetos\Projeto Cred Jovem\Sistema\Win32\Debug\cache\credjovem_exe\Znq7i4eVR9106B90898\_SEQ\" [OS Error:5]
credJovem.exe: 000031AC: 09:36:14 []:Error deleting folder: "C:\Projetos\Projeto Cred Jovem\Sistema\Win32\Debug\cache\credjovem_exe\Znq7i4eVR9106B90898\" [OS Error:5]
credJovem.exe: 000031AC: 09:36:14 []:Error deleting folder: "C:\Projetos\Projeto Cred Jovem\Sistema\Win32\Debug\cache\credjovem_exe\ZpZZxWrhYZ106B904A6\_SEQ\" [OS Error:5]
credJovem.exe: 000031AC: 09:36:14 []:Error deleting folder: "C:\Projetos\Projeto Cred Jovem\Sistema\Win32\Debug\cache\credjovem_exe\ZpZZxWrhYZ106B904A6\" [OS Error:5]
credJovem.exe: 000031AC: 09:36:14 []:Error deleting folder: "C:\Projetos\Projeto Cred Jovem\Sistema\Win32\Debug\cache\credjovem_exe\ZU8am78hFE106B90472\_SEQ\" [OS Error:5]
credJovem.exe: 000031AC: 09:36:14 []:Error deleting folder: "C:\Projetos\Projeto Cred Jovem\Sistema\Win32\Debug\cache\credjovem_exe\ZU8am78hFE106B90472\" [OS Error:5]
credJovem.exe: 000031AC: 09:36:14 []:Error deleting folder: "C:\Projetos\Projeto Cred Jovem\Sistema\Win32\Debug\cache\credjovem_exe\zz5VTIo5xH106BAAE3D\_SEQ\" [OS Error:5]
credJovem.exe: 000031AC: 09:36:14 []:Error deleting folder: "C:\Projetos\Projeto Cred Jovem\Sistema\Win32\Debug\cache\credjovem_exe\zz5VTIo5xH106BAAE3D\" [OS Error:5]
credJovem.exe: 000031AC: 09:36:14 [TUniServerModule]:Starting HTTP Server on Port: 8077...
credJovem.exe: 000031AC: 09:36:14 [TUniServerModule]:HTTP Server Started on Port: 8077
credJovem.exe: 00002254: 09:46:44 []:Error deleting folder: "C:\Projetos\Projeto Cred Jovem\Sistema\Win32\Debug\cache\credjovem_exe\xLqTcATrx7106C0679A\_SEQ\" [OS Error:5]
credJovem.exe: 00002254: 09:46:44 []:Error deleting folder: "C:\Projetos\Projeto Cred Jovem\Sistema\Win32\Debug\cache\credjovem_exe\xLqTcATrx7106C0679A\" [OS Error:5]
credJovem.exe: 000031AC: 09:56:51 [TUniServerModule]:Shutting Down Server.
credJovem.exe: 000031AC: 09:56:51 [TUniServerModule]:Stopping HTTP Server.
credJovem.exe: 000031AC: 09:56:51 [TUniServerModule]:HTTP Server Stopped.
credJovem.exe: 000031AC: 09:56:51 [TUniGUISessionManager]:Terminating Session manager.
credJovem.exe: 000031AC: 09:56:51 [TUniGUISessionManager]:Stopping Cache Eraser...
credJovem.exe: 000031AC: 09:56:51 [TUniGUISessionManager]:Cache Eraser Stopped.
credJovem.exe: 000031AC: 09:56:51 [TUniGUISessionManager]:Destroying Worker Threads.
credJovem.exe: 000031AC: 09:56:51 [TUniGUISessionManager]:Session manager terminated.
credJovem.exe: 000031AC: 09:56:51 []:Error deleting folder: "C:\Projetos\Projeto Cred Jovem\Sistema\Win32\Debug\cache\credjovem_exe\12I8ZsgaIW106B9085D\_SEQ\" [OS Error:5]
credJovem.exe: 000031AC: 09:56:51 []:Error deleting folder: "C:\Projetos\Projeto Cred Jovem\Sistema\Win32\Debug\cache\credjovem_exe\12I8ZsgaIW106B9085D\" [OS Error:5]
credJovem.exe: 000031AC: 09:56:51 []:Error deleting folder: "C:\Projetos\Projeto Cred Jovem\Sistema\Win32\Debug\cache\credjovem_exe\1k3T5b5Gt9106B8E0C2\_SEQ\" [OS Error:5]
credJovem.exe: 000031AC: 09:56:51 []:Error deleting folder: "C:\Projetos\Projeto Cred Jovem\Sistema\Win32\Debug\cache\credjovem_exe\1k3T5b5Gt9106B8E0C2\" [OS Error:5]
credJovem.exe: 000031AC: 09:56:51 []:Error deleting folder: "C:\Projetos\Projeto Cred Jovem\Sistema\Win32\Debug\cache\credjovem_exe\2gI5LNaRbN106BA5123\_SEQ\" [OS Error:5]
credJovem.exe: 000031AC: 09:56:51 []:Error deleting folder: "C:\Projetos\Projeto Cred Jovem\Sistema\Win32\Debug\cache\credjovem_exe\2gI5LNaRbN106BA5123\" [OS Error:5]
credJovem.exe: 000031AC: 09:56:51 []:Error deleting folder: "C:\Projetos\Projeto Cred Jovem\Sistema\Win32\Debug\cache\credjovem_exe\2Y9ynDlbYr106B8DE5E\_SEQ\" [OS Error:5]
credJovem.exe: 000031AC: 09:56:51 []:Error deleting folder: "C:\Projetos\Projeto Cred Jovem\Sistema\Win32\Debug\cache\credjovem_exe\2Y9ynDlbYr106B8DE5E\" [OS Error:5]
credJovem.exe: 000031AC: 09:56:51 []:Error deleting folder: "C:\Projetos\Projeto Cred Jovem\Sistema\Win32\Debug\cache\credjovem_exe\3C7u2VyaBZ106B9050F\_SEQ\" [OS Error:5]
credJovem.exe: 000031AC: 09:56:51 []:Error deleting folder: "C:\Projetos\Projeto Cred Jovem\Sistema\Win32\Debug\cache\credjovem_exe\3C7u2VyaBZ106B9050F\" [OS Error:5]
credJovem.exe: 000031AC: 09:56:51 []:Error deleting folder: "C:\Projetos\Projeto Cred Jovem\Sistema\Win32\Debug\cache\credjovem_exe\3Xv3bLt5Ec106BA502F\_SEQ\" [OS Error:5]
credJovem.exe: 000031AC: 09:56:51 []:Error deleting folder: "C:\Projetos\Projeto Cred Jovem\Sistema\Win32\Debug\cache\credjovem_exe\3Xv3bLt5Ec106BA502F\" [OS Error:5]
credJovem.exe: 000031AC: 09:56:51 []:Error deleting folder: "C:\Projetos\Projeto Cred Jovem\Sistema\Win32\Debug\cache\credjovem_exe\4AIQaMjIyg106B8F079\_SEQ\" [OS Error:5]
credJovem.exe: 000031AC: 09:56:51 []:Error deleting folder: "C:\Projetos\Projeto Cred Jovem\Sistema\Win32\Debug\cache\credjovem_exe\4AIQaMjIyg106B8F079\" [OS Error:5]
credJovem.exe: 000031AC: 09:56:51 []:Error deleting folder: "C:\Projetos\Projeto Cred Jovem\Sistema\Win32\Debug\cache\credjovem_exe\4lW327MUHv106BAA6D5\_SEQ\" [OS Error:5]
credJovem.exe: 000031AC: 09:56:51 []:Error deleting folder: "C:\Projetos\Projeto Cred Jovem\Sistema\Win32\Debug\cache\credjovem_exe\4lW327MUHv106BAA6D5\" [OS Error:5]
credJovem.exe: 000031AC: 09:56:51 []:Error deleting folder: "C:\Projetos\Projeto Cred Jovem\Sistema\Win32\Debug\cache\credjovem_exe\5PHEdqD4Hb106B92FF7\_SEQ\" [OS Error:5]
credJovem.exe: 000031AC: 09:56:51 []:Error deleting folder: "C:\Projetos\Projeto Cred Jovem\Sistema\Win32\Debug\cache\credjovem_exe\5PHEdqD4Hb106B92FF7\" [OS Error:5]
credJovem.exe: 000031AC: 09:56:51 []:Error deleting folder: "C:\Projetos\Projeto Cred Jovem\Sistema\Win32\Debug\cache\credjovem_exe\5ugWskKGZo106B8DA40\_SEQ\" [OS Error:5]
credJovem.exe: 000031AC: 09:56:51 []:Error deleting folder: "C:\Projetos\Projeto Cred Jovem\Sistema\Win32\Debug\cache\credjovem_exe\5ugWskKGZo106B8DA40\" [OS Error:5]
credJovem.exe: 000031AC: 09:56:51 []:Error deleting folder: "C:\Projetos\Projeto Cred Jovem\Sistema\Win32\Debug\cache\credjovem_exe\78C7sHYbYl106B90080\_SEQ\" [OS Error:5]
credJovem.exe: 000031AC: 09:56:51 []:Error deleting folder: "C:\Projetos\Projeto Cred Jovem\Sistema\Win32\Debug\cache\credjovem_exe\78C7sHYbYl106B90080\" [OS Error:5]
credJovem.exe: 000031AC: 09:56:51 []:Error deleting folder: "C:\Projetos\Projeto Cred Jovem\Sistema\Win32\Debug\cache\credjovem_exe\7UkTLeLwPm106BAA53B\_SEQ\" [OS Error:5]
credJovem.exe: 000031AC: 09:56:51 []:Error deleting folder: "C:\Projetos\Projeto Cred Jovem\Sistema\Win32\Debug\cache\credjovem_exe\7UkTLeLwPm106BAA53B\" [OS Error:5]
credJovem.exe: 000031AC: 09:56:51 []:Error deleting folder: "C:\Projetos\Projeto Cred Jovem\Sistema\Win32\Debug\cache\credjovem_exe\8ebZcZfNcX106BA87FB\_SEQ\" [OS Error:5]
credJovem.exe: 000031AC: 09:56:51 []:Error deleting folder: "C:\Projetos\Projeto Cred Jovem\Sistema\Win32\Debug\cache\credjovem_exe\8ebZcZfNcX106BA87FB\" [OS Error:5]
credJovem.exe: 000031AC: 09:56:51 []:Error deleting folder: "C:\Projetos\Projeto Cred Jovem\Sistema\Win32\Debug\cache\credjovem_exe\8QZ92cc9W6106BA92C0\_SEQ\" [OS Error:5]
credJovem.exe: 000031AC: 09:56:51 []:Error deleting folder: "C:\Projetos\Projeto Cred Jovem\Sistema\Win32\Debug\cache\credjovem_exe\8QZ92cc9W6106BA92C0\" [OS Error:5]
credJovem.exe: 000031AC: 09:56:51 []:Error deleting folder: "C:\Projetos\Projeto Cred Jovem\Sistema\Win32\Debug\cache\credjovem_exe\8rzMCO4RUI106B8F043\_SEQ\" [OS Error:5]
credJovem.exe: 000031AC: 09:56:51 []:Error deleting folder: "C:\Projetos\Projeto Cred Jovem\Sistema\Win32\Debug\cache\credjovem_exe\8rzMCO4RUI106B8F043\" [OS Error:5]
credJovem.exe: 000031AC: 09:56:51 []:Error deleting folder: "C:\Projetos\Projeto Cred Jovem\Sistema\Win32\Debug\cache\credjovem_exe\99D4ZtNoOK106BA511C\_SEQ\" [OS Error:5]
credJovem.exe: 000031AC: 09:56:51 []:Error deleting folder: "C:\Projetos\Projeto Cred Jovem\Sistema\Win32\Debug\cache\credjovem_exe\99D4ZtNoOK106BA511C\" [OS Error:5]
credJovem.exe: 000031AC: 09:56:51 []:Error deleting folder: "C:\Projetos\Projeto Cred Jovem\Sistema\Win32\Debug\cache\credjovem_exe\9yOqnz7K1r106BA8AE1\_SEQ\" [OS Error:5]
credJovem.exe: 000031AC: 09:56:51 []:Error deleting folder: "C:\Projetos\Projeto Cred Jovem\Sistema\Win32\Debug\cache\credjovem_exe\9yOqnz7K1r106BA8AE1\" [OS Error:5]
credJovem.exe: 000031AC: 09:56:51 []:Error deleting folder: "C:\Projetos\Projeto Cred Jovem\Sistema\Win32\Debug\cache\credjovem_exe\AcbF8XGPsH106B8E106\_SEQ\" [OS Error:5]
credJovem.exe: 000031AC: 09:56:51 []:Error deleting folder: "C:\Projetos\Projeto Cred Jovem\Sistema\Win32\Debug\cache\credjovem_exe\AcbF8XGPsH106B8E106\" [OS Error:5]
credJovem.exe: 000031AC: 09:56:51 []:Error deleting folder: "C:\Projetos\Projeto Cred Jovem\Sistema\Win32\Debug\cache\credjovem_exe\aWOJacECzp106B8D971\_SEQ\" [OS Error:5]
credJovem.exe: 000031AC: 09:56:51 []:Error deleting folder: "C:\Projetos\Projeto Cred Jovem\Sistema\Win32\Debug\cache\credjovem_exe\aWOJacECzp106B8D971\" [OS Error:5]
credJovem.exe: 000031AC: 09:56:51 []:Error deleting folder: "C:\Projetos\Projeto Cred Jovem\Sistema\Win32\Debug\cache\credjovem_exe\b4nYurUVAl106B91A75\_SEQ\" [OS Error:5]
credJovem.exe: 000031AC: 09:56:51 []:Error deleting folder: "C:\Projetos\Projeto Cred Jovem\Sistema\Win32\Debug\cache\credjovem_exe\b4nYurUVAl106B91A75\" [OS Error:5]
credJovem.exe: 000031AC: 09:56:51 []:Error deleting folder: "C:\Projetos\Projeto Cred Jovem\Sistema\Win32\Debug\cache\credjovem_exe\BnDwOQYq8D106BAA61B\_SEQ\" [OS Error:5]
credJovem.exe: 000031AC: 09:56:51 []:Error deleting folder: "C:\Projetos\Projeto Cred Jovem\Sistema\Win32\Debug\cache\credjovem_exe\BnDwOQYq8D106BAA61B\" [OS Error:5]
credJovem.exe: 000031AC: 09:56:51 []:Error deleting folder: "C:\Projetos\Projeto Cred Jovem\Sistema\Win32\Debug\cache\credjovem_exe\bowDqtbFAN106B90419\_SEQ\" [OS Error:5]
credJovem.exe: 000031AC: 09:56:51 []:Error deleting folder: "C:\Projetos\Projeto Cred Jovem\Sistema\Win32\Debug\cache\credjovem_exe\bowDqtbFAN106B90419\" [OS Error:5]
credJovem.exe: 000031AC: 09:56:51 []:Error deleting folder: "C:\Projetos\Projeto Cred Jovem\Sistema\Win32\Debug\cache\credjovem_exe\bZDqtSzJYR106BA4D83\_SEQ\" [OS Error:5]
credJovem.exe: 000031AC: 09:56:51 []:Error deleting folder: "C:\Projetos\Projeto Cred Jovem\Sistema\Win32\Debug\cache\credjovem_exe\bZDqtSzJYR106BA4D83\" [OS Error:5]
credJovem.exe: 000031AC: 09:56:51 []:Error deleting folder: "C:\Projetos\Projeto Cred Jovem\Sistema\Win32\Debug\cache\credjovem_exe\ck9SySWYhN106BA4D64\_SEQ\" [OS Error:5]
credJovem.exe: 000031AC: 09:56:51 []:Error deleting folder: "C:\Projetos\Projeto Cred Jovem\Sistema\Win32\Debug\cache\credjovem_exe\ck9SySWYhN106BA4D64\" [OS Error:5]
credJovem.exe: 000031AC: 09:56:51 []:Error deleting folder: "C:\Projetos\Projeto Cred Jovem\Sistema\Win32\Debug\cache\credjovem_exe\cMgZHKxbQ6106BA4D7C\_SEQ\" [OS Error:5]
credJovem.exe: 000031AC: 09:56:51 []:Error deleting folder: "C:\Projetos\Projeto Cred Jovem\Sistema\Win32\Debug\cache\credjovem_exe\cMgZHKxbQ6106BA4D7C\" [OS Error:5]
credJovem.exe: 000031AC: 09:56:51 []:Error deleting folder: "C:\Projetos\Projeto Cred Jovem\Sistema\Win32\Debug\cache\credjovem_exe\dCexuzWEhV106B8E054\_SEQ\" [OS Error:5]
credJovem.exe: 000031AC: 09:56:51 []:Error deleting folder: "C:\Projetos\Projeto Cred Jovem\Sistema\Win32\Debug\cache\credjovem_exe\dCexuzWEhV106B8E054\" [OS Error:5]
credJovem.exe: 000031AC: 09:56:51 []:Error deleting folder: "C:\Projetos\Projeto Cred Jovem\Sistema\Win32\Debug\cache\credjovem_exe\dDCVEMtWAj106B8ECCF\_SEQ\" [OS Error:5]
credJovem.exe: 000031AC: 09:56:51 []:Error deleting folder: "C:\Projetos\Projeto Cred Jovem\Sistema\Win32\Debug\cache\credjovem_exe\dDCVEMtWAj106B8ECCF\" [OS Error:5]
credJovem.exe: 000031AC: 09:56:51 []:Error deleting folder: "C:\Projetos\Projeto Cred Jovem\Sistema\Win32\Debug\cache\credjovem_exe\dgdLoKcFyh106B8DC57\_SEQ\" [OS Error:5]
credJovem.exe: 000031AC: 09:56:51 []:Error deleting folder: "C:\Projetos\Projeto Cred Jovem\Sistema\Win32\Debug\cache\credjovem_exe\dgdLoKcFyh106B8DC57\" [OS Error:5]
credJovem.exe: 000031AC: 09:56:51 []:Error deleting folder: "C:\Projetos\Projeto Cred Jovem\Sistema\Win32\Debug\cache\credjovem_exe\dpRlnckUzF106BA8A8B\_SEQ\" [OS Error:5]
credJovem.exe: 000031AC: 09:56:51 []:Error deleting folder: "C:\Projetos\Projeto Cred Jovem\Sistema\Win32\Debug\cache\credjovem_exe\dpRlnckUzF106BA8A8B\" [OS Error:5]
credJovem.exe: 000031AC: 09:56:51 []:Error deleting folder: "C:\Projetos\Projeto Cred Jovem\Sistema\Win32\Debug\cache\credjovem_exe\e9CHwGlukt106B90E9A\_SEQ\" [OS Error:5]
credJovem.exe: 000031AC: 09:56:51 []:Error deleting folder: "C:\Projetos\Projeto Cred Jovem\Sistema\Win32\Debug\cache\credjovem_exe\e9CHwGlukt106B90E9A\" [OS Error:5]
credJovem.exe: 000031AC: 09:56:51 []:Error deleting folder: "C:\Projetos\Projeto Cred Jovem\Sistema\Win32\Debug\cache\credjovem_exe\EhJpzX7qvw106B90C49\_SEQ\" [OS Error:5]
credJovem.exe: 000031AC: 09:56:51 []:Error deleting folder: "C:\Projetos\Projeto Cred Jovem\Sistema\Win32\Debug\cache\credjovem_exe\EhJpzX7qvw106B90C49\" [OS Error:5]
credJovem.exe: 000031AC: 09:56:51 []:Error deleting folder: "C:\Projetos\Projeto Cred Jovem\Sistema\Win32\Debug\cache\credjovem_exe\EsAEQnXR1y106B90ED0\_SEQ\" [OS Error:5]
credJovem.exe: 000031AC: 09:56:51 []:Error deleting folder: "C:\Projetos\Projeto Cred Jovem\Sistema\Win32\Debug\cache\credjovem_exe\EsAEQnXR1y106B90ED0\" [OS Error:5]
credJovem.exe: 000031AC: 09:56:51 []:Error deleting folder: "C:\Projetos\Projeto Cred Jovem\Sistema\Win32\Debug\cache\credjovem_exe\FHwBO7vtlp106B8FCAF\_SEQ\" [OS Error:5]
credJovem.exe: 000031AC: 09:56:51 []:Error deleting folder: "C:\Projetos\Projeto Cred Jovem\Sistema\Win32\Debug\cache\credjovem_exe\FHwBO7vtlp106B8FCAF\" [OS Error:5]
credJovem.exe: 000031AC: 09:56:51 []:Error deleting folder: "C:\Projetos\Projeto Cred Jovem\Sistema\Win32\Debug\cache\credjovem_exe\fi2AiqFLna106B8F0B8\_SEQ\" [OS Error:5]
credJovem.exe: 000031AC: 09:56:51 []:Error deleting folder: "C:\Projetos\Projeto Cred Jovem\Sistema\Win32\Debug\cache\credjovem_exe\fi2AiqFLna106B8F0B8\" [OS Error:5]
credJovem.exe: 000031AC: 09:56:51 []:Error deleting folder: "C:\Projetos\Projeto Cred Jovem\Sistema\Win32\Debug\cache\credjovem_exe\Fp7U79KiTK106B8E681\_SEQ\" [OS Error:5]
credJovem.exe: 000031AC: 09:56:51 []:Error deleting folder: "C:\Projetos\Projeto Cred Jovem\Sistema\Win32\Debug\cache\credjovem_exe\Fp7U79KiTK106B8E681\" [OS Error:5]
credJovem.exe: 000031AC: 09:56:51 []:Error deleting folder: "C:\Projetos\Projeto Cred Jovem\Sistema\Win32\Debug\cache\credjovem_exe\FUz1KAPc5X106B8E158\_SEQ\" [OS Error:5]
credJovem.exe: 000031AC: 09:56:51 []:Error deleting folder: "C:\Projetos\Projeto Cred Jovem\Sistema\Win32\Debug\cache\credjovem_exe\FUz1KAPc5X106B8E158\" [OS Error:5]
credJovem.exe: 000031AC: 09:56:51 []:Error deleting folder: "C:\Projetos\Projeto Cred Jovem\Sistema\Win32\Debug\cache\credjovem_exe\fV6HVzji8j106BA9284\_SEQ\" [OS Error:5]
credJovem.exe: 000031AC: 09:56:51 []:Error deleting folder: "C:\Projetos\Projeto Cred Jovem\Sistema\Win32\Debug\cache\credjovem_exe\fV6HVzji8j106BA9284\" [OS Error:5]
credJovem.exe: 000031AC: 09:56:51 []:Error deleting folder: "C:\Projetos\Projeto Cred Jovem\Sistema\Win32\Debug\cache\credjovem_exe\fyk5iL4zXO106BA4D6D\_SEQ\" [OS Error:5]
credJovem.exe: 000031AC: 09:56:51 []:Error deleting folder: "C:\Projetos\Projeto Cred Jovem\Sistema\Win32\Debug\cache\credjovem_exe\fyk5iL4zXO106BA4D6D\" [OS Error:5]
credJovem.exe: 000031AC: 09:56:51 []:Error deleting folder: "C:\Projetos\Projeto Cred Jovem\Sistema\Win32\Debug\cache\credjovem_exe\g41yp1SuAK106B8EF42\_SEQ\" [OS Error:5]
credJovem.exe: 000031AC: 09:56:51 []:Error deleting folder: "C:\Projetos\Projeto Cred Jovem\Sistema\Win32\Debug\cache\credjovem_exe\g41yp1SuAK106B8EF42\" [OS Error:5]
credJovem.exe: 000031AC: 09:56:51 []:Error deleting folder: "C:\Projetos\Projeto Cred Jovem\Sistema\Win32\Debug\cache\credjovem_exe\g9SXFbUbc6106BA9339\_SEQ\" [OS Error:5]
credJovem.exe: 000031AC: 09:56:51 []:Error deleting folder: "C:\Projetos\Projeto Cred Jovem\Sistema\Win32\Debug\cache\credjovem_exe\g9SXFbUbc6106BA9339\" [OS Error:5]
credJovem.exe: 000031AC: 09:56:51 []:Error deleting folder: "C:\Projetos\Projeto Cred Jovem\Sistema\Win32\Debug\cache\credjovem_exe\GkWFEmVTeE106B8E9C8\_SEQ\" [OS Error:5]
credJovem.exe: 000031AC: 09:56:51 []:Error deleting folder: "C:\Projetos\Projeto Cred Jovem\Sistema\Win32\Debug\cache\credjovem_exe\GkWFEmVTeE106B8E9C8\" [OS Error:5]
credJovem.exe: 000031AC: 09:56:51 []:Error deleting folder: "C:\Projetos\Projeto Cred Jovem\Sistema\Win32\Debug\cache\credjovem_exe\GLFz6U5OqO106B9061E\_SEQ\" [OS Error:5]
credJovem.exe: 000031AC: 09:56:51 []:Error deleting folder: "C:\Projetos\Projeto Cred Jovem\Sistema\Win32\Debug\cache\credjovem_exe\GLFz6U5OqO106B9061E\" [OS Error:5]
credJovem.exe: 000031AC: 09:56:51 []:Error deleting folder: "C:\Projetos\Projeto Cred Jovem\Sistema\Win32\Debug\cache\credjovem_exe\gMyJgbNyoL106BA95FF\_SEQ\" [OS Error:5]
credJovem.exe: 000031AC: 09:56:51 []:Error deleting folder: "C:\Projetos\Projeto Cred Jovem\Sistema\Win32\Debug\cache\credjovem_exe\gMyJgbNyoL106BA95FF\" [OS Error:5]
credJovem.exe: 000031AC: 09:56:51 []:Error deleting folder: "C:\Projetos\Projeto Cred Jovem\Sistema\Win32\Debug\cache\credjovem_exe\GQ9uum8vlJ106B8DACF\_SEQ\" [OS Error:5]
credJovem.exe: 000031AC: 09:56:51 []:Error deleting folder: "C:\Projetos\Projeto Cred Jovem\Sistema\Win32\Debug\cache\credjovem_exe\GQ9uum8vlJ106B8DACF\" [OS Error:5]
credJovem.exe: 000031AC: 09:56:51 []:Error deleting folder: "C:\Projetos\Projeto Cred Jovem\Sistema\Win32\Debug\cache\credjovem_exe\GZsnnPfn5J106B8E3FD\_SEQ\" [OS Error:5]
credJovem.exe: 000031AC: 09:56:51 []:Error deleting folder: "C:\Projetos\Projeto Cred Jovem\Sistema\Win32\Debug\cache\credjovem_exe\GZsnnPfn5J106B8E3FD\" [OS Error:5]
credJovem.exe: 000031AC: 09:56:51 []:Error deleting folder: "C:\Projetos\Projeto Cred Jovem\Sistema\Win32\Debug\cache\credjovem_exe\h2pR7ALc3E106B908E0\_SEQ\" [OS Error:5]
credJovem.exe: 000031AC: 09:56:51 []:Error deleting folder: "C:\Projetos\Projeto Cred Jovem\Sistema\Win32\Debug\cache\credjovem_exe\h2pR7ALc3E106B908E0\" [OS Error:5]
credJovem.exe: 000031AC: 09:56:51 []:Error deleting folder: "C:\Projetos\Projeto Cred Jovem\Sistema\Win32\Debug\cache\credjovem_exe\HAEdMluFiW106B8DD10\_SEQ\" [OS Error:5]
credJovem.exe: 000031AC: 09:56:51 []:Error deleting folder: "C:\Projetos\Projeto Cred Jovem\Sistema\Win32\Debug\cache\credjovem_exe\HAEdMluFiW106B8DD10\" [OS Error:5]
credJovem.exe: 000031AC: 09:56:51 []:Error deleting folder: "C:\Projetos\Projeto Cred Jovem\Sistema\Win32\Debug\cache\credjovem_exe\hLyoLEcKUB106B90CE5\_SEQ\" [OS Error:5]
credJovem.exe: 000031AC: 09:56:51 []:Error deleting folder: "C:\Projetos\Projeto Cred Jovem\Sistema\Win32\Debug\cache\credjovem_exe\hLyoLEcKUB106B90CE5\" [OS Error:5]
credJovem.exe: 000031AC: 09:56:51 []:Error deleting folder: "C:\Projetos\Projeto Cred Jovem\Sistema\Win32\Debug\cache\credjovem_exe\hmA3qwWR3L106B8DB54\_SEQ\" [OS Error:5]
credJovem.exe: 000031AC: 09:56:51 []:Error deleting folder: "C:\Projetos\Projeto Cred Jovem\Sistema\Win32\Debug\cache\credjovem_exe\hmA3qwWR3L106B8DB54\" [OS Error:5]
credJovem.exe: 000031AC: 09:56:51 []:Error deleting folder: "C:\Projetos\Projeto Cred Jovem\Sistema\Win32\Debug\cache\credjovem_exe\hpjt4Shy5r106BA9CC5\_SEQ\" [OS Error:5]
credJovem.exe: 000031AC: 09:56:51 []:Error deleting folder: "C:\Projetos\Projeto Cred Jovem\Sistema\Win32\Debug\cache\credjovem_exe\hpjt4Shy5r106BA9CC5\" [OS Error:5]
credJovem.exe: 000031AC: 09:56:51 []:Error deleting folder: "C:\Projetos\Projeto Cred Jovem\Sistema\Win32\Debug\cache\credjovem_exe\HVBNg2XVlP106B9055B\_SEQ\" [OS Error:5]
credJovem.exe: 000031AC: 09:56:51 []:Error deleting folder: "C:\Projetos\Projeto Cred Jovem\Sistema\Win32\Debug\cache\credjovem_exe\HVBNg2XVlP106B9055B\" [OS Error:5]
credJovem.exe: 000031AC: 09:56:51 []:Error deleting folder: "C:\Projetos\Projeto Cred Jovem\Sistema\Win32\Debug\cache\credjovem_exe\hYTiBW2ryG106B9001F\_SEQ\" [OS Error:5]
credJovem.exe: 000031AC: 09:56:51 []:Error deleting folder: "C:\Projetos\Projeto Cred Jovem\Sistema\Win32\Debug\cache\credjovem_exe\hYTiBW2ryG106B9001F\" [OS Error:5]
credJovem.exe: 000031AC: 09:56:51 []:Error deleting folder: "C:\Projetos\Projeto Cred Jovem\Sistema\Win32\Debug\cache\credjovem_exe\i4zTmn7QWv106B905C1\_SEQ\" [OS Error:5]
credJovem.exe: 000031AC: 09:56:51 []:Error deleting folder: "C:\Projetos\Projeto Cred Jovem\Sistema\Win32\Debug\cache\credjovem_exe\i4zTmn7QWv106B905C1\" [OS Error:5]
credJovem.exe: 000031AC: 09:56:51 []:Error deleting folder: "C:\Projetos\Projeto Cred Jovem\Sistema\Win32\Debug\cache\credjovem_exe\I79xag9xM5106BAA5BB\_SEQ\" [OS Error:5]
credJovem.exe: 000031AC: 09:56:51 []:Error deleting folder: "C:\Projetos\Projeto Cred Jovem\Sistema\Win32\Debug\cache\credjovem_exe\I79xag9xM5106BAA5BB\" [OS Error:5]
credJovem.exe: 000031AC: 09:56:51 []:Error deleting folder: "C:\Projetos\Projeto Cred Jovem\Sistema\Win32\Debug\cache\credjovem_exe\IorBErFgDY106B8DC34\_SEQ\" [OS Error:5]
credJovem.exe: 000031AC: 09:56:51 []:Error deleting folder: "C:\Projetos\Projeto Cred Jovem\Sistema\Win32\Debug\cache\credjovem_exe\IorBErFgDY106B8DC34\" [OS Error:5]
credJovem.exe: 000031AC: 09:56:51 []:Error deleting folder: "C:\Projetos\Projeto Cred Jovem\Sistema\Win32\Debug\cache\credjovem_exe\j4t4jPpjcJ106B90922\_SEQ\" [OS Error:5]
credJovem.exe: 000031AC: 09:56:51 []:Error deleting folder: "C:\Projetos\Projeto Cred Jovem\Sistema\Win32\Debug\cache\credjovem_exe\j4t4jPpjcJ106B90922\" [OS Error:5]
credJovem.exe: 000031AC: 09:56:51 []:Error deleting folder: "C:\Projetos\Projeto Cred Jovem\Sistema\Win32\Debug\cache\credjovem_exe\JPkF7XfXKC106B8D7FA\_SEQ\" [OS Error:5]
credJovem.exe: 000031AC: 09:56:51 []:Error deleting folder: "C:\Projetos\Projeto Cred Jovem\Sistema\Win32\Debug\cache\credjovem_exe\JPkF7XfXKC106B8D7FA\" [OS Error:5]
credJovem.exe: 000031AC: 09:56:51 []:Error deleting folder: "C:\Projetos\Projeto Cred Jovem\Sistema\Win32\Debug\cache\credjovem_exe\jr1cCbb3zF106BA9A4D\_SEQ\" [OS Error:5]
credJovem.exe: 000031AC: 09:56:51 []:Error deleting folder: "C:\Projetos\Projeto Cred Jovem\Sistema\Win32\Debug\cache\credjovem_exe\jr1cCbb3zF106BA9A4D\" [OS Error:5]
credJovem.exe: 000031AC: 09:56:51 []:Error deleting folder: "C:\Projetos\Projeto Cred Jovem\Sistema\Win32\Debug\cache\credjovem_exe\JwAlc9dq7t106BA4DF6\_SEQ\" [OS Error:5]
credJovem.exe: 000031AC: 09:56:51 []:Error deleting folder: "C:\Projetos\Projeto Cred Jovem\Sistema\Win32\Debug\cache\credjovem_exe\JwAlc9dq7t106BA4DF6\" [OS Error:5]
credJovem.exe: 000031AC: 09:56:51 []:Error deleting folder: "C:\Projetos\Projeto Cred Jovem\Sistema\Win32\Debug\cache\credjovem_exe\JX8ioWrY2T106B8F7E6\_SEQ\" [OS Error:5]
credJovem.exe: 000031AC: 09:56:51 []:Error deleting folder: "C:\Projetos\Projeto Cred Jovem\Sistema\Win32\Debug\cache\credjovem_exe\JX8ioWrY2T106B8F7E6\" [OS Error:5]
credJovem.exe: 000031AC: 09:56:51 []:Error deleting folder: "C:\Projetos\Projeto Cred Jovem\Sistema\Win32\Debug\cache\credjovem_exe\jYjfVFOLFA106B9052F\_SEQ\" [OS Error:5]
credJovem.exe: 000031AC: 09:56:51 []:Error deleting folder: "C:\Projetos\Projeto Cred Jovem\Sistema\Win32\Debug\cache\credjovem_exe\jYjfVFOLFA106B9052F\" [OS Error:5]
credJovem.exe: 000031AC: 09:56:51 []:Error deleting folder: "C:\Projetos\Projeto Cred Jovem\Sistema\Win32\Debug\cache\credjovem_exe\k9KolucyRk106BA9D5C\_SEQ\" [OS Error:5]
credJovem.exe: 000031AC: 09:56:51 []:Error deleting folder: "C:\Projetos\Projeto Cred Jovem\Sistema\Win32\Debug\cache\credjovem_exe\k9KolucyRk106BA9D5C\" [OS Error:5]
credJovem.exe: 000031AC: 09:56:51 []:Error deleting folder: "C:\Projetos\Projeto Cred Jovem\Sistema\Win32\Debug\cache\credjovem_exe\kKw29ZT4IB106B8EBE4\_SEQ\" [OS Error:5]
credJovem.exe: 000031AC: 09:56:51 []:Error deleting folder: "C:\Projetos\Projeto Cred Jovem\Sistema\Win32\Debug\cache\credjovem_exe\kKw29ZT4IB106B8EBE4\" [OS Error:5]
credJovem.exe: 000031AC: 09:56:51 []:Error deleting folder: "C:\Projetos\Projeto Cred Jovem\Sistema\Win32\Debug\cache\credjovem_exe\ku5cKwWEaL106B8E8A7\_SEQ\" [OS Error:5]
credJovem.exe: 000031AC: 09:56:51 []:Error deleting folder: "C:\Projetos\Projeto Cred Jovem\Sistema\Win32\Debug\cache\credjovem_exe\ku5cKwWEaL106B8E8A7\" [OS Error:5]
credJovem.exe: 000031AC: 09:56:51 []:Error deleting folder: "C:\Projetos\Projeto Cred Jovem\Sistema\Win32\Debug\cache\credjovem_exe\L6EYcjuqN3106BA5026\_SEQ\" [OS Error:5]
credJovem.exe: 000031AC: 09:56:51 []:Error deleting folder: "C:\Projetos\Projeto Cred Jovem\Sistema\Win32\Debug\cache\credjovem_exe\L6EYcjuqN3106BA5026\" [OS Error:5]
credJovem.exe: 000031AC: 09:56:51 []:Error deleting folder: "C:\Projetos\Projeto Cred Jovem\Sistema\Win32\Debug\cache\credjovem_exe\l6Fv1ksT8v106B90300\_SEQ\" [OS Error:5]
credJovem.exe: 000031AC: 09:56:51 []:Error deleting folder: "C:\Projetos\Projeto Cred Jovem\Sistema\Win32\Debug\cache\credjovem_exe\l6Fv1ksT8v106B90300\" [OS Error:5]
credJovem.exe: 000031AC: 09:56:51 []:Error deleting folder: "C:\Projetos\Projeto Cred Jovem\Sistema\Win32\Debug\cache\credjovem_exe\LBrzKumrFc106B900D5\_SEQ\" [OS Error:5]
credJovem.exe: 000031AC: 09:56:51 []:Error deleting folder: "C:\Projetos\Projeto Cred Jovem\Sistema\Win32\Debug\cache\credjovem_exe\LBrzKumrFc106B900D5\" [OS Error:5]
credJovem.exe: 000031AC: 09:56:51 []:Error deleting folder: "C:\Projetos\Projeto Cred Jovem\Sistema\Win32\Debug\cache\credjovem_exe\lNNlVKcDJJ106BAA094\_SEQ\" [OS Error:5]
credJovem.exe: 000031AC: 09:56:51 []:Error deleting folder: "C:\Projetos\Projeto Cred Jovem\Sistema\Win32\Debug\cache\credjovem_exe\lNNlVKcDJJ106BAA094\" [OS Error:5]
credJovem.exe: 000031AC: 09:56:51 []:Error deleting folder: "C:\Projetos\Projeto Cred Jovem\Sistema\Win32\Debug\cache\credjovem_exe\loQAW7eZ7S106B8EFF5\_SEQ\" [OS Error:5]
credJovem.exe: 000031AC: 09:56:51 []:Error deleting folder: "C:\Projetos\Projeto Cred Jovem\Sistema\Win32\Debug\cache\credjovem_exe\loQAW7eZ7S106B8EFF5\" [OS Error:5]
credJovem.exe: 000031AC: 09:56:51 []:Error deleting folder: "C:\Projetos\Projeto Cred Jovem\Sistema\Win32\Debug\cache\credjovem_exe\LvP2u1nltQ106B8DDD2\_SEQ\" [OS Error:5]
credJovem.exe: 000031AC: 09:56:51 []:Error deleting folder: "C:\Projetos\Projeto Cred Jovem\Sistema\Win32\Debug\cache\credjovem_exe\LvP2u1nltQ106B8DDD2\" [OS Error:5]
credJovem.exe: 000031AC: 09:56:51 []:Error deleting folder: "C:\Projetos\Projeto Cred Jovem\Sistema\Win32\Debug\cache\credjovem_exe\mcbexjRVNe106B9081A\_SEQ\" [OS Error:5]
credJovem.exe: 000031AC: 09:56:51 []:Error deleting folder: "C:\Projetos\Projeto Cred Jovem\Sistema\Win32\Debug\cache\credjovem_exe\mcbexjRVNe106B9081A\" [OS Error:5]
credJovem.exe: 000031AC: 09:56:51 []:Error deleting folder: "C:\Projetos\Projeto Cred Jovem\Sistema\Win32\Debug\cache\credjovem_exe\MLcnNWpRT8106B8EC2F\_SEQ\" [OS Error:5]
credJovem.exe: 000031AC: 09:56:51 []:Error deleting folder: "C:\Projetos\Projeto Cred Jovem\Sistema\Win32\Debug\cache\credjovem_exe\MLcnNWpRT8106B8EC2F\" [OS Error:5]
credJovem.exe: 000031AC: 09:56:51 []:Error deleting folder: "C:\Projetos\Projeto Cred Jovem\Sistema\Win32\Debug\cache\credjovem_exe\nerH85fyQk106B8FCCC\_SEQ\" [OS Error:5]
credJovem.exe: 000031AC: 09:56:51 []:Error deleting folder: "C:\Projetos\Projeto Cred Jovem\Sistema\Win32\Debug\cache\credjovem_exe\nerH85fyQk106B8FCCC\" [OS Error:5]
credJovem.exe: 000031AC: 09:56:51 []:Error deleting folder: "C:\Projetos\Projeto Cred Jovem\Sistema\Win32\Debug\cache\credjovem_exe\NJUs9ck739106B904CE\_SEQ\" [OS Error:5]
credJovem.exe: 000031AC: 09:56:51 []:Error deleting folder: "C:\Projetos\Projeto Cred Jovem\Sistema\Win32\Debug\cache\credjovem_exe\NJUs9ck739106B904CE\" [OS Error:5]
credJovem.exe: 000031AC: 09:56:51 []:Error deleting folder: "C:\Projetos\Projeto Cred Jovem\Sistema\Win32\Debug\cache\credjovem_exe\NmeBG6zR2J106B901E3\_SEQ\" [OS Error:5]
credJovem.exe: 000031AC: 09:56:51 []:Error deleting folder: "C:\Projetos\Projeto Cred Jovem\Sistema\Win32\Debug\cache\credjovem_exe\NmeBG6zR2J106B901E3\" [OS Error:5]
credJovem.exe: 000031AC: 09:56:51 []:Error deleting folder: "C:\Projetos\Projeto Cred Jovem\Sistema\Win32\Debug\cache\credjovem_exe\oAO3Vx6Yqt106B8E103\_SEQ\" [OS Error:5]
credJovem.exe: 000031AC: 09:56:51 []:Error deleting folder: "C:\Projetos\Projeto Cred Jovem\Sistema\Win32\Debug\cache\credjovem_exe\oAO3Vx6Yqt106B8E103\" [OS Error:5]
credJovem.exe: 000031AC: 09:56:51 []:Error deleting folder: "C:\Projetos\Projeto Cred Jovem\Sistema\Win32\Debug\cache\credjovem_exe\oK3P8XNDjk106B90361\_SEQ\" [OS Error:5]
credJovem.exe: 000031AC: 09:56:51 []:Error deleting folder: "C:\Projetos\Projeto Cred Jovem\Sistema\Win32\Debug\cache\credjovem_exe\oK3P8XNDjk106B90361\" [OS Error:5]
credJovem.exe: 000031AC: 09:56:51 []:Error deleting folder: "C:\Projetos\Projeto Cred Jovem\Sistema\Win32\Debug\cache\credjovem_exe\plZLDTPln4106B8DF62\_SEQ\" [OS Error:5]
credJovem.exe: 000031AC: 09:56:51 []:Error deleting folder: "C:\Projetos\Projeto Cred Jovem\Sistema\Win32\Debug\cache\credjovem_exe\plZLDTPln4106B8DF62\" [OS Error:5]
credJovem.exe: 000031AC: 09:56:51 []:Error deleting folder: "C:\Projetos\Projeto Cred Jovem\Sistema\Win32\Debug\cache\credjovem_exe\pPmhDF3o7m106B8EC91\_SEQ\" [OS Error:5]
credJovem.exe: 000031AC: 09:56:51 []:Error deleting folder: "C:\Projetos\Projeto Cred Jovem\Sistema\Win32\Debug\cache\credjovem_exe\pPmhDF3o7m106B8EC91\" [OS Error:5]
credJovem.exe: 000031AC: 09:56:51 []:Error deleting folder: "C:\Projetos\Projeto Cred Jovem\Sistema\Win32\Debug\cache\credjovem_exe\PVXQJqk7qJ106BA591B\_SEQ\" [OS Error:5]
credJovem.exe: 000031AC: 09:56:51 []:Error deleting folder: "C:\Projetos\Projeto Cred Jovem\Sistema\Win32\Debug\cache\credjovem_exe\PVXQJqk7qJ106BA591B\" [OS Error:5]
credJovem.exe: 000031AC: 09:56:51 []:Error deleting folder: "C:\Projetos\Projeto Cred Jovem\Sistema\Win32\Debug\cache\credjovem_exe\QNkXZhMSbO106B8DD3F\_SEQ\" [OS Error:5]
credJovem.exe: 000031AC: 09:56:51 []:Error deleting folder: "C:\Projetos\Projeto Cred Jovem\Sistema\Win32\Debug\cache\credjovem_exe\QNkXZhMSbO106B8DD3F\" [OS Error:5]
credJovem.exe: 000031AC: 09:56:51 []:Error deleting folder: "C:\Projetos\Projeto Cred Jovem\Sistema\Win32\Debug\cache\credjovem_exe\qQcmt7925y106BA8CB1\_SEQ\" [OS Error:5]
credJovem.exe: 000031AC: 09:56:51 []:Error deleting folder: "C:\Projetos\Projeto Cred Jovem\Sistema\Win32\Debug\cache\credjovem_exe\qQcmt7925y106BA8CB1\" [OS Error:5]
credJovem.exe: 000031AC: 09:56:51 []:Error deleting folder: "C:\Projetos\Projeto Cred Jovem\Sistema\Win32\Debug\cache\credjovem_exe\R5sXqdNOTy106BA8A49\_SEQ\" [OS Error:5]
credJovem.exe: 000031AC: 09:56:51 []:Error deleting folder: "C:\Projetos\Projeto Cred Jovem\Sistema\Win32\Debug\cache\credjovem_exe\R5sXqdNOTy106BA8A49\" [OS Error:5]
credJovem.exe: 000031AC: 09:56:51 []:Error deleting folder: "C:\Projetos\Projeto Cred Jovem\Sistema\Win32\Debug\cache\credjovem_exe\res\" [OS Error:5]
credJovem.exe: 000031AC: 09:56:51 []:Error deleting folder: "C:\Projetos\Projeto Cred Jovem\Sistema\Win32\Debug\cache\credjovem_exe\RJNFIM8m8u106BA9178\_SEQ\" [OS Error:5]
credJovem.exe: 000031AC: 09:56:51 []:Error deleting folder: "C:\Projetos\Projeto Cred Jovem\Sistema\Win32\Debug\cache\credjovem_exe\RJNFIM8m8u106BA9178\" [OS Error:5]
credJovem.exe: 000031AC: 09:56:51 []:Error deleting folder: "C:\Projetos\Projeto Cred Jovem\Sistema\Win32\Debug\cache\credjovem_exe\RqToDfcdiB106B90589\_SEQ\" [OS Error:5]
credJovem.exe: 000031AC: 09:56:51 []:Error deleting folder: "C:\Projetos\Projeto Cred Jovem\Sistema\Win32\Debug\cache\credjovem_exe\RqToDfcdiB106B90589\" [OS Error:5]
credJovem.exe: 000031AC: 09:56:51 []:Error deleting folder: "C:\Projetos\Projeto Cred Jovem\Sistema\Win32\Debug\cache\credjovem_exe\Sf4i3zAQ1C106B8D155\_SEQ\" [OS Error:5]
credJovem.exe: 000031AC: 09:56:51 []:Error deleting folder: "C:\Projetos\Projeto Cred Jovem\Sistema\Win32\Debug\cache\credjovem_exe\Sf4i3zAQ1C106B8D155\" [OS Error:5]
credJovem.exe: 000031AC: 09:56:51 []:Error deleting folder: "C:\Projetos\Projeto Cred Jovem\Sistema\Win32\Debug\cache\credjovem_exe\skEF5yW27x106B8F8E2\_SEQ\" [OS Error:5]
credJovem.exe: 000031AC: 09:56:51 []:Error deleting folder: "C:\Projetos\Projeto Cred Jovem\Sistema\Win32\Debug\cache\credjovem_exe\skEF5yW27x106B8F8E2\" [OS Error:5]
credJovem.exe: 000031AC: 09:56:51 []:Error deleting folder: "C:\Projetos\Projeto Cred Jovem\Sistema\Win32\Debug\cache\credjovem_exe\Sp3XHkX7d8106B90DBA\_SEQ\" [OS Error:5]
credJovem.exe: 000031AC: 09:56:51 []:Error deleting folder: "C:\Projetos\Projeto Cred Jovem\Sistema\Win32\Debug\cache\credjovem_exe\Sp3XHkX7d8106B90DBA\" [OS Error:5]
credJovem.exe: 000031AC: 09:56:51 []:Error deleting folder: "C:\Projetos\Projeto Cred Jovem\Sistema\Win32\Debug\cache\credjovem_exe\sUzfT39XGd106BA8967\" [OS Error:5]
credJovem.exe: 000031AC: 09:56:51 []:Error deleting folder: "C:\Projetos\Projeto Cred Jovem\Sistema\Win32\Debug\cache\credjovem_exe\SYyilUSJPG106B8E504\_SEQ\" [OS Error:5]
credJovem.exe: 000031AC: 09:56:51 []:Error deleting folder: "C:\Projetos\Projeto Cred Jovem\Sistema\Win32\Debug\cache\credjovem_exe\SYyilUSJPG106B8E504\" [OS Error:5]
credJovem.exe: 000031AC: 09:56:51 []:Error deleting folder: "C:\Projetos\Projeto Cred Jovem\Sistema\Win32\Debug\cache\credjovem_exe\t4ULWL6rmN106B92F5A\_SEQ\" [OS Error:5]
credJovem.exe: 000031AC: 09:56:51 []:Error deleting folder: "C:\Projetos\Projeto Cred Jovem\Sistema\Win32\Debug\cache\credjovem_exe\t4ULWL6rmN106B92F5A\" [OS Error:5]
credJovem.exe: 000031AC: 09:56:51 []:Error deleting folder: "C:\Projetos\Projeto Cred Jovem\Sistema\Win32\Debug\cache\credjovem_exe\tgK8jXHXv6106B8E820\_SEQ\" [OS Error:5]
credJovem.exe: 000031AC: 09:56:51 []:Error deleting folder: "C:\Projetos\Projeto Cred Jovem\Sistema\Win32\Debug\cache\credjovem_exe\tgK8jXHXv6106B8E820\" [OS Error:5]
credJovem.exe: 000031AC: 09:56:51 []:Error deleting folder: "C:\Projetos\Projeto Cred Jovem\Sistema\Win32\Debug\cache\credjovem_exe\TPcGpZWG92106B90731\_SEQ\" [OS Error:5]
credJovem.exe: 000031AC: 09:56:51 []:Error deleting folder: "C:\Projetos\Projeto Cred Jovem\Sistema\Win32\Debug\cache\credjovem_exe\TPcGpZWG92106B90731\" [OS Error:5]
credJovem.exe: 000031AC: 09:56:51 []:Error deleting folder: "C:\Projetos\Projeto Cred Jovem\Sistema\Win32\Debug\cache\credjovem_exe\tqxl6k3BH6106B92B5D\_SEQ\" [OS Error:5]
credJovem.exe: 000031AC: 09:56:51 []:Error deleting folder: "C:\Projetos\Projeto Cred Jovem\Sistema\Win32\Debug\cache\credjovem_exe\tqxl6k3BH6106B92B5D\" [OS Error:5]
credJovem.exe: 000031AC: 09:56:51 []:Error deleting folder: "C:\Projetos\Projeto Cred Jovem\Sistema\Win32\Debug\cache\credjovem_exe\Twl6XWkVK6106B8F8A6\_SEQ\" [OS Error:5]
credJovem.exe: 000031AC: 09:56:51 []:Error deleting folder: "C:\Projetos\Projeto Cred Jovem\Sistema\Win32\Debug\cache\credjovem_exe\Twl6XWkVK6106B8F8A6\" [OS Error:5]
credJovem.exe: 000031AC: 09:56:51 []:Error deleting folder: "C:\Projetos\Projeto Cred Jovem\Sistema\Win32\Debug\cache\credjovem_exe\U4zXFbbq5O106B90177\_SEQ\" [OS Error:5]
credJovem.exe: 000031AC: 09:56:51 []:Error deleting folder: "C:\Projetos\Projeto Cred Jovem\Sistema\Win32\Debug\cache\credjovem_exe\U4zXFbbq5O106B90177\" [OS Error:5]
credJovem.exe: 000031AC: 09:56:51 []:Error deleting folder: "C:\Projetos\Projeto Cred Jovem\Sistema\Win32\Debug\cache\credjovem_exe\UEIeVQVtZN106B92B33\_SEQ\" [OS Error:5]
credJovem.exe: 000031AC: 09:56:51 []:Error deleting folder: "C:\Projetos\Projeto Cred Jovem\Sistema\Win32\Debug\cache\credjovem_exe\UEIeVQVtZN106B92B33\" [OS Error:5]
credJovem.exe: 000031AC: 09:56:51 []:Error deleting folder: "C:\Projetos\Projeto Cred Jovem\Sistema\Win32\Debug\cache\credjovem_exe\UpeoalDQ3f106B8DFD0\_SEQ\" [OS Error:5]
credJovem.exe: 000031AC: 09:56:51 []:Error deleting folder: "C:\Projetos\Projeto Cred Jovem\Sistema\Win32\Debug\cache\credjovem_exe\UpeoalDQ3f106B8DFD0\" [OS Error:5]
credJovem.exe: 000031AC: 09:56:51 []:Error deleting folder: "C:\Projetos\Projeto Cred Jovem\Sistema\Win32\Debug\cache\credjovem_exe\Uuap3pfIUC106B9111E\_SEQ\" [OS Error:5]
credJovem.exe: 000031AC: 09:56:51 []:Error deleting folder: "C:\Projetos\Projeto Cred Jovem\Sistema\Win32\Debug\cache\credjovem_exe\Uuap3pfIUC106B9111E\" [OS Error:5]
credJovem.exe: 000031AC: 09:56:51 []:Error deleting folder: "C:\Projetos\Projeto Cred Jovem\Sistema\Win32\Debug\cache\credjovem_exe\UvIqSDwtk3106B90295\_SEQ\" [OS Error:5]
credJovem.exe: 000031AC: 09:56:51 []:Error deleting folder: "C:\Projetos\Projeto Cred Jovem\Sistema\Win32\Debug\cache\credjovem_exe\UvIqSDwtk3106B90295\" [OS Error:5]
credJovem.exe: 000031AC: 09:56:51 []:Error deleting folder: "C:\Projetos\Projeto Cred Jovem\Sistema\Win32\Debug\cache\credjovem_exe\uxtwTQS5lt106BA4DF2\_SEQ\" [OS Error:5]
credJovem.exe: 000031AC: 09:56:51 []:Error deleting folder: "C:\Projetos\Projeto Cred Jovem\Sistema\Win32\Debug\cache\credjovem_exe\uxtwTQS5lt106BA4DF2\" [OS Error:5]
credJovem.exe: 000031AC: 09:56:51 []:Error deleting folder: "C:\Projetos\Projeto Cred Jovem\Sistema\Win32\Debug\cache\credjovem_exe\V8RecRoTeV106BA4D66\_SEQ\" [OS Error:5]
credJovem.exe: 000031AC: 09:56:51 []:Error deleting folder: "C:\Projetos\Projeto Cred Jovem\Sistema\Win32\Debug\cache\credjovem_exe\V8RecRoTeV106BA4D66\" [OS Error:5]
credJovem.exe: 000031AC: 09:56:51 []:Error deleting folder: "C:\Projetos\Projeto Cred Jovem\Sistema\Win32\Debug\cache\credjovem_exe\VEfcPzqlTa106B90643\_SEQ\" [OS Error:5]
credJovem.exe: 000031AC: 09:56:51 []:Error deleting folder: "C:\Projetos\Projeto Cred Jovem\Sistema\Win32\Debug\cache\credjovem_exe\VEfcPzqlTa106B90643\" [OS Error:5]
credJovem.exe: 000031AC: 09:56:51 []:Error deleting folder: "C:\Projetos\Projeto Cred Jovem\Sistema\Win32\Debug\cache\credjovem_exe\vIWvgwkntN106BA8CF6\_SEQ\" [OS Error:5]
credJovem.exe: 000031AC: 09:56:51 []:Error deleting folder: "C:\Projetos\Projeto Cred Jovem\Sistema\Win32\Debug\cache\credjovem_exe\vIWvgwkntN106BA8CF6\" [OS Error:5]
credJovem.exe: 000031AC: 09:56:51 []:Error deleting folder: "C:\Projetos\Projeto Cred Jovem\Sistema\Win32\Debug\cache\credjovem_exe\W37vZUfuUW106B90962\_SEQ\" [OS Error:5]
credJovem.exe: 000031AC: 09:56:51 []:Error deleting folder: "C:\Projetos\Projeto Cred Jovem\Sistema\Win32\Debug\cache\credjovem_exe\W37vZUfuUW106B90962\" [OS Error:5]
credJovem.exe: 000031AC: 09:56:51 []:Error deleting folder: "C:\Projetos\Projeto Cred Jovem\Sistema\Win32\Debug\cache\credjovem_exe\wLaPFuBiMM106BA8823\_SEQ\" [OS Error:5]
credJovem.exe: 000031AC: 09:56:51 []:Error deleting folder: "C:\Projetos\Projeto Cred Jovem\Sistema\Win32\Debug\cache\credjovem_exe\wLaPFuBiMM106BA8823\" [OS Error:5]
credJovem.exe: 000031AC: 09:56:51 []:Error deleting folder: "C:\Projetos\Projeto Cred Jovem\Sistema\Win32\Debug\cache\credjovem_exe\wS5Vn7t114106B90293\_SEQ\" [OS Error:5]
credJovem.exe: 000031AC: 09:56:51 []:Error deleting folder: "C:\Projetos\Projeto Cred Jovem\Sistema\Win32\Debug\cache\credjovem_exe\wS5Vn7t114106B90293\" [OS Error:5]
credJovem.exe: 000031AC: 09:56:51 []:Error deleting folder: "C:\Projetos\Projeto Cred Jovem\Sistema\Win32\Debug\cache\credjovem_exe\WssquFszvT106BA9551\_SEQ\" [OS Error:5]
credJovem.exe: 000031AC: 09:56:51 []:Error deleting folder: "C:\Projetos\Projeto Cred Jovem\Sistema\Win32\Debug\cache\credjovem_exe\WssquFszvT106BA9551\" [OS Error:5]
credJovem.exe: 000031AC: 09:56:51 []:Error deleting folder: "C:\Projetos\Projeto Cred Jovem\Sistema\Win32\Debug\cache\credjovem_exe\wYgnmTXQ43106BA8879\_SEQ\" [OS Error:5]
credJovem.exe: 000031AC: 09:56:51 []:Error deleting folder: "C:\Projetos\Projeto Cred Jovem\Sistema\Win32\Debug\cache\credjovem_exe\wYgnmTXQ43106BA8879\" [OS Error:5]
credJovem.exe: 000031AC: 09:56:51 []:Error deleting folder: "C:\Projetos\Projeto Cred Jovem\Sistema\Win32\Debug\cache\credjovem_exe\WZufnN95Cz106B8DEF9\_SEQ\" [OS Error:5]
credJovem.exe: 000031AC: 09:56:51 []:Error deleting folder: "C:\Projetos\Projeto Cred Jovem\Sistema\Win32\Debug\cache\credjovem_exe\WZufnN95Cz106B8DEF9\" [OS Error:5]
credJovem.exe: 000031AC: 09:56:51 []:Error deleting folder: "C:\Projetos\Projeto Cred Jovem\Sistema\Win32\Debug\cache\credjovem_exe\X6LrYrEfGj106BA97BC\_SEQ\" [OS Error:5]
credJovem.exe: 000031AC: 09:56:51 []:Error deleting folder: "C:\Projetos\Projeto Cred Jovem\Sistema\Win32\Debug\cache\credjovem_exe\X6LrYrEfGj106BA97BC\" [OS Error:5]
credJovem.exe: 000031AC: 09:56:51 []:Error deleting folder: "C:\Projetos\Projeto Cred Jovem\Sistema\Win32\Debug\cache\credjovem_exe\XF1EPHme7c106B8F16B\_SEQ\" [OS Error:5]
credJovem.exe: 000031AC: 09:56:51 []:Error deleting folder: "C:\Projetos\Projeto Cred Jovem\Sistema\Win32\Debug\cache\credjovem_exe\XF1EPHme7c106B8F16B\" [OS Error:5]
credJovem.exe: 000031AC: 09:56:51 []:Error deleting folder: "C:\Projetos\Projeto Cred Jovem\Sistema\Win32\Debug\cache\credjovem_exe\XfxIws1UdY106B90119\_SEQ\" [OS Error:5]
credJovem.exe: 000031AC: 09:56:51 []:Error deleting folder: "C:\Projetos\Projeto Cred Jovem\Sistema\Win32\Debug\cache\credjovem_exe\XfxIws1UdY106B90119\" [OS Error:5]
credJovem.exe: 000031AC: 09:56:51 []:Error deleting folder: "C:\Projetos\Projeto Cred Jovem\Sistema\Win32\Debug\cache\credjovem_exe\xLqTcATrx7106C0679A\_SEQ\" [OS Error:5]
credJovem.exe: 000031AC: 09:56:51 []:Error deleting folder: "C:\Projetos\Projeto Cred Jovem\Sistema\Win32\Debug\cache\credjovem_exe\xLqTcATrx7106C0679A\" [OS Error:5]
credJovem.exe: 000031AC: 09:56:51 []:Error deleting folder: "C:\Projetos\Projeto Cred Jovem\Sistema\Win32\Debug\cache\credjovem_exe\Xp8g1Mi1Dw106B91A41\_SEQ\" [OS Error:5]
credJovem.exe: 000031AC: 09:56:51 []:Error deleting folder: "C:\Projetos\Projeto Cred Jovem\Sistema\Win32\Debug\cache\credjovem_exe\Xp8g1Mi1Dw106B91A41\" [OS Error:5]
credJovem.exe: 000031AC: 09:56:51 []:Error deleting folder: "C:\Projetos\Projeto Cred Jovem\Sistema\Win32\Debug\cache\credjovem_exe\XVr8KzLq6t106B8FF58\_SEQ\" [OS Error:5]
credJovem.exe: 000031AC: 09:56:51 []:Error deleting folder: "C:\Projetos\Projeto Cred Jovem\Sistema\Win32\Debug\cache\credjovem_exe\XVr8KzLq6t106B8FF58\" [OS Error:5]
credJovem.exe: 000031AC: 09:56:51 []:Error deleting folder: "C:\Projetos\Projeto Cred Jovem\Sistema\Win32\Debug\cache\credjovem_exe\xy2nzeBsi9106BA4C56\_SEQ\" [OS Error:5]
credJovem.exe: 000031AC: 09:56:51 []:Error deleting folder: "C:\Projetos\Projeto Cred Jovem\Sistema\Win32\Debug\cache\credjovem_exe\xy2nzeBsi9106BA4C56\" [OS Error:5]
credJovem.exe: 000031AC: 09:56:51 []:Error deleting folder: "C:\Projetos\Projeto Cred Jovem\Sistema\Win32\Debug\cache\credjovem_exe\YLT35pdZNR106BA91ED\_SEQ\" [OS Error:5]
credJovem.exe: 000031AC: 09:56:51 []:Error deleting folder: "C:\Projetos\Projeto Cred Jovem\Sistema\Win32\Debug\cache\credjovem_exe\YLT35pdZNR106BA91ED\" [OS Error:5]
credJovem.exe: 000031AC: 09:56:51 []:Error deleting folder: "C:\Projetos\Projeto Cred Jovem\Sistema\Win32\Debug\cache\credjovem_exe\yM3HNV9LrS106B8E4C4\_SEQ\" [OS Error:5]
credJovem.exe: 000031AC: 09:56:51 []:Error deleting folder: "C:\Projetos\Projeto Cred Jovem\Sistema\Win32\Debug\cache\credjovem_exe\yM3HNV9LrS106B8E4C4\" [OS Error:5]
credJovem.exe: 000031AC: 09:56:51 []:Error deleting folder: "C:\Projetos\Projeto Cred Jovem\Sistema\Win32\Debug\cache\credjovem_exe\z5HTOn1zeo106B8D9ED\_SEQ\" [OS Error:5]
credJovem.exe: 000031AC: 09:56:51 []:Error deleting folder: "C:\Projetos\Projeto Cred Jovem\Sistema\Win32\Debug\cache\credjovem_exe\z5HTOn1zeo106B8D9ED\" [OS Error:5]
credJovem.exe: 000031AC: 09:56:51 []:Error deleting folder: "C:\Projetos\Projeto Cred Jovem\Sistema\Win32\Debug\cache\credjovem_exe\Z8s4JuovEs106BA511F\_SEQ\" [OS Error:5]
credJovem.exe: 000031AC: 09:56:51 []:Error deleting folder: "C:\Projetos\Projeto Cred Jovem\Sistema\Win32\Debug\cache\credjovem_exe\Z8s4JuovEs106BA511F\" [OS Error:5]
credJovem.exe: 000031AC: 09:56:51 []:Error deleting folder: "C:\Projetos\Projeto Cred Jovem\Sistema\Win32\Debug\cache\credjovem_exe\zeCqmn9kP9106BA999D\_SEQ\" [OS Error:5]
credJovem.exe: 000031AC: 09:56:51 []:Error deleting folder: "C:\Projetos\Projeto Cred Jovem\Sistema\Win32\Debug\cache\credjovem_exe\zeCqmn9kP9106BA999D\" [OS Error:5]
credJovem.exe: 000031AC: 09:56:51 []:Error deleting folder: "C:\Projetos\Projeto Cred Jovem\Sistema\Win32\Debug\cache\credjovem_exe\Znq7i4eVR9106B90898\_SEQ\" [OS Error:5]
credJovem.exe: 000031AC: 09:56:51 []:Error deleting folder: "C:\Projetos\Projeto Cred Jovem\Sistema\Win32\Debug\cache\credjovem_exe\Znq7i4eVR9106B90898\" [OS Error:5]
credJovem.exe: 000031AC: 09:56:51 []:Error deleting folder: "C:\Projetos\Projeto Cred Jovem\Sistema\Win32\Debug\cache\credjovem_exe\ZpZZxWrhYZ106B904A6\_SEQ\" [OS Error:5]
credJovem.exe: 000031AC: 09:56:51 []:Error deleting folder: "C:\Projetos\Projeto Cred Jovem\Sistema\Win32\Debug\cache\credjovem_exe\ZpZZxWrhYZ106B904A6\" [OS Error:5]
credJovem.exe: 000031AC: 09:56:51 []:Error deleting folder: "C:\Projetos\Projeto Cred Jovem\Sistema\Win32\Debug\cache\credjovem_exe\ZU8am78hFE106B90472\_SEQ\" [OS Error:5]
credJovem.exe: 000031AC: 09:56:51 []:Error deleting folder: "C:\Projetos\Projeto Cred Jovem\Sistema\Win32\Debug\cache\credjovem_exe\ZU8am78hFE106B90472\" [OS Error:5]
credJovem.exe: 000031AC: 09:56:51 []:Error deleting folder: "C:\Projetos\Projeto Cred Jovem\Sistema\Win32\Debug\cache\credjovem_exe\zz5VTIo5xH106BAAE3D\_SEQ\" [OS Error:5]
credJovem.exe: 000031AC: 09:56:51 []:Error deleting folder: "C:\Projetos\Projeto Cred Jovem\Sistema\Win32\Debug\cache\credjovem_exe\zz5VTIo5xH106BAAE3D\" [OS Error:5]
credJovem.exe: 000031AC: 09:56:51 [TUniServerModule]:Server Shutdown Completed.
credJovem.exe: 000031AC: 09:56:51 []:<-------------------------------------------------------------->
credJovem.exe: 000031AC: 09:56:51 [Terminated]:Exit Code: 0
